
*** Running vivado
    with args -log image_filter_acc_image_filter_0_2.vds -m64 -product Vivado -mode batch -messageDb vivado.pb -notrace -source image_filter_acc_image_filter_0_2.tcl


****** Vivado v2025.1 (64-bit)
  **** SW Build 6140274 on Wed May 21 22:58:25 MDT 2025
  **** IP Build 6138677 on Thu May 22 03:10:11 MDT 2025
  **** SharedData Build 6139179 on Tue May 20 17:58:58 MDT 2025
  **** Start of session at: Sun Mar  8 00:05:26 2026
    ** Copyright 1986-2022 Xilinx, Inc. All Rights Reserved.
    ** Copyright 2022-2025 Advanced Micro Devices, Inc. All Rights Reserved.

source image_filter_acc_image_filter_0_2.tcl -notrace
INFO: [IP_Flow 19-234] Refreshing IP repositories
INFO: [IP_Flow 19-1704] No user IP repositories specified
INFO: [IP_Flow 19-2313] Loaded Vivado IP repository '/opt/Xilinx/2025.1/Vivado/data/ip'.
Command: synth_design -top image_filter_acc_image_filter_0_2 -part xc7z020clg400-1 -incremental_mode off -mode out_of_context
Starting synth_design
Attempting to get a license for feature 'Synthesis' and/or device 'xc7z020'
INFO: [Common 17-349] Got license for feature 'Synthesis' and/or device 'xc7z020'
INFO: [Device 21-403] Loading part xc7z020clg400-1
INFO: [Synth 8-7079] Multithreading enabled for synth_design using a maximum of 7 processes.
INFO: [Synth 8-7078] Launching helper process for spawning children vivado processes
INFO: [Synth 8-7075] Helper process launched with PID 989311
---------------------------------------------------------------------------------
Starting RTL Elaboration : Time (s): cpu = 00:00:03 ; elapsed = 00:00:03 . Memory (MB): peak = 2127.145 ; gain = 441.711 ; free physical = 156 ; free virtual = 2558
---------------------------------------------------------------------------------
INFO: [Synth 8-638] synthesizing module 'image_filter_acc_image_filter_0_2' [/home/kowalski/Desktop/ETF/CETVRTA-GODINA/DVS/dvs25_projekat_g6/dvs25_projekat_g6.gen/sources_1/bd/image_filter/ip/image_filter_acc_image_filter_0_2/synth/image_filter_acc_image_filter_0_2.vhd:90]
	Parameter C_S_AXI_DATA_WIDTH bound to: 32 - type: integer 
	Parameter C_S_AXI_ADDR_WIDTH bound to: 10 - type: integer 
	Parameter MAX_FILTER_RADIUS bound to: 4 - type: integer 
	Parameter MAX_IMG_WIDTH bound to: 512 - type: integer 
INFO: [Synth 8-3491] module 'acc_image_filter' declared at '/home/kowalski/Desktop/ETF/CETVRTA-GODINA/DVS/dvs25_projekat_g6/dvs25_projekat_g6.srcs/sources_1/new/acc_image_filter.vhd:12' bound to instance 'U0' of component 'acc_image_filter' [/home/kowalski/Desktop/ETF/CETVRTA-GODINA/DVS/dvs25_projekat_g6/dvs25_projekat_g6.gen/sources_1/bd/image_filter/ip/image_filter_acc_image_filter_0_2/synth/image_filter_acc_image_filter_0_2.vhd:184]
INFO: [Synth 8-638] synthesizing module 'acc_image_filter' [/home/kowalski/Desktop/ETF/CETVRTA-GODINA/DVS/dvs25_projekat_g6/dvs25_projekat_g6.srcs/sources_1/new/acc_image_filter.vhd:61]
INFO: [Synth 8-638] synthesizing module 'bram_linebuf' [/home/kowalski/Desktop/ETF/CETVRTA-GODINA/DVS/dvs25_projekat_g6/dvs25_projekat_g6.srcs/sources_1/new/bram.vhd:23]
INFO: [Synth 8-256] done synthesizing module 'bram_linebuf' (0#1) [/home/kowalski/Desktop/ETF/CETVRTA-GODINA/DVS/dvs25_projekat_g6/dvs25_projekat_g6.srcs/sources_1/new/bram.vhd:23]
INFO: [Synth 8-638] synthesizing module 'filter_alu' [/home/kowalski/Desktop/ETF/CETVRTA-GODINA/DVS/dvs25_projekat_g6/dvs25_projekat_g6.srcs/sources_1/new/filter_alu.vhd:128]
INFO: [Synth 8-256] done synthesizing module 'filter_alu' (0#1) [/home/kowalski/Desktop/ETF/CETVRTA-GODINA/DVS/dvs25_projekat_g6/dvs25_projekat_g6.srcs/sources_1/new/filter_alu.vhd:128]
INFO: [Synth 8-256] done synthesizing module 'acc_image_filter' (0#1) [/home/kowalski/Desktop/ETF/CETVRTA-GODINA/DVS/dvs25_projekat_g6/dvs25_projekat_g6.srcs/sources_1/new/acc_image_filter.vhd:61]
INFO: [Synth 8-256] done synthesizing module 'image_filter_acc_image_filter_0_2' (0#1) [/home/kowalski/Desktop/ETF/CETVRTA-GODINA/DVS/dvs25_projekat_g6/dvs25_projekat_g6.gen/sources_1/bd/image_filter/ip/image_filter_acc_image_filter_0_2/synth/image_filter_acc_image_filter_0_2.vhd:90]
WARNING: [Synth 8-6014] Unused sequential element s0_last_reg was removed.  [/home/kowalski/Desktop/ETF/CETVRTA-GODINA/DVS/dvs25_projekat_g6/dvs25_projekat_g6.srcs/sources_1/new/acc_image_filter.vhd:524]
WARNING: [Synth 8-6014] Unused sequential element bram_wr_en_reg was removed.  [/home/kowalski/Desktop/ETF/CETVRTA-GODINA/DVS/dvs25_projekat_g6/dvs25_projekat_g6.srcs/sources_1/new/acc_image_filter.vhd:546]
WARNING: [Synth 8-7129] Port s_axi_ctrl_awprot[2] in module acc_image_filter is either unconnected or has no load
WARNING: [Synth 8-7129] Port s_axi_ctrl_awprot[1] in module acc_image_filter is either unconnected or has no load
WARNING: [Synth 8-7129] Port s_axi_ctrl_awprot[0] in module acc_image_filter is either unconnected or has no load
WARNING: [Synth 8-7129] Port s_axi_ctrl_wdata[31] in module acc_image_filter is either unconnected or has no load
WARNING: [Synth 8-7129] Port s_axi_ctrl_wdata[30] in module acc_image_filter is either unconnected or has no load
WARNING: [Synth 8-7129] Port s_axi_ctrl_wdata[29] in module acc_image_filter is either unconnected or has no load
WARNING: [Synth 8-7129] Port s_axi_ctrl_wdata[28] in module acc_image_filter is either unconnected or has no load
WARNING: [Synth 8-7129] Port s_axi_ctrl_wdata[27] in module acc_image_filter is either unconnected or has no load
WARNING: [Synth 8-7129] Port s_axi_ctrl_wdata[26] in module acc_image_filter is either unconnected or has no load
WARNING: [Synth 8-7129] Port s_axi_ctrl_wdata[25] in module acc_image_filter is either unconnected or has no load
WARNING: [Synth 8-7129] Port s_axi_ctrl_wdata[24] in module acc_image_filter is either unconnected or has no load
WARNING: [Synth 8-7129] Port s_axi_ctrl_wdata[23] in module acc_image_filter is either unconnected or has no load
WARNING: [Synth 8-7129] Port s_axi_ctrl_wdata[22] in module acc_image_filter is either unconnected or has no load
WARNING: [Synth 8-7129] Port s_axi_ctrl_wdata[21] in module acc_image_filter is either unconnected or has no load
WARNING: [Synth 8-7129] Port s_axi_ctrl_wdata[20] in module acc_image_filter is either unconnected or has no load
WARNING: [Synth 8-7129] Port s_axi_ctrl_wdata[19] in module acc_image_filter is either unconnected or has no load
WARNING: [Synth 8-7129] Port s_axi_ctrl_wdata[18] in module acc_image_filter is either unconnected or has no load
WARNING: [Synth 8-7129] Port s_axi_ctrl_wdata[17] in module acc_image_filter is either unconnected or has no load
WARNING: [Synth 8-7129] Port s_axi_ctrl_wdata[16] in module acc_image_filter is either unconnected or has no load
WARNING: [Synth 8-7129] Port s_axi_ctrl_wstrb[3] in module acc_image_filter is either unconnected or has no load
WARNING: [Synth 8-7129] Port s_axi_ctrl_wstrb[2] in module acc_image_filter is either unconnected or has no load
WARNING: [Synth 8-7129] Port s_axi_ctrl_arprot[2] in module acc_image_filter is either unconnected or has no load
WARNING: [Synth 8-7129] Port s_axi_ctrl_arprot[1] in module acc_image_filter is either unconnected or has no load
WARNING: [Synth 8-7129] Port s_axi_ctrl_arprot[0] in module acc_image_filter is either unconnected or has no load
---------------------------------------------------------------------------------
Finished RTL Elaboration : Time (s): cpu = 00:00:05 ; elapsed = 00:00:06 . Memory (MB): peak = 2359.113 ; gain = 673.680 ; free physical = 169 ; free virtual = 2297
---------------------------------------------------------------------------------
---------------------------------------------------------------------------------
Start Handling Custom Attributes
---------------------------------------------------------------------------------
---------------------------------------------------------------------------------
Finished Handling Custom Attributes : Time (s): cpu = 00:00:05 ; elapsed = 00:00:06 . Memory (MB): peak = 2359.113 ; gain = 673.680 ; free physical = 169 ; free virtual = 2297
---------------------------------------------------------------------------------
---------------------------------------------------------------------------------
Finished RTL Optimization Phase 1 : Time (s): cpu = 00:00:05 ; elapsed = 00:00:06 . Memory (MB): peak = 2359.113 ; gain = 673.680 ; free physical = 169 ; free virtual = 2297
---------------------------------------------------------------------------------
Netlist sorting complete. Time (s): cpu = 00:00:00.09 ; elapsed = 00:00:00.09 . Memory (MB): peak = 2359.113 ; gain = 0.000 ; free physical = 175 ; free virtual = 2281
INFO: [Project 1-570] Preparing netlist for logic optimization

Processing XDC Constraints
Initializing timing engine
Completed Processing XDC Constraints

Netlist sorting complete. Time (s): cpu = 00:00:00 ; elapsed = 00:00:00 . Memory (MB): peak = 2453.578 ; gain = 0.000 ; free physical = 234 ; free virtual = 2318
INFO: [Project 1-111] Unisim Transformation Summary:
No Unisim elements were transformed.

Constraint Validation Runtime : Time (s): cpu = 00:00:00.13 ; elapsed = 00:00:00.05 . Memory (MB): peak = 2453.613 ; gain = 0.000 ; free physical = 233 ; free virtual = 2317
INFO: [Designutils 20-5008] Incremental synthesis strategy off
---------------------------------------------------------------------------------
Finished Constraint Validation : Time (s): cpu = 00:00:11 ; elapsed = 00:00:11 . Memory (MB): peak = 2453.613 ; gain = 768.180 ; free physical = 236 ; free virtual = 2287
---------------------------------------------------------------------------------
---------------------------------------------------------------------------------
Start Loading Part and Timing Information
---------------------------------------------------------------------------------
Loading part: xc7z020clg400-1
---------------------------------------------------------------------------------
Finished Loading Part and Timing Information : Time (s): cpu = 00:00:11 ; elapsed = 00:00:11 . Memory (MB): peak = 2461.582 ; gain = 776.148 ; free physical = 236 ; free virtual = 2287
---------------------------------------------------------------------------------
---------------------------------------------------------------------------------
Start Applying 'set_property' XDC Constraints
---------------------------------------------------------------------------------
---------------------------------------------------------------------------------
Finished applying 'set_property' XDC Constraints : Time (s): cpu = 00:00:11 ; elapsed = 00:00:11 . Memory (MB): peak = 2461.582 ; gain = 776.148 ; free physical = 236 ; free virtual = 2287
---------------------------------------------------------------------------------
INFO: [Synth 8-802] inferred FSM for state register 'fsm_wr_reg' in module 'acc_image_filter'
---------------------------------------------------------------------------------------------------
                   State |                     New Encoding |                Previous Encoding 
---------------------------------------------------------------------------------------------------
                 iSTATE0 |                               00 |                               00
                  iSTATE |                               01 |                               01
                 iSTATE1 |                               10 |                               10
*
---------------------------------------------------------------------------------------------------
INFO: [Synth 8-3354] encoded FSM with state register 'fsm_wr_reg' using encoding 'sequential' in module 'acc_image_filter'
---------------------------------------------------------------------------------
Finished RTL Optimization Phase 2 : Time (s): cpu = 00:00:13 ; elapsed = 00:00:14 . Memory (MB): peak = 2461.582 ; gain = 776.148 ; free physical = 163 ; free virtual = 1976
---------------------------------------------------------------------------------
---------------------------------------------------------------------------------
Start RTL Component Statistics 
---------------------------------------------------------------------------------
Detailed RTL Component Info : 
+---Adders : 
	   2 Input   24 Bit       Adders := 1     
	   9 Input   20 Bit       Adders := 9     
	   2 Input    9 Bit       Adders := 4     
	   3 Input    9 Bit       Adders := 2     
	   2 Input    4 Bit       Adders := 2     
+---Registers : 
	             1296 Bit    Registers := 1     
	               64 Bit    Registers := 1     
	               32 Bit    Registers := 1     
	               24 Bit    Registers := 1     
	               20 Bit    Registers := 9     
	               16 Bit    Registers := 174   
	               13 Bit    Registers := 3     
	               10 Bit    Registers := 2     
	                9 Bit    Registers := 3     
	                8 Bit    Registers := 86    
	                4 Bit    Registers := 1     
	                1 Bit    Registers := 30    
+---RAMs : 
	              32K Bit	(512 X 64 bit)          RAMs := 1     
+---Muxes : 
	   2 Input   32 Bit        Muxes := 2     
	   2 Input   16 Bit        Muxes := 95    
	   2 Input    9 Bit        Muxes := 85    
	   2 Input    8 Bit        Muxes := 180   
	   2 Input    4 Bit        Muxes := 2     
	   3 Input    2 Bit        Muxes := 1     
	   2 Input    2 Bit        Muxes := 2     
	   2 Input    1 Bit        Muxes := 52    
	   3 Input    1 Bit        Muxes := 5     
	   4 Input    1 Bit        Muxes := 1     
---------------------------------------------------------------------------------
Finished RTL Component Statistics 
---------------------------------------------------------------------------------
---------------------------------------------------------------------------------
Start Part Resource Summary
---------------------------------------------------------------------------------
Part Resources:
DSPs: 220 (col length:60)
BRAMs: 280 (col length: RAMB18 60 RAMB36 30)
---------------------------------------------------------------------------------
Finished Part Resource Summary
---------------------------------------------------------------------------------
---------------------------------------------------------------------------------
Start Cross Boundary and Area Optimization
---------------------------------------------------------------------------------
WARNING: [Synth 8-7080] Parallel synthesis criteria is not met
DSP Report: Generating DSP products_reg_reg[0,1], operation Mode is: (A*B)'.
DSP Report: register products_reg_reg[0,1] is absorbed into DSP products_reg_reg[0,1].
DSP Report: operator products_reg_reg[0,1]0 is absorbed into DSP products_reg_reg[0,1].
DSP Report: Generating DSP products_reg_reg[0,2], operation Mode is: (A*B)'.
DSP Report: register products_reg_reg[0,2] is absorbed into DSP products_reg_reg[0,2].
DSP Report: operator products_reg_reg[0,2]0 is absorbed into DSP products_reg_reg[0,2].
DSP Report: Generating DSP products_reg_reg[0,3], operation Mode is: (A*B)'.
DSP Report: register products_reg_reg[0,3] is absorbed into DSP products_reg_reg[0,3].
DSP Report: operator products_reg_reg[0,3]0 is absorbed into DSP products_reg_reg[0,3].
DSP Report: Generating DSP products_reg_reg[0,4], operation Mode is: (A*B)'.
DSP Report: register products_reg_reg[0,4] is absorbed into DSP products_reg_reg[0,4].
DSP Report: operator products_reg_reg[0,4]0 is absorbed into DSP products_reg_reg[0,4].
DSP Report: Generating DSP products_reg_reg[0,5], operation Mode is: (A*B)'.
DSP Report: register products_reg_reg[0,5] is absorbed into DSP products_reg_reg[0,5].
DSP Report: operator products_reg_reg[0,5]0 is absorbed into DSP products_reg_reg[0,5].
DSP Report: Generating DSP products_reg_reg[0,6], operation Mode is: (A*B)'.
DSP Report: register products_reg_reg[0,6] is absorbed into DSP products_reg_reg[0,6].
DSP Report: operator products_reg_reg[0,6]0 is absorbed into DSP products_reg_reg[0,6].
DSP Report: Generating DSP products_reg_reg[0,7], operation Mode is: (A*B)'.
DSP Report: register products_reg_reg[0,7] is absorbed into DSP products_reg_reg[0,7].
DSP Report: operator products_reg_reg[0,7]0 is absorbed into DSP products_reg_reg[0,7].
DSP Report: Generating DSP products_reg_reg[0,8], operation Mode is: (A*B)'.
DSP Report: register products_reg_reg[0,8] is absorbed into DSP products_reg_reg[0,8].
DSP Report: operator products_reg_reg[0,8]0 is absorbed into DSP products_reg_reg[0,8].
DSP Report: Generating DSP products_reg_reg[0,0], operation Mode is: (A*B)'.
DSP Report: register products_reg_reg[0,0] is absorbed into DSP products_reg_reg[0,0].
DSP Report: operator products_reg_reg[0,0]0 is absorbed into DSP products_reg_reg[0,0].
DSP Report: Generating DSP products_reg_reg[1,1], operation Mode is: (A*B)'.
DSP Report: register products_reg_reg[1,1] is absorbed into DSP products_reg_reg[1,1].
DSP Report: operator products_reg_reg[1,1]0 is absorbed into DSP products_reg_reg[1,1].
DSP Report: Generating DSP products_reg_reg[1,2], operation Mode is: (A*B)'.
DSP Report: register products_reg_reg[1,2] is absorbed into DSP products_reg_reg[1,2].
DSP Report: operator products_reg_reg[1,2]0 is absorbed into DSP products_reg_reg[1,2].
DSP Report: Generating DSP products_reg_reg[1,3], operation Mode is: (A*B)'.
DSP Report: register products_reg_reg[1,3] is absorbed into DSP products_reg_reg[1,3].
DSP Report: operator products_reg_reg[1,3]0 is absorbed into DSP products_reg_reg[1,3].
DSP Report: Generating DSP products_reg_reg[1,4], operation Mode is: (A*B)'.
DSP Report: register products_reg_reg[1,4] is absorbed into DSP products_reg_reg[1,4].
DSP Report: operator products_reg_reg[1,4]0 is absorbed into DSP products_reg_reg[1,4].
DSP Report: Generating DSP products_reg_reg[1,5], operation Mode is: (A*B)'.
DSP Report: register products_reg_reg[1,5] is absorbed into DSP products_reg_reg[1,5].
DSP Report: operator products_reg_reg[1,5]0 is absorbed into DSP products_reg_reg[1,5].
DSP Report: Generating DSP products_reg_reg[1,6], operation Mode is: (A*B)'.
DSP Report: register products_reg_reg[1,6] is absorbed into DSP products_reg_reg[1,6].
DSP Report: operator products_reg_reg[1,6]0 is absorbed into DSP products_reg_reg[1,6].
DSP Report: Generating DSP products_reg_reg[1,7], operation Mode is: (A*B)'.
DSP Report: register products_reg_reg[1,7] is absorbed into DSP products_reg_reg[1,7].
DSP Report: operator products_reg_reg[1,7]0 is absorbed into DSP products_reg_reg[1,7].
DSP Report: Generating DSP products_reg_reg[1,8], operation Mode is: (A*B)'.
DSP Report: register products_reg_reg[1,8] is absorbed into DSP products_reg_reg[1,8].
DSP Report: operator products_reg_reg[1,8]0 is absorbed into DSP products_reg_reg[1,8].
DSP Report: Generating DSP products_reg_reg[1,0], operation Mode is: (A*B)'.
DSP Report: register products_reg_reg[1,0] is absorbed into DSP products_reg_reg[1,0].
DSP Report: operator products_reg_reg[1,0]0 is absorbed into DSP products_reg_reg[1,0].
DSP Report: Generating DSP products_reg_reg[2,1], operation Mode is: (A*B)'.
DSP Report: register products_reg_reg[2,1] is absorbed into DSP products_reg_reg[2,1].
DSP Report: operator products_reg_reg[2,1]0 is absorbed into DSP products_reg_reg[2,1].
DSP Report: Generating DSP products_reg_reg[2,2], operation Mode is: (A*B)'.
DSP Report: register products_reg_reg[2,2] is absorbed into DSP products_reg_reg[2,2].
DSP Report: operator products_reg_reg[2,2]0 is absorbed into DSP products_reg_reg[2,2].
DSP Report: Generating DSP products_reg_reg[2,3], operation Mode is: (A*B)'.
DSP Report: register products_reg_reg[2,3] is absorbed into DSP products_reg_reg[2,3].
DSP Report: operator products_reg_reg[2,3]0 is absorbed into DSP products_reg_reg[2,3].
DSP Report: Generating DSP products_reg_reg[2,4], operation Mode is: (A*B)'.
DSP Report: register products_reg_reg[2,4] is absorbed into DSP products_reg_reg[2,4].
DSP Report: operator products_reg_reg[2,4]0 is absorbed into DSP products_reg_reg[2,4].
DSP Report: Generating DSP products_reg_reg[2,5], operation Mode is: (A*B)'.
DSP Report: register products_reg_reg[2,5] is absorbed into DSP products_reg_reg[2,5].
DSP Report: operator products_reg_reg[2,5]0 is absorbed into DSP products_reg_reg[2,5].
DSP Report: Generating DSP products_reg_reg[2,6], operation Mode is: (A*B)'.
DSP Report: register products_reg_reg[2,6] is absorbed into DSP products_reg_reg[2,6].
DSP Report: operator products_reg_reg[2,6]0 is absorbed into DSP products_reg_reg[2,6].
DSP Report: Generating DSP products_reg_reg[2,7], operation Mode is: (A*B)'.
DSP Report: register products_reg_reg[2,7] is absorbed into DSP products_reg_reg[2,7].
DSP Report: operator products_reg_reg[2,7]0 is absorbed into DSP products_reg_reg[2,7].
DSP Report: Generating DSP products_reg_reg[2,8], operation Mode is: (A*B)'.
DSP Report: register products_reg_reg[2,8] is absorbed into DSP products_reg_reg[2,8].
DSP Report: operator products_reg_reg[2,8]0 is absorbed into DSP products_reg_reg[2,8].
DSP Report: Generating DSP products_reg_reg[2,0], operation Mode is: (A*B)'.
DSP Report: register products_reg_reg[2,0] is absorbed into DSP products_reg_reg[2,0].
DSP Report: operator products_reg_reg[2,0]0 is absorbed into DSP products_reg_reg[2,0].
DSP Report: Generating DSP products_reg_reg[3,1], operation Mode is: (A*B)'.
DSP Report: register products_reg_reg[3,1] is absorbed into DSP products_reg_reg[3,1].
DSP Report: operator products_reg_reg[3,1]0 is absorbed into DSP products_reg_reg[3,1].
DSP Report: Generating DSP products_reg_reg[3,2], operation Mode is: (A*B)'.
DSP Report: register products_reg_reg[3,2] is absorbed into DSP products_reg_reg[3,2].
DSP Report: operator products_reg_reg[3,2]0 is absorbed into DSP products_reg_reg[3,2].
DSP Report: Generating DSP products_reg_reg[3,3], operation Mode is: (A*B)'.
DSP Report: register products_reg_reg[3,3] is absorbed into DSP products_reg_reg[3,3].
DSP Report: operator products_reg_reg[3,3]0 is absorbed into DSP products_reg_reg[3,3].
DSP Report: Generating DSP products_reg_reg[3,4], operation Mode is: (A*B)'.
DSP Report: register products_reg_reg[3,4] is absorbed into DSP products_reg_reg[3,4].
DSP Report: operator products_reg_reg[3,4]0 is absorbed into DSP products_reg_reg[3,4].
DSP Report: Generating DSP products_reg_reg[3,5], operation Mode is: (A*B)'.
DSP Report: register products_reg_reg[3,5] is absorbed into DSP products_reg_reg[3,5].
DSP Report: operator products_reg_reg[3,5]0 is absorbed into DSP products_reg_reg[3,5].
DSP Report: Generating DSP products_reg_reg[3,6], operation Mode is: (A*B)'.
DSP Report: register products_reg_reg[3,6] is absorbed into DSP products_reg_reg[3,6].
DSP Report: operator products_reg_reg[3,6]0 is absorbed into DSP products_reg_reg[3,6].
DSP Report: Generating DSP products_reg_reg[3,7], operation Mode is: (A*B)'.
DSP Report: register products_reg_reg[3,7] is absorbed into DSP products_reg_reg[3,7].
DSP Report: operator products_reg_reg[3,7]0 is absorbed into DSP products_reg_reg[3,7].
DSP Report: Generating DSP products_reg_reg[3,8], operation Mode is: (A*B)'.
DSP Report: register products_reg_reg[3,8] is absorbed into DSP products_reg_reg[3,8].
DSP Report: operator products_reg_reg[3,8]0 is absorbed into DSP products_reg_reg[3,8].
DSP Report: Generating DSP products_reg_reg[3,0], operation Mode is: (A*B)'.
DSP Report: register products_reg_reg[3,0] is absorbed into DSP products_reg_reg[3,0].
DSP Report: operator products_reg_reg[3,0]0 is absorbed into DSP products_reg_reg[3,0].
DSP Report: Generating DSP products_reg_reg[4,1], operation Mode is: (A*B)'.
DSP Report: register products_reg_reg[4,1] is absorbed into DSP products_reg_reg[4,1].
DSP Report: operator products_reg_reg[4,1]0 is absorbed into DSP products_reg_reg[4,1].
DSP Report: Generating DSP products_reg_reg[4,2], operation Mode is: (A*B)'.
DSP Report: register products_reg_reg[4,2] is absorbed into DSP products_reg_reg[4,2].
DSP Report: operator products_reg_reg[4,2]0 is absorbed into DSP products_reg_reg[4,2].
DSP Report: Generating DSP products_reg_reg[4,3], operation Mode is: (A*B)'.
DSP Report: register products_reg_reg[4,3] is absorbed into DSP products_reg_reg[4,3].
DSP Report: operator products_reg_reg[4,3]0 is absorbed into DSP products_reg_reg[4,3].
DSP Report: Generating DSP products_reg_reg[4,4], operation Mode is: (A*B)'.
DSP Report: register products_reg_reg[4,4] is absorbed into DSP products_reg_reg[4,4].
DSP Report: operator products_reg_reg[4,4]0 is absorbed into DSP products_reg_reg[4,4].
DSP Report: Generating DSP products_reg_reg[4,5], operation Mode is: (A*B)'.
DSP Report: register products_reg_reg[4,5] is absorbed into DSP products_reg_reg[4,5].
DSP Report: operator products_reg_reg[4,5]0 is absorbed into DSP products_reg_reg[4,5].
DSP Report: Generating DSP products_reg_reg[4,6], operation Mode is: (A*B)'.
DSP Report: register products_reg_reg[4,6] is absorbed into DSP products_reg_reg[4,6].
DSP Report: operator products_reg_reg[4,6]0 is absorbed into DSP products_reg_reg[4,6].
DSP Report: Generating DSP products_reg_reg[4,7], operation Mode is: (A*B)'.
DSP Report: register products_reg_reg[4,7] is absorbed into DSP products_reg_reg[4,7].
DSP Report: operator products_reg_reg[4,7]0 is absorbed into DSP products_reg_reg[4,7].
DSP Report: Generating DSP products_reg_reg[4,8], operation Mode is: (A*B)'.
DSP Report: register products_reg_reg[4,8] is absorbed into DSP products_reg_reg[4,8].
DSP Report: operator products_reg_reg[4,8]0 is absorbed into DSP products_reg_reg[4,8].
DSP Report: Generating DSP products_reg_reg[4,0], operation Mode is: (A*B)'.
DSP Report: register products_reg_reg[4,0] is absorbed into DSP products_reg_reg[4,0].
DSP Report: operator products_reg_reg[4,0]0 is absorbed into DSP products_reg_reg[4,0].
DSP Report: Generating DSP products_reg_reg[5,1], operation Mode is: (A*B)'.
DSP Report: register products_reg_reg[5,1] is absorbed into DSP products_reg_reg[5,1].
DSP Report: operator products_reg_reg[5,1]0 is absorbed into DSP products_reg_reg[5,1].
DSP Report: Generating DSP products_reg_reg[5,2], operation Mode is: (A*B)'.
DSP Report: register products_reg_reg[5,2] is absorbed into DSP products_reg_reg[5,2].
DSP Report: operator products_reg_reg[5,2]0 is absorbed into DSP products_reg_reg[5,2].
DSP Report: Generating DSP products_reg_reg[5,3], operation Mode is: (A*B)'.
DSP Report: register products_reg_reg[5,3] is absorbed into DSP products_reg_reg[5,3].
DSP Report: operator products_reg_reg[5,3]0 is absorbed into DSP products_reg_reg[5,3].
DSP Report: Generating DSP products_reg_reg[5,4], operation Mode is: (A*B)'.
DSP Report: register products_reg_reg[5,4] is absorbed into DSP products_reg_reg[5,4].
DSP Report: operator products_reg_reg[5,4]0 is absorbed into DSP products_reg_reg[5,4].
DSP Report: Generating DSP products_reg_reg[5,5], operation Mode is: (A*B)'.
DSP Report: register products_reg_reg[5,5] is absorbed into DSP products_reg_reg[5,5].
DSP Report: operator products_reg_reg[5,5]0 is absorbed into DSP products_reg_reg[5,5].
DSP Report: Generating DSP products_reg_reg[5,6], operation Mode is: (A*B)'.
DSP Report: register products_reg_reg[5,6] is absorbed into DSP products_reg_reg[5,6].
DSP Report: operator products_reg_reg[5,6]0 is absorbed into DSP products_reg_reg[5,6].
DSP Report: Generating DSP products_reg_reg[5,7], operation Mode is: (A*B)'.
DSP Report: register products_reg_reg[5,7] is absorbed into DSP products_reg_reg[5,7].
DSP Report: operator products_reg_reg[5,7]0 is absorbed into DSP products_reg_reg[5,7].
DSP Report: Generating DSP products_reg_reg[5,8], operation Mode is: (A*B)'.
DSP Report: register products_reg_reg[5,8] is absorbed into DSP products_reg_reg[5,8].
DSP Report: operator products_reg_reg[5,8]0 is absorbed into DSP products_reg_reg[5,8].
DSP Report: Generating DSP products_reg_reg[5,0], operation Mode is: (A*B)'.
DSP Report: register products_reg_reg[5,0] is absorbed into DSP products_reg_reg[5,0].
DSP Report: operator products_reg_reg[5,0]0 is absorbed into DSP products_reg_reg[5,0].
DSP Report: Generating DSP products_reg_reg[6,1], operation Mode is: (A*B)'.
DSP Report: register products_reg_reg[6,1] is absorbed into DSP products_reg_reg[6,1].
DSP Report: operator products_reg_reg[6,1]0 is absorbed into DSP products_reg_reg[6,1].
DSP Report: Generating DSP products_reg_reg[6,2], operation Mode is: (A*B)'.
DSP Report: register products_reg_reg[6,2] is absorbed into DSP products_reg_reg[6,2].
DSP Report: operator products_reg_reg[6,2]0 is absorbed into DSP products_reg_reg[6,2].
DSP Report: Generating DSP products_reg_reg[6,3], operation Mode is: (A*B)'.
DSP Report: register products_reg_reg[6,3] is absorbed into DSP products_reg_reg[6,3].
DSP Report: operator products_reg_reg[6,3]0 is absorbed into DSP products_reg_reg[6,3].
DSP Report: Generating DSP products_reg_reg[6,4], operation Mode is: (A*B)'.
DSP Report: register products_reg_reg[6,4] is absorbed into DSP products_reg_reg[6,4].
DSP Report: operator products_reg_reg[6,4]0 is absorbed into DSP products_reg_reg[6,4].
DSP Report: Generating DSP products_reg_reg[6,5], operation Mode is: (A*B)'.
DSP Report: register products_reg_reg[6,5] is absorbed into DSP products_reg_reg[6,5].
DSP Report: operator products_reg_reg[6,5]0 is absorbed into DSP products_reg_reg[6,5].
DSP Report: Generating DSP products_reg_reg[6,6], operation Mode is: (A*B)'.
DSP Report: register products_reg_reg[6,6] is absorbed into DSP products_reg_reg[6,6].
DSP Report: operator products_reg_reg[6,6]0 is absorbed into DSP products_reg_reg[6,6].
DSP Report: Generating DSP products_reg_reg[6,7], operation Mode is: (A*B)'.
DSP Report: register products_reg_reg[6,7] is absorbed into DSP products_reg_reg[6,7].
DSP Report: operator products_reg_reg[6,7]0 is absorbed into DSP products_reg_reg[6,7].
DSP Report: Generating DSP products_reg_reg[6,8], operation Mode is: (A*B)'.
DSP Report: register products_reg_reg[6,8] is absorbed into DSP products_reg_reg[6,8].
DSP Report: operator products_reg_reg[6,8]0 is absorbed into DSP products_reg_reg[6,8].
DSP Report: Generating DSP products_reg_reg[6,0], operation Mode is: (A*B)'.
DSP Report: register products_reg_reg[6,0] is absorbed into DSP products_reg_reg[6,0].
DSP Report: operator products_reg_reg[6,0]0 is absorbed into DSP products_reg_reg[6,0].
DSP Report: Generating DSP products_reg_reg[7,1], operation Mode is: (A*B)'.
DSP Report: register products_reg_reg[7,1] is absorbed into DSP products_reg_reg[7,1].
DSP Report: operator products_reg_reg[7,1]0 is absorbed into DSP products_reg_reg[7,1].
DSP Report: Generating DSP products_reg_reg[7,2], operation Mode is: (A*B)'.
DSP Report: register products_reg_reg[7,2] is absorbed into DSP products_reg_reg[7,2].
DSP Report: operator products_reg_reg[7,2]0 is absorbed into DSP products_reg_reg[7,2].
DSP Report: Generating DSP products_reg_reg[7,3], operation Mode is: (A*B)'.
DSP Report: register products_reg_reg[7,3] is absorbed into DSP products_reg_reg[7,3].
DSP Report: operator products_reg_reg[7,3]0 is absorbed into DSP products_reg_reg[7,3].
DSP Report: Generating DSP products_reg_reg[7,4], operation Mode is: (A*B)'.
DSP Report: register products_reg_reg[7,4] is absorbed into DSP products_reg_reg[7,4].
DSP Report: operator products_reg_reg[7,4]0 is absorbed into DSP products_reg_reg[7,4].
DSP Report: Generating DSP products_reg_reg[7,5], operation Mode is: (A*B)'.
DSP Report: register products_reg_reg[7,5] is absorbed into DSP products_reg_reg[7,5].
DSP Report: operator products_reg_reg[7,5]0 is absorbed into DSP products_reg_reg[7,5].
DSP Report: Generating DSP products_reg_reg[7,6], operation Mode is: (A*B)'.
DSP Report: register products_reg_reg[7,6] is absorbed into DSP products_reg_reg[7,6].
DSP Report: operator products_reg_reg[7,6]0 is absorbed into DSP products_reg_reg[7,6].
DSP Report: Generating DSP products_reg_reg[7,7], operation Mode is: (A*B)'.
DSP Report: register products_reg_reg[7,7] is absorbed into DSP products_reg_reg[7,7].
DSP Report: operator products_reg_reg[7,7]0 is absorbed into DSP products_reg_reg[7,7].
DSP Report: Generating DSP products_reg_reg[7,8], operation Mode is: (A*B)'.
DSP Report: register products_reg_reg[7,8] is absorbed into DSP products_reg_reg[7,8].
DSP Report: operator products_reg_reg[7,8]0 is absorbed into DSP products_reg_reg[7,8].
DSP Report: Generating DSP products_reg_reg[7,0], operation Mode is: (A*B)'.
DSP Report: register products_reg_reg[7,0] is absorbed into DSP products_reg_reg[7,0].
DSP Report: operator products_reg_reg[7,0]0 is absorbed into DSP products_reg_reg[7,0].
DSP Report: Generating DSP products_reg_reg[8,1], operation Mode is: (A*B)'.
DSP Report: register products_reg_reg[8,1] is absorbed into DSP products_reg_reg[8,1].
DSP Report: operator products_reg_reg[8,1]0 is absorbed into DSP products_reg_reg[8,1].
DSP Report: Generating DSP products_reg_reg[8,2], operation Mode is: (A*B)'.
DSP Report: register products_reg_reg[8,2] is absorbed into DSP products_reg_reg[8,2].
DSP Report: operator products_reg_reg[8,2]0 is absorbed into DSP products_reg_reg[8,2].
DSP Report: Generating DSP products_reg_reg[8,3], operation Mode is: (A*B)'.
DSP Report: register products_reg_reg[8,3] is absorbed into DSP products_reg_reg[8,3].
DSP Report: operator products_reg_reg[8,3]0 is absorbed into DSP products_reg_reg[8,3].
DSP Report: Generating DSP products_reg_reg[8,4], operation Mode is: (A*B)'.
DSP Report: register products_reg_reg[8,4] is absorbed into DSP products_reg_reg[8,4].
DSP Report: operator products_reg_reg[8,4]0 is absorbed into DSP products_reg_reg[8,4].
DSP Report: Generating DSP products_reg_reg[8,5], operation Mode is: (A*B)'.
DSP Report: register products_reg_reg[8,5] is absorbed into DSP products_reg_reg[8,5].
DSP Report: operator products_reg_reg[8,5]0 is absorbed into DSP products_reg_reg[8,5].
DSP Report: Generating DSP products_reg_reg[8,6], operation Mode is: (A*B)'.
DSP Report: register products_reg_reg[8,6] is absorbed into DSP products_reg_reg[8,6].
DSP Report: operator products_reg_reg[8,6]0 is absorbed into DSP products_reg_reg[8,6].
DSP Report: Generating DSP products_reg_reg[8,7], operation Mode is: (A*B)'.
DSP Report: register products_reg_reg[8,7] is absorbed into DSP products_reg_reg[8,7].
DSP Report: operator products_reg_reg[8,7]0 is absorbed into DSP products_reg_reg[8,7].
DSP Report: Generating DSP products_reg_reg[8,8], operation Mode is: (A*B)'.
DSP Report: register products_reg_reg[8,8] is absorbed into DSP products_reg_reg[8,8].
DSP Report: operator products_reg_reg[8,8]0 is absorbed into DSP products_reg_reg[8,8].
DSP Report: Generating DSP products_reg_reg[8,0], operation Mode is: (A*B)'.
DSP Report: register products_reg_reg[8,0] is absorbed into DSP products_reg_reg[8,0].
DSP Report: operator products_reg_reg[8,0]0 is absorbed into DSP products_reg_reg[8,0].
DSP Report: Generating DSP scaled_reg_reg, operation Mode is: (A2*B)'.
DSP Report: register acc_reg_reg is absorbed into DSP scaled_reg_reg.
DSP Report: register scaled_reg_reg is absorbed into DSP scaled_reg_reg.
DSP Report: operator scaled_reg0 is absorbed into DSP scaled_reg_reg.
WARNING: [Synth 8-7129] Port s_axi_ctrl_awprot[2] in module acc_image_filter is either unconnected or has no load
WARNING: [Synth 8-7129] Port s_axi_ctrl_awprot[1] in module acc_image_filter is either unconnected or has no load
WARNING: [Synth 8-7129] Port s_axi_ctrl_awprot[0] in module acc_image_filter is either unconnected or has no load
WARNING: [Synth 8-7129] Port s_axi_ctrl_wdata[31] in module acc_image_filter is either unconnected or has no load
WARNING: [Synth 8-7129] Port s_axi_ctrl_wdata[30] in module acc_image_filter is either unconnected or has no load
WARNING: [Synth 8-7129] Port s_axi_ctrl_wdata[29] in module acc_image_filter is either unconnected or has no load
WARNING: [Synth 8-7129] Port s_axi_ctrl_wdata[28] in module acc_image_filter is either unconnected or has no load
WARNING: [Synth 8-7129] Port s_axi_ctrl_wdata[27] in module acc_image_filter is either unconnected or has no load
WARNING: [Synth 8-7129] Port s_axi_ctrl_wdata[26] in module acc_image_filter is either unconnected or has no load
WARNING: [Synth 8-7129] Port s_axi_ctrl_wdata[25] in module acc_image_filter is either unconnected or has no load
WARNING: [Synth 8-7129] Port s_axi_ctrl_wdata[24] in module acc_image_filter is either unconnected or has no load
WARNING: [Synth 8-7129] Port s_axi_ctrl_wdata[23] in module acc_image_filter is either unconnected or has no load
WARNING: [Synth 8-7129] Port s_axi_ctrl_wdata[22] in module acc_image_filter is either unconnected or has no load
WARNING: [Synth 8-7129] Port s_axi_ctrl_wdata[21] in module acc_image_filter is either unconnected or has no load
WARNING: [Synth 8-7129] Port s_axi_ctrl_wdata[20] in module acc_image_filter is either unconnected or has no load
WARNING: [Synth 8-7129] Port s_axi_ctrl_wdata[19] in module acc_image_filter is either unconnected or has no load
WARNING: [Synth 8-7129] Port s_axi_ctrl_wdata[18] in module acc_image_filter is either unconnected or has no load
WARNING: [Synth 8-7129] Port s_axi_ctrl_wdata[17] in module acc_image_filter is either unconnected or has no load
WARNING: [Synth 8-7129] Port s_axi_ctrl_wdata[16] in module acc_image_filter is either unconnected or has no load
WARNING: [Synth 8-7129] Port s_axi_ctrl_wstrb[3] in module acc_image_filter is either unconnected or has no load
WARNING: [Synth 8-7129] Port s_axi_ctrl_wstrb[2] in module acc_image_filter is either unconnected or has no load
WARNING: [Synth 8-7129] Port s_axi_ctrl_arprot[2] in module acc_image_filter is either unconnected or has no load
WARNING: [Synth 8-7129] Port s_axi_ctrl_arprot[1] in module acc_image_filter is either unconnected or has no load
WARNING: [Synth 8-7129] Port s_axi_ctrl_arprot[0] in module acc_image_filter is either unconnected or has no load
---------------------------------------------------------------------------------
Finished Cross Boundary and Area Optimization : Time (s): cpu = 00:00:24 ; elapsed = 00:00:25 . Memory (MB): peak = 2461.582 ; gain = 776.148 ; free physical = 183 ; free virtual = 1870
---------------------------------------------------------------------------------
 Sort Area is  scaled_reg_reg_52 : 0 0 : 3032 3032 : Used 1 time 0
 Sort Area is  products_reg_reg[0,0]_49 : 0 0 : 979 979 : Used 1 time 0
 Sort Area is  products_reg_reg[0,1]_51 : 0 0 : 979 979 : Used 1 time 0
 Sort Area is  products_reg_reg[0,2]_50 : 0 0 : 979 979 : Used 1 time 0
 Sort Area is  products_reg_reg[0,3]_4f : 0 0 : 979 979 : Used 1 time 0
 Sort Area is  products_reg_reg[0,4]_4e : 0 0 : 979 979 : Used 1 time 0
 Sort Area is  products_reg_reg[0,5]_4d : 0 0 : 979 979 : Used 1 time 0
 Sort Area is  products_reg_reg[0,6]_4c : 0 0 : 979 979 : Used 1 time 0
 Sort Area is  products_reg_reg[0,7]_4b : 0 0 : 979 979 : Used 1 time 0
 Sort Area is  products_reg_reg[0,8]_4a : 0 0 : 979 979 : Used 1 time 0
 Sort Area is  products_reg_reg[1,0]_40 : 0 0 : 979 979 : Used 1 time 0
 Sort Area is  products_reg_reg[1,1]_48 : 0 0 : 979 979 : Used 1 time 0
 Sort Area is  products_reg_reg[1,2]_47 : 0 0 : 979 979 : Used 1 time 0
 Sort Area is  products_reg_reg[1,3]_46 : 0 0 : 979 979 : Used 1 time 0
 Sort Area is  products_reg_reg[1,4]_45 : 0 0 : 979 979 : Used 1 time 0
 Sort Area is  products_reg_reg[1,5]_44 : 0 0 : 979 979 : Used 1 time 0
 Sort Area is  products_reg_reg[1,6]_43 : 0 0 : 979 979 : Used 1 time 0
 Sort Area is  products_reg_reg[1,7]_42 : 0 0 : 979 979 : Used 1 time 0
 Sort Area is  products_reg_reg[1,8]_41 : 0 0 : 979 979 : Used 1 time 0
 Sort Area is  products_reg_reg[2,0]_37 : 0 0 : 979 979 : Used 1 time 0
 Sort Area is  products_reg_reg[2,1]_3f : 0 0 : 979 979 : Used 1 time 0
 Sort Area is  products_reg_reg[2,2]_3e : 0 0 : 979 979 : Used 1 time 0
 Sort Area is  products_reg_reg[2,3]_3d : 0 0 : 979 979 : Used 1 time 0
 Sort Area is  products_reg_reg[2,4]_3c : 0 0 : 979 979 : Used 1 time 0
 Sort Area is  products_reg_reg[2,5]_3b : 0 0 : 979 979 : Used 1 time 0
 Sort Area is  products_reg_reg[2,6]_3a : 0 0 : 979 979 : Used 1 time 0
 Sort Area is  products_reg_reg[2,7]_39 : 0 0 : 979 979 : Used 1 time 0
 Sort Area is  products_reg_reg[2,8]_38 : 0 0 : 979 979 : Used 1 time 0
 Sort Area is  products_reg_reg[3,0]_2e : 0 0 : 979 979 : Used 1 time 0
 Sort Area is  products_reg_reg[3,1]_36 : 0 0 : 979 979 : Used 1 time 0
 Sort Area is  products_reg_reg[3,2]_35 : 0 0 : 979 979 : Used 1 time 0
 Sort Area is  products_reg_reg[3,3]_34 : 0 0 : 979 979 : Used 1 time 0
 Sort Area is  products_reg_reg[3,4]_33 : 0 0 : 979 979 : Used 1 time 0
 Sort Area is  products_reg_reg[3,5]_32 : 0 0 : 979 979 : Used 1 time 0
 Sort Area is  products_reg_reg[3,6]_31 : 0 0 : 979 979 : Used 1 time 0
 Sort Area is  products_reg_reg[3,7]_30 : 0 0 : 979 979 : Used 1 time 0
 Sort Area is  products_reg_reg[3,8]_2f : 0 0 : 979 979 : Used 1 time 0
 Sort Area is  products_reg_reg[4,0]_25 : 0 0 : 979 979 : Used 1 time 0
 Sort Area is  products_reg_reg[4,1]_2d : 0 0 : 979 979 : Used 1 time 0
 Sort Area is  products_reg_reg[4,2]_2c : 0 0 : 979 979 : Used 1 time 0
 Sort Area is  products_reg_reg[4,3]_2b : 0 0 : 979 979 : Used 1 time 0
 Sort Area is  products_reg_reg[4,4]_2a : 0 0 : 979 979 : Used 1 time 0
 Sort Area is  products_reg_reg[4,5]_29 : 0 0 : 979 979 : Used 1 time 0
 Sort Area is  products_reg_reg[4,6]_28 : 0 0 : 979 979 : Used 1 time 0
 Sort Area is  products_reg_reg[4,7]_27 : 0 0 : 979 979 : Used 1 time 0
 Sort Area is  products_reg_reg[4,8]_26 : 0 0 : 979 979 : Used 1 time 0
 Sort Area is  products_reg_reg[5,0]_1c : 0 0 : 979 979 : Used 1 time 0
 Sort Area is  products_reg_reg[5,1]_24 : 0 0 : 979 979 : Used 1 time 0
 Sort Area is  products_reg_reg[5,2]_23 : 0 0 : 979 979 : Used 1 time 0
 Sort Area is  products_reg_reg[5,3]_22 : 0 0 : 979 979 : Used 1 time 0
 Sort Area is  products_reg_reg[5,4]_21 : 0 0 : 979 979 : Used 1 time 0
 Sort Area is  products_reg_reg[5,5]_20 : 0 0 : 979 979 : Used 1 time 0
 Sort Area is  products_reg_reg[5,6]_1f : 0 0 : 979 979 : Used 1 time 0
 Sort Area is  products_reg_reg[5,7]_1e : 0 0 : 979 979 : Used 1 time 0
 Sort Area is  products_reg_reg[5,8]_1d : 0 0 : 979 979 : Used 1 time 0
 Sort Area is  products_reg_reg[6,0]_13 : 0 0 : 979 979 : Used 1 time 0
 Sort Area is  products_reg_reg[6,1]_1b : 0 0 : 979 979 : Used 1 time 0
 Sort Area is  products_reg_reg[6,2]_1a : 0 0 : 979 979 : Used 1 time 0
 Sort Area is  products_reg_reg[6,3]_19 : 0 0 : 979 979 : Used 1 time 0
 Sort Area is  products_reg_reg[6,4]_18 : 0 0 : 979 979 : Used 1 time 0
 Sort Area is  products_reg_reg[6,5]_17 : 0 0 : 979 979 : Used 1 time 0
 Sort Area is  products_reg_reg[6,6]_16 : 0 0 : 979 979 : Used 1 time 0
 Sort Area is  products_reg_reg[6,7]_15 : 0 0 : 979 979 : Used 1 time 0
 Sort Area is  products_reg_reg[6,8]_14 : 0 0 : 979 979 : Used 1 time 0
 Sort Area is  products_reg_reg[7,0]_a : 0 0 : 979 979 : Used 1 time 0
 Sort Area is  products_reg_reg[7,1]_12 : 0 0 : 979 979 : Used 1 time 0
 Sort Area is  products_reg_reg[7,2]_11 : 0 0 : 979 979 : Used 1 time 0
 Sort Area is  products_reg_reg[7,3]_10 : 0 0 : 979 979 : Used 1 time 0
 Sort Area is  products_reg_reg[7,4]_f : 0 0 : 979 979 : Used 1 time 0
 Sort Area is  products_reg_reg[7,5]_e : 0 0 : 979 979 : Used 1 time 0
 Sort Area is  products_reg_reg[7,6]_d : 0 0 : 979 979 : Used 1 time 0
 Sort Area is  products_reg_reg[7,7]_c : 0 0 : 979 979 : Used 1 time 0
 Sort Area is  products_reg_reg[7,8]_b : 0 0 : 979 979 : Used 1 time 0
 Sort Area is  products_reg_reg[8,0]_0 : 0 0 : 979 979 : Used 1 time 0
 Sort Area is  products_reg_reg[8,1]_9 : 0 0 : 979 979 : Used 1 time 0
 Sort Area is  products_reg_reg[8,2]_8 : 0 0 : 979 979 : Used 1 time 0
 Sort Area is  products_reg_reg[8,3]_7 : 0 0 : 979 979 : Used 1 time 0
 Sort Area is  products_reg_reg[8,4]_6 : 0 0 : 979 979 : Used 1 time 0
 Sort Area is  products_reg_reg[8,5]_5 : 0 0 : 979 979 : Used 1 time 0
 Sort Area is  products_reg_reg[8,6]_4 : 0 0 : 979 979 : Used 1 time 0
 Sort Area is  products_reg_reg[8,7]_3 : 0 0 : 979 979 : Used 1 time 0
 Sort Area is  products_reg_reg[8,8]_2 : 0 0 : 979 979 : Used 1 time 0
---------------------------------------------------------------------------------
Start ROM, RAM, DSP, Shift Register and Retiming Reporting
---------------------------------------------------------------------------------

Distributed RAM: Preliminary Mapping Report (see note below)
+------------+----------------+-----------+----------------------+------------------+
|Module Name | RTL Object     | Inference | Size (Depth x Width) | Primitives       | 
+------------+----------------+-----------+----------------------+------------------+
|U0          | u_bram/mem_reg | Implied   | 512 x 64             | RAM128X1D x 256  | 
+------------+----------------+-----------+----------------------+------------------+

Note: The table above is a preliminary report that shows the Distributed RAMs at the current stage of the synthesis flow. Some Distributed RAMs may be reimplemented as non Distributed RAM primitives later in the synthesis flow. Multiple instantiated RAMs are reported only once.

DSP: Preliminary Mapping Report (see note below. The ' indicates corresponding REG is set)
+------------+-------------+--------+--------+--------+--------+--------+------+------+------+------+-------+------+------+
|Module Name | DSP Mapping | A Size | B Size | C Size | D Size | P Size | AREG | BREG | CREG | DREG | ADREG | MREG | PREG | 
+------------+-------------+--------+--------+--------+--------+--------+------+------+------+------+-------+------+------+
|filter_alu  | (A*B)'      | 16     | 9      | -      | -      | 25     | 0    | 0    | -    | -    | -     | 1    | 0    | 
|filter_alu  | (A*B)'      | 16     | 9      | -      | -      | 25     | 0    | 0    | -    | -    | -     | 1    | 0    | 
|filter_alu  | (A*B)'      | 16     | 9      | -      | -      | 25     | 0    | 0    | -    | -    | -     | 1    | 0    | 
|filter_alu  | (A*B)'      | 16     | 9      | -      | -      | 25     | 0    | 0    | -    | -    | -     | 1    | 0    | 
|filter_alu  | (A*B)'      | 16     | 9      | -      | -      | 25     | 0    | 0    | -    | -    | -     | 1    | 0    | 
|filter_alu  | (A*B)'      | 16     | 9      | -      | -      | 25     | 0    | 0    | -    | -    | -     | 1    | 0    | 
|filter_alu  | (A*B)'      | 16     | 9      | -      | -      | 25     | 0    | 0    | -    | -    | -     | 1    | 0    | 
|filter_alu  | (A*B)'      | 16     | 9      | -      | -      | 25     | 0    | 0    | -    | -    | -     | 1    | 0    | 
|filter_alu  | (A*B)'      | 16     | 9      | -      | -      | 25     | 0    | 0    | -    | -    | -     | 1    | 0    | 
|filter_alu  | (A*B)'      | 16     | 9      | -      | -      | 25     | 0    | 0    | -    | -    | -     | 1    | 0    | 
|filter_alu  | (A*B)'      | 16     | 9      | -      | -      | 25     | 0    | 0    | -    | -    | -     | 1    | 0    | 
|filter_alu  | (A*B)'      | 16     | 9      | -      | -      | 25     | 0    | 0    | -    | -    | -     | 1    | 0    | 
|filter_alu  | (A*B)'      | 16     | 9      | -      | -      | 25     | 0    | 0    | -    | -    | -     | 1    | 0    | 
|filter_alu  | (A*B)'      | 16     | 9      | -      | -      | 25     | 0    | 0    | -    | -    | -     | 1    | 0    | 
|filter_alu  | (A*B)'      | 16     | 9      | -      | -      | 25     | 0    | 0    | -    | -    | -     | 1    | 0    | 
|filter_alu  | (A*B)'      | 16     | 9      | -      | -      | 25     | 0    | 0    | -    | -    | -     | 1    | 0    | 
|filter_alu  | (A*B)'      | 16     | 9      | -      | -      | 25     | 0    | 0    | -    | -    | -     | 1    | 0    | 
|filter_alu  | (A*B)'      | 16     | 9      | -      | -      | 25     | 0    | 0    | -    | -    | -     | 1    | 0    | 
|filter_alu  | (A*B)'      | 16     | 9      | -      | -      | 25     | 0    | 0    | -    | -    | -     | 1    | 0    | 
|filter_alu  | (A*B)'      | 16     | 9      | -      | -      | 25     | 0    | 0    | -    | -    | -     | 1    | 0    | 
|filter_alu  | (A*B)'      | 16     | 9      | -      | -      | 25     | 0    | 0    | -    | -    | -     | 1    | 0    | 
|filter_alu  | (A*B)'      | 16     | 9      | -      | -      | 25     | 0    | 0    | -    | -    | -     | 1    | 0    | 
|filter_alu  | (A*B)'      | 16     | 9      | -      | -      | 25     | 0    | 0    | -    | -    | -     | 1    | 0    | 
|filter_alu  | (A*B)'      | 16     | 9      | -      | -      | 25     | 0    | 0    | -    | -    | -     | 1    | 0    | 
|filter_alu  | (A*B)'      | 16     | 9      | -      | -      | 25     | 0    | 0    | -    | -    | -     | 1    | 0    | 
|filter_alu  | (A*B)'      | 16     | 9      | -      | -      | 25     | 0    | 0    | -    | -    | -     | 1    | 0    | 
|filter_alu  | (A*B)'      | 16     | 9      | -      | -      | 25     | 0    | 0    | -    | -    | -     | 1    | 0    | 
|filter_alu  | (A*B)'      | 16     | 9      | -      | -      | 25     | 0    | 0    | -    | -    | -     | 1    | 0    | 
|filter_alu  | (A*B)'      | 16     | 9      | -      | -      | 25     | 0    | 0    | -    | -    | -     | 1    | 0    | 
|filter_alu  | (A*B)'      | 16     | 9      | -      | -      | 25     | 0    | 0    | -    | -    | -     | 1    | 0    | 
|filter_alu  | (A*B)'      | 16     | 9      | -      | -      | 25     | 0    | 0    | -    | -    | -     | 1    | 0    | 
|filter_alu  | (A*B)'      | 16     | 9      | -      | -      | 25     | 0    | 0    | -    | -    | -     | 1    | 0    | 
|filter_alu  | (A*B)'      | 16     | 9      | -      | -      | 25     | 0    | 0    | -    | -    | -     | 1    | 0    | 
|filter_alu  | (A*B)'      | 16     | 9      | -      | -      | 25     | 0    | 0    | -    | -    | -     | 1    | 0    | 
|filter_alu  | (A*B)'      | 16     | 9      | -      | -      | 25     | 0    | 0    | -    | -    | -     | 1    | 0    | 
|filter_alu  | (A*B)'      | 16     | 9      | -      | -      | 25     | 0    | 0    | -    | -    | -     | 1    | 0    | 
|filter_alu  | (A*B)'      | 16     | 9      | -      | -      | 25     | 0    | 0    | -    | -    | -     | 1    | 0    | 
|filter_alu  | (A*B)'      | 16     | 9      | -      | -      | 25     | 0    | 0    | -    | -    | -     | 1    | 0    | 
|filter_alu  | (A*B)'      | 16     | 9      | -      | -      | 25     | 0    | 0    | -    | -    | -     | 1    | 0    | 
|filter_alu  | (A*B)'      | 16     | 9      | -      | -      | 25     | 0    | 0    | -    | -    | -     | 1    | 0    | 
|filter_alu  | (A*B)'      | 16     | 9      | -      | -      | 25     | 0    | 0    | -    | -    | -     | 1    | 0    | 
|filter_alu  | (A*B)'      | 16     | 9      | -      | -      | 25     | 0    | 0    | -    | -    | -     | 1    | 0    | 
|filter_alu  | (A*B)'      | 16     | 9      | -      | -      | 25     | 0    | 0    | -    | -    | -     | 1    | 0    | 
|filter_alu  | (A*B)'      | 16     | 9      | -      | -      | 25     | 0    | 0    | -    | -    | -     | 1    | 0    | 
|filter_alu  | (A*B)'      | 16     | 9      | -      | -      | 25     | 0    | 0    | -    | -    | -     | 1    | 0    | 
|filter_alu  | (A*B)'      | 16     | 9      | -      | -      | 25     | 0    | 0    | -    | -    | -     | 1    | 0    | 
|filter_alu  | (A*B)'      | 16     | 9      | -      | -      | 25     | 0    | 0    | -    | -    | -     | 1    | 0    | 
|filter_alu  | (A*B)'      | 16     | 9      | -      | -      | 25     | 0    | 0    | -    | -    | -     | 1    | 0    | 
|filter_alu  | (A*B)'      | 16     | 9      | -      | -      | 25     | 0    | 0    | -    | -    | -     | 1    | 0    | 
|filter_alu  | (A*B)'      | 16     | 9      | -      | -      | 25     | 0    | 0    | -    | -    | -     | 1    | 0    | 
|filter_alu  | (A*B)'      | 16     | 9      | -      | -      | 25     | 0    | 0    | -    | -    | -     | 1    | 0    | 
|filter_alu  | (A*B)'      | 16     | 9      | -      | -      | 25     | 0    | 0    | -    | -    | -     | 1    | 0    | 
|filter_alu  | (A*B)'      | 16     | 9      | -      | -      | 25     | 0    | 0    | -    | -    | -     | 1    | 0    | 
|filter_alu  | (A*B)'      | 16     | 9      | -      | -      | 25     | 0    | 0    | -    | -    | -     | 1    | 0    | 
|filter_alu  | (A*B)'      | 16     | 9      | -      | -      | 25     | 0    | 0    | -    | -    | -     | 1    | 0    | 
|filter_alu  | (A*B)'      | 16     | 9      | -      | -      | 25     | 0    | 0    | -    | -    | -     | 1    | 0    | 
|filter_alu  | (A*B)'      | 16     | 9      | -      | -      | 25     | 0    | 0    | -    | -    | -     | 1    | 0    | 
|filter_alu  | (A*B)'      | 16     | 9      | -      | -      | 25     | 0    | 0    | -    | -    | -     | 1    | 0    | 
|filter_alu  | (A*B)'      | 16     | 9      | -      | -      | 25     | 0    | 0    | -    | -    | -     | 1    | 0    | 
|filter_alu  | (A*B)'      | 16     | 9      | -      | -      | 25     | 0    | 0    | -    | -    | -     | 1    | 0    | 
|filter_alu  | (A*B)'      | 16     | 9      | -      | -      | 25     | 0    | 0    | -    | -    | -     | 1    | 0    | 
|filter_alu  | (A*B)'      | 16     | 9      | -      | -      | 25     | 0    | 0    | -    | -    | -     | 1    | 0    | 
|filter_alu  | (A*B)'      | 16     | 9      | -      | -      | 25     | 0    | 0    | -    | -    | -     | 1    | 0    | 
|filter_alu  | (A*B)'      | 16     | 9      | -      | -      | 25     | 0    | 0    | -    | -    | -     | 1    | 0    | 
|filter_alu  | (A*B)'      | 16     | 9      | -      | -      | 25     | 0    | 0    | -    | -    | -     | 1    | 0    | 
|filter_alu  | (A*B)'      | 16     | 9      | -      | -      | 25     | 0    | 0    | -    | -    | -     | 1    | 0    | 
|filter_alu  | (A*B)'      | 16     | 9      | -      | -      | 25     | 0    | 0    | -    | -    | -     | 1    | 0    | 
|filter_alu  | (A*B)'      | 16     | 9      | -      | -      | 25     | 0    | 0    | -    | -    | -     | 1    | 0    | 
|filter_alu  | (A*B)'      | 16     | 9      | -      | -      | 25     | 0    | 0    | -    | -    | -     | 1    | 0    | 
|filter_alu  | (A*B)'      | 16     | 9      | -      | -      | 25     | 0    | 0    | -    | -    | -     | 1    | 0    | 
|filter_alu  | (A*B)'      | 16     | 9      | -      | -      | 25     | 0    | 0    | -    | -    | -     | 1    | 0    | 
|filter_alu  | (A*B)'      | 16     | 9      | -      | -      | 25     | 0    | 0    | -    | -    | -     | 1    | 0    | 
|filter_alu  | (A*B)'      | 16     | 9      | -      | -      | 25     | 0    | 0    | -    | -    | -     | 1    | 0    | 
|filter_alu  | (A*B)'      | 16     | 9      | -      | -      | 25     | 0    | 0    | -    | -    | -     | 1    | 0    | 
|filter_alu  | (A*B)'      | 16     | 9      | -      | -      | 25     | 0    | 0    | -    | -    | -     | 1    | 0    | 
|filter_alu  | (A*B)'      | 16     | 9      | -      | -      | 25     | 0    | 0    | -    | -    | -     | 1    | 0    | 
|filter_alu  | (A*B)'      | 16     | 9      | -      | -      | 25     | 0    | 0    | -    | -    | -     | 1    | 0    | 
|filter_alu  | (A*B)'      | 16     | 9      | -      | -      | 25     | 0    | 0    | -    | -    | -     | 1    | 0    | 
|filter_alu  | (A*B)'      | 16     | 9      | -      | -      | 25     | 0    | 0    | -    | -    | -     | 1    | 0    | 
|filter_alu  | (A*B)'      | 16     | 9      | -      | -      | 25     | 0    | 0    | -    | -    | -     | 1    | 0    | 
|filter_alu  | (A*B)'      | 16     | 9      | -      | -      | 25     | 0    | 0    | -    | -    | -     | 1    | 0    | 
|filter_alu  | (A2*B)'     | 24     | 17     | -      | -      | 41     | 1    | 0    | -    | -    | -     | 1    | 0    | 
+------------+-------------+--------+--------+--------+--------+--------+------+------+------+------+-------+------+------+

Note: The table above is a preliminary report that shows the DSPs inferred at the current stage of the synthesis flow. Some DSP may be reimplemented as non DSP primitives later in the synthesis flow. Multiple instantiated DSPs are reported only once.
---------------------------------------------------------------------------------
Finished ROM, RAM, DSP, Shift Register and Retiming Reporting
---------------------------------------------------------------------------------
---------------------------------------------------------------------------------
Start Applying XDC Timing Constraints
---------------------------------------------------------------------------------
---------------------------------------------------------------------------------
Finished Applying XDC Timing Constraints : Time (s): cpu = 00:00:28 ; elapsed = 00:00:29 . Memory (MB): peak = 2540.582 ; gain = 855.148 ; free physical = 234 ; free virtual = 1660
---------------------------------------------------------------------------------
---------------------------------------------------------------------------------
Start Timing Optimization
---------------------------------------------------------------------------------
---------------------------------------------------------------------------------
Finished Timing Optimization : Time (s): cpu = 00:00:28 ; elapsed = 00:00:30 . Memory (MB): peak = 2549.582 ; gain = 864.148 ; free physical = 343 ; free virtual = 1807
---------------------------------------------------------------------------------
---------------------------------------------------------------------------------
Start ROM, RAM, DSP, Shift Register and Retiming Reporting
---------------------------------------------------------------------------------

Distributed RAM: Final Mapping Report
+------------+----------------+-----------+----------------------+------------------+
|Module Name | RTL Object     | Inference | Size (Depth x Width) | Primitives       | 
+------------+----------------+-----------+----------------------+------------------+
|U0          | u_bram/mem_reg | Implied   | 512 x 64             | RAM128X1D x 256  | 
+------------+----------------+-----------+----------------------+------------------+

---------------------------------------------------------------------------------
Finished ROM, RAM, DSP, Shift Register and Retiming Reporting
---------------------------------------------------------------------------------
---------------------------------------------------------------------------------
Start Technology Mapping
---------------------------------------------------------------------------------
---------------------------------------------------------------------------------
Finished Technology Mapping : Time (s): cpu = 00:00:30 ; elapsed = 00:00:31 . Memory (MB): peak = 2606.637 ; gain = 921.203 ; free physical = 264 ; free virtual = 1736
---------------------------------------------------------------------------------
---------------------------------------------------------------------------------
Start IO Insertion
---------------------------------------------------------------------------------
---------------------------------------------------------------------------------
Start Flattening Before IO Insertion
---------------------------------------------------------------------------------
---------------------------------------------------------------------------------
Finished Flattening Before IO Insertion
---------------------------------------------------------------------------------
---------------------------------------------------------------------------------
Start Final Netlist Cleanup
---------------------------------------------------------------------------------
---------------------------------------------------------------------------------
Finished Final Netlist Cleanup
---------------------------------------------------------------------------------
---------------------------------------------------------------------------------
Finished IO Insertion : Time (s): cpu = 00:00:32 ; elapsed = 00:00:34 . Memory (MB): peak = 2731.449 ; gain = 1046.016 ; free physical = 161 ; free virtual = 1572
---------------------------------------------------------------------------------
---------------------------------------------------------------------------------
Start Renaming Generated Instances
---------------------------------------------------------------------------------
---------------------------------------------------------------------------------
Finished Renaming Generated Instances : Time (s): cpu = 00:00:32 ; elapsed = 00:00:34 . Memory (MB): peak = 2731.449 ; gain = 1046.016 ; free physical = 161 ; free virtual = 1572
---------------------------------------------------------------------------------
---------------------------------------------------------------------------------
Start Rebuilding User Hierarchy
---------------------------------------------------------------------------------
---------------------------------------------------------------------------------
Finished Rebuilding User Hierarchy : Time (s): cpu = 00:00:32 ; elapsed = 00:00:34 . Memory (MB): peak = 2731.449 ; gain = 1046.016 ; free physical = 186 ; free virtual = 1599
---------------------------------------------------------------------------------
---------------------------------------------------------------------------------
Start Renaming Generated Ports
---------------------------------------------------------------------------------
---------------------------------------------------------------------------------
Finished Renaming Generated Ports : Time (s): cpu = 00:00:32 ; elapsed = 00:00:34 . Memory (MB): peak = 2731.449 ; gain = 1046.016 ; free physical = 178 ; free virtual = 1591
---------------------------------------------------------------------------------
---------------------------------------------------------------------------------
Start Handling Custom Attributes
---------------------------------------------------------------------------------
---------------------------------------------------------------------------------
Finished Handling Custom Attributes : Time (s): cpu = 00:00:32 ; elapsed = 00:00:34 . Memory (MB): peak = 2731.449 ; gain = 1046.016 ; free physical = 178 ; free virtual = 1591
---------------------------------------------------------------------------------
---------------------------------------------------------------------------------
Start Renaming Generated Nets
---------------------------------------------------------------------------------
---------------------------------------------------------------------------------
Finished Renaming Generated Nets : Time (s): cpu = 00:00:32 ; elapsed = 00:00:34 . Memory (MB): peak = 2731.449 ; gain = 1046.016 ; free physical = 178 ; free virtual = 1591
---------------------------------------------------------------------------------
---------------------------------------------------------------------------------
Start ROM, RAM, DSP, Shift Register and Retiming Reporting
---------------------------------------------------------------------------------

Static Shift Register Report:
+----------------------------------+-----------------------+--------+-------+--------------+--------------------+-------------------+--------+---------+
|Module Name                       | RTL Name              | Length | Width | Reset Signal | Pull out first Reg | Pull out last Reg | SRL16E | SRLC32E | 
+----------------------------------+-----------------------+--------+-------+--------------+--------------------+-------------------+--------+---------+
|image_filter_acc_image_filter_0_2 | U0/pipe_valid_reg[12] | 13     | 1     | YES          | NO                 | YES               | 1      | 0       | 
|image_filter_acc_image_filter_0_2 | U0/pipe_last_reg[12]  | 13     | 1     | YES          | NO                 | YES               | 1      | 0       | 
|image_filter_acc_image_filter_0_2 | U0/pipe_out_reg[12]   | 13     | 1     | YES          | NO                 | YES               | 1      | 0       | 
+----------------------------------+-----------------------+--------+-------+--------------+--------------------+-------------------+--------+---------+

---------------------------------------------------------------------------------
Finished ROM, RAM, DSP, Shift Register and Retiming Reporting
---------------------------------------------------------------------------------
---------------------------------------------------------------------------------
Start Writing Synthesis Report
---------------------------------------------------------------------------------

DSP Final Report (the ' indicates corresponding REG is set)
+------------+-------------+--------+--------+--------+--------+--------+------+------+------+------+-------+------+------+
|Module Name | DSP Mapping | A Size | B Size | C Size | D Size | P Size | AREG | BREG | CREG | DREG | ADREG | MREG | PREG | 
+------------+-------------+--------+--------+--------+--------+--------+------+------+------+------+-------+------+------+
|filter_alu  | (A''*B)'    | 30     | 8      | -      | -      | 25     | 2    | 0    | -    | -    | -     | 0    | 1    | 
|filter_alu  | (A''*B)'    | 30     | 8      | -      | -      | 25     | 2    | 0    | -    | -    | -     | 0    | 1    | 
|filter_alu  | (A''*B)'    | 30     | 8      | -      | -      | 25     | 2    | 0    | -    | -    | -     | 0    | 1    | 
|filter_alu  | (A''*B)'    | 30     | 8      | -      | -      | 25     | 2    | 0    | -    | -    | -     | 0    | 1    | 
|filter_alu  | (A''*B)'    | 30     | 8      | -      | -      | 25     | 2    | 0    | -    | -    | -     | 0    | 1    | 
|filter_alu  | (A''*B)'    | 30     | 8      | -      | -      | 25     | 2    | 0    | -    | -    | -     | 0    | 1    | 
|filter_alu  | (A''*B)'    | 30     | 8      | -      | -      | 25     | 2    | 0    | -    | -    | -     | 0    | 1    | 
|filter_alu  | (A''*B)'    | 30     | 8      | -      | -      | 25     | 2    | 0    | -    | -    | -     | 0    | 1    | 
|filter_alu  | (A''*B)'    | 30     | 8      | -      | -      | 25     | 2    | 0    | -    | -    | -     | 0    | 1    | 
|filter_alu  | (A''*B)'    | 30     | 8      | -      | -      | 25     | 2    | 0    | -    | -    | -     | 0    | 1    | 
|filter_alu  | (A''*B)'    | 30     | 8      | -      | -      | 25     | 2    | 0    | -    | -    | -     | 0    | 1    | 
|filter_alu  | (A''*B)'    | 30     | 8      | -      | -      | 25     | 2    | 0    | -    | -    | -     | 0    | 1    | 
|filter_alu  | (A''*B)'    | 30     | 8      | -      | -      | 25     | 2    | 0    | -    | -    | -     | 0    | 1    | 
|filter_alu  | (A''*B)'    | 30     | 8      | -      | -      | 25     | 2    | 0    | -    | -    | -     | 0    | 1    | 
|filter_alu  | (A''*B)'    | 30     | 8      | -      | -      | 25     | 2    | 0    | -    | -    | -     | 0    | 1    | 
|filter_alu  | (A''*B)'    | 30     | 8      | -      | -      | 25     | 2    | 0    | -    | -    | -     | 0    | 1    | 
|filter_alu  | (A''*B)'    | 30     | 8      | -      | -      | 25     | 2    | 0    | -    | -    | -     | 0    | 1    | 
|filter_alu  | (A''*B)'    | 30     | 8      | -      | -      | 25     | 2    | 0    | -    | -    | -     | 0    | 1    | 
|filter_alu  | (A''*B)'    | 30     | 8      | -      | -      | 25     | 2    | 0    | -    | -    | -     | 0    | 1    | 
|filter_alu  | (A''*B)'    | 30     | 8      | -      | -      | 25     | 2    | 0    | -    | -    | -     | 0    | 1    | 
|filter_alu  | (A''*B)'    | 30     | 8      | -      | -      | 25     | 2    | 0    | -    | -    | -     | 0    | 1    | 
|filter_alu  | (A''*B)'    | 30     | 8      | -      | -      | 25     | 2    | 0    | -    | -    | -     | 0    | 1    | 
|filter_alu  | (A''*B)'    | 30     | 8      | -      | -      | 25     | 2    | 0    | -    | -    | -     | 0    | 1    | 
|filter_alu  | (A''*B)'    | 30     | 8      | -      | -      | 25     | 2    | 0    | -    | -    | -     | 0    | 1    | 
|filter_alu  | (A''*B)'    | 30     | 8      | -      | -      | 25     | 2    | 0    | -    | -    | -     | 0    | 1    | 
|filter_alu  | (A''*B)'    | 30     | 8      | -      | -      | 25     | 2    | 0    | -    | -    | -     | 0    | 1    | 
|filter_alu  | (A''*B)'    | 30     | 8      | -      | -      | 25     | 2    | 0    | -    | -    | -     | 0    | 1    | 
|filter_alu  | (A''*B)'    | 30     | 8      | -      | -      | 25     | 2    | 0    | -    | -    | -     | 0    | 1    | 
|filter_alu  | (A''*B)'    | 30     | 8      | -      | -      | 25     | 2    | 0    | -    | -    | -     | 0    | 1    | 
|filter_alu  | (A''*B)'    | 30     | 8      | -      | -      | 25     | 2    | 0    | -    | -    | -     | 0    | 1    | 
|filter_alu  | (A''*B)'    | 30     | 8      | -      | -      | 25     | 2    | 0    | -    | -    | -     | 0    | 1    | 
|filter_alu  | (A''*B)'    | 30     | 8      | -      | -      | 25     | 2    | 0    | -    | -    | -     | 0    | 1    | 
|filter_alu  | (A''*B)'    | 30     | 8      | -      | -      | 25     | 2    | 0    | -    | -    | -     | 0    | 1    | 
|filter_alu  | (A''*B)'    | 30     | 8      | -      | -      | 25     | 2    | 0    | -    | -    | -     | 0    | 1    | 
|filter_alu  | (A''*B)'    | 30     | 8      | -      | -      | 25     | 2    | 0    | -    | -    | -     | 0    | 1    | 
|filter_alu  | (A''*B)'    | 30     | 8      | -      | -      | 25     | 2    | 0    | -    | -    | -     | 0    | 1    | 
|filter_alu  | (A''*B)'    | 30     | 8      | -      | -      | 25     | 2    | 0    | -    | -    | -     | 0    | 1    | 
|filter_alu  | (A''*B)'    | 30     | 8      | -      | -      | 25     | 2    | 0    | -    | -    | -     | 0    | 1    | 
|filter_alu  | (A''*B)'    | 30     | 8      | -      | -      | 25     | 2    | 0    | -    | -    | -     | 0    | 1    | 
|filter_alu  | (A''*B)'    | 30     | 8      | -      | -      | 25     | 2    | 0    | -    | -    | -     | 0    | 1    | 
|filter_alu  | (A''*B)'    | 30     | 8      | -      | -      | 25     | 2    | 0    | -    | -    | -     | 0    | 1    | 
|filter_alu  | (A''*B)'    | 30     | 8      | -      | -      | 25     | 2    | 0    | -    | -    | -     | 0    | 1    | 
|filter_alu  | (A''*B)'    | 30     | 8      | -      | -      | 25     | 2    | 0    | -    | -    | -     | 0    | 1    | 
|filter_alu  | (A''*B)'    | 30     | 8      | -      | -      | 25     | 2    | 0    | -    | -    | -     | 0    | 1    | 
|filter_alu  | (A''*B)'    | 30     | 8      | -      | -      | 25     | 2    | 0    | -    | -    | -     | 0    | 1    | 
|filter_alu  | (A''*B)'    | 30     | 8      | -      | -      | 25     | 2    | 0    | -    | -    | -     | 0    | 1    | 
|filter_alu  | (A''*B)'    | 30     | 8      | -      | -      | 25     | 2    | 0    | -    | -    | -     | 0    | 1    | 
|filter_alu  | (A''*B)'    | 30     | 8      | -      | -      | 25     | 2    | 0    | -    | -    | -     | 0    | 1    | 
|filter_alu  | (A''*B)'    | 30     | 8      | -      | -      | 25     | 2    | 0    | -    | -    | -     | 0    | 1    | 
|filter_alu  | (A''*B)'    | 30     | 8      | -      | -      | 25     | 2    | 0    | -    | -    | -     | 0    | 1    | 
|filter_alu  | (A''*B)'    | 30     | 8      | -      | -      | 25     | 2    | 0    | -    | -    | -     | 0    | 1    | 
|filter_alu  | (A''*B)'    | 30     | 8      | -      | -      | 25     | 2    | 0    | -    | -    | -     | 0    | 1    | 
|filter_alu  | (A''*B)'    | 30     | 8      | -      | -      | 25     | 2    | 0    | -    | -    | -     | 0    | 1    | 
|filter_alu  | (A''*B)'    | 30     | 8      | -      | -      | 25     | 2    | 0    | -    | -    | -     | 0    | 1    | 
|filter_alu  | (A''*B)'    | 30     | 8      | -      | -      | 25     | 2    | 0    | -    | -    | -     | 0    | 1    | 
|filter_alu  | (A''*B)'    | 30     | 8      | -      | -      | 25     | 2    | 0    | -    | -    | -     | 0    | 1    | 
|filter_alu  | (A''*B)'    | 30     | 8      | -      | -      | 25     | 2    | 0    | -    | -    | -     | 0    | 1    | 
|filter_alu  | (A''*B)'    | 30     | 8      | -      | -      | 25     | 2    | 0    | -    | -    | -     | 0    | 1    | 
|filter_alu  | (A''*B)'    | 30     | 8      | -      | -      | 25     | 2    | 0    | -    | -    | -     | 0    | 1    | 
|filter_alu  | (A''*B)'    | 30     | 8      | -      | -      | 25     | 2    | 0    | -    | -    | -     | 0    | 1    | 
|filter_alu  | (A''*B)'    | 30     | 8      | -      | -      | 25     | 2    | 0    | -    | -    | -     | 0    | 1    | 
|filter_alu  | (A''*B)'    | 30     | 8      | -      | -      | 25     | 2    | 0    | -    | -    | -     | 0    | 1    | 
|filter_alu  | (A''*B)'    | 30     | 8      | -      | -      | 25     | 2    | 0    | -    | -    | -     | 0    | 1    | 
|filter_alu  | (A''*B)'    | 30     | 8      | -      | -      | 25     | 2    | 0    | -    | -    | -     | 0    | 1    | 
|filter_alu  | (A''*B)'    | 30     | 8      | -      | -      | 25     | 2    | 0    | -    | -    | -     | 0    | 1    | 
|filter_alu  | (A''*B)'    | 30     | 8      | -      | -      | 25     | 2    | 0    | -    | -    | -     | 0    | 1    | 
|filter_alu  | (A''*B)'    | 30     | 8      | -      | -      | 25     | 2    | 0    | -    | -    | -     | 0    | 1    | 
|filter_alu  | (A''*B)'    | 30     | 8      | -      | -      | 25     | 2    | 0    | -    | -    | -     | 0    | 1    | 
|filter_alu  | (A''*B)'    | 30     | 8      | -      | -      | 25     | 2    | 0    | -    | -    | -     | 0    | 1    | 
|filter_alu  | (A''*B)'    | 30     | 8      | -      | -      | 25     | 2    | 0    | -    | -    | -     | 0    | 1    | 
|filter_alu  | (A''*B)'    | 30     | 8      | -      | -      | 25     | 2    | 0    | -    | -    | -     | 0    | 1    | 
|filter_alu  | (A''*B)'    | 30     | 8      | -      | -      | 25     | 2    | 0    | -    | -    | -     | 0    | 1    | 
|filter_alu  | (A''*B)'    | 30     | 8      | -      | -      | 25     | 2    | 0    | -    | -    | -     | 0    | 1    | 
|filter_alu  | (A''*B)'    | 30     | 8      | -      | -      | 25     | 2    | 0    | -    | -    | -     | 0    | 1    | 
|filter_alu  | (A''*B)'    | 30     | 8      | -      | -      | 25     | 2    | 0    | -    | -    | -     | 0    | 1    | 
|filter_alu  | (A''*B)'    | 30     | 8      | -      | -      | 25     | 2    | 0    | -    | -    | -     | 0    | 1    | 
|filter_alu  | (A''*B)'    | 30     | 8      | -      | -      | 25     | 2    | 0    | -    | -    | -     | 0    | 1    | 
|filter_alu  | (A''*B)'    | 30     | 8      | -      | -      | 25     | 2    | 0    | -    | -    | -     | 0    | 1    | 
|filter_alu  | (A''*B)'    | 30     | 8      | -      | -      | 25     | 2    | 0    | -    | -    | -     | 0    | 1    | 
|filter_alu  | (A''*B)'    | 30     | 8      | -      | -      | 25     | 2    | 0    | -    | -    | -     | 0    | 1    | 
|filter_alu  | (A''*B)'    | 30     | 8      | -      | -      | 25     | 2    | 0    | -    | -    | -     | 0    | 1    | 
|filter_alu  | (A'*B')'    | 30     | 16     | -      | -      | 41     | 1    | 1    | -    | -    | -     | 0    | 1    | 
+------------+-------------+--------+--------+--------+--------+--------+------+------+------+------+-------+------+------+


Report BlackBoxes: 
+-+--------------+----------+
| |BlackBox name |Instances |
+-+--------------+----------+
+-+--------------+----------+

Report Cell Usage: 
+------+----------+------+
|      |Cell      |Count |
+------+----------+------+
|1     |CARRY4    |   226|
|2     |DSP48E1   |    82|
|4     |LUT1      |    52|
|5     |LUT2      |   175|
|6     |LUT3      |   829|
|7     |LUT4      |   698|
|8     |LUT5      |   495|
|9     |LUT6      |  1335|
|10    |MUXF7     |   144|
|11    |RAM128X1D |   256|
|12    |SRL16E    |     3|
|13    |FDRE      |  2630|
|14    |FDSE      |     7|
+------+----------+------+
---------------------------------------------------------------------------------
Finished Writing Synthesis Report : Time (s): cpu = 00:00:32 ; elapsed = 00:00:34 . Memory (MB): peak = 2731.449 ; gain = 1046.016 ; free physical = 178 ; free virtual = 1591
---------------------------------------------------------------------------------
Synthesis finished with 0 errors, 0 critical warnings and 25 warnings.
Synthesis Optimization Runtime : Time (s): cpu = 00:00:30 ; elapsed = 00:00:32 . Memory (MB): peak = 2731.449 ; gain = 951.516 ; free physical = 174 ; free virtual = 1587
Synthesis Optimization Complete : Time (s): cpu = 00:00:32 ; elapsed = 00:00:34 . Memory (MB): peak = 2731.457 ; gain = 1046.016 ; free physical = 174 ; free virtual = 1587
INFO: [Project 1-571] Translating synthesized netlist
Netlist sorting complete. Time (s): cpu = 00:00:00.04 ; elapsed = 00:00:00.05 . Memory (MB): peak = 2731.457 ; gain = 0.000 ; free physical = 318 ; free virtual = 1731
INFO: [Netlist 29-17] Analyzing 708 Unisim elements for replacement
INFO: [Netlist 29-28] Unisim Transformation completed in 0 CPU seconds
INFO: [Project 1-570] Preparing netlist for logic optimization
INFO: [Opt 31-138] Pushed 0 inverter(s) to 0 load pin(s).
Netlist sorting complete. Time (s): cpu = 00:00:00 ; elapsed = 00:00:00 . Memory (MB): peak = 2787.477 ; gain = 0.000 ; free physical = 292 ; free virtual = 1714
INFO: [Project 1-111] Unisim Transformation Summary:
  A total of 256 instances were transformed.
  RAM128X1D => RAM128X1D (MUXF7(x2), RAMD64E(x4)): 256 instances

Synth Design complete | Checksum: a1901dbd
INFO: [Common 17-83] Releasing license: Synthesis
29 Infos, 51 Warnings, 0 Critical Warnings and 0 Errors encountered.
synth_design completed successfully
synth_design: Time (s): cpu = 00:00:40 ; elapsed = 00:00:40 . Memory (MB): peak = 2787.512 ; gain = 1265.875 ; free physical = 355 ; free virtual = 1777
INFO: [Common 17-2834] synth_design peak Physical Memory [PSS] (MB): overall = 1837.555; main = 1763.246; forked = 229.536
INFO: [Common 17-2834] synth_design peak Virtual Memory [VSS] (MB): overall = 3541.508; main = 2787.480; forked = 963.875
INFO: [Coretcl 2-1174] Renamed 3 cell refs.
Write ShapeDB Complete: Time (s): cpu = 00:00:00.03 ; elapsed = 00:00:00.01 . Memory (MB): peak = 2811.488 ; gain = 0.000 ; free physical = 354 ; free virtual = 1777
INFO: [Common 17-1381] The checkpoint '/home/kowalski/Desktop/ETF/CETVRTA-GODINA/DVS/dvs25_projekat_g6/dvs25_projekat_g6.runs/image_filter_acc_image_filter_0_2_synth_1/image_filter_acc_image_filter_0_2.dcp' has been generated.
INFO: [Vivado 12-24828] Executing command : report_utilization -file image_filter_acc_image_filter_0_2_utilization_synth.rpt -pb image_filter_acc_image_filter_0_2_utilization_synth.pb
INFO: [Common 17-206] Exiting Vivado at Sun Mar  8 00:06:12 2026...
