Copyright 1986-2022 Xilinx, Inc. All Rights Reserved. Copyright 2022-2025 Advanced Micro Devices, Inc. All Rights Reserved.
---------------------------------------------------------------------------------------------------------------------------------------------------
| Tool Version : Vivado v.2025.1 (lin64) Build 6140274 Wed May 21 22:58:25 MDT 2025
| Date         : Sun Jun 21 15:27:24 2026
| Host         : yoga running 64-bit Ubuntu 24.04.4 LTS
| Command      : report_drc -file image_filter_wrapper_drc_opted.rpt -pb image_filter_wrapper_drc_opted.pb -rpx image_filter_wrapper_drc_opted.rpx
| Design       : image_filter_wrapper
| Device       : xc7z020clg400-1
| Speed File   : -1
| Design State : Synthesized
---------------------------------------------------------------------------------------------------------------------------------------------------

Report DRC

Table of Contents
-----------------
1. REPORT SUMMARY
2. REPORT DETAILS

1. REPORT SUMMARY
-----------------
            Netlist: netlist
          Floorplan: checkpoint_image_filter_wrapper
      Design limits: <entire design considered>
           Ruledeck: default
             Max checks: <unlimited>
             Checks found: 172
+----------+----------+------------------------+--------+
| Rule     | Severity | Description            | Checks |
+----------+----------+------------------------+--------+
| DPIP-1   | Warning  | Input pipelining       | 166    |
| DPOP-1   | Warning  | PREG Output pipelining | 2      |
| DPOP-2   | Warning  | MREG Output pipelining | 2      |
| REQP-181 | Advisory | writefirst             | 2      |
+----------+----------+------------------------+--------+

2. REPORT DETAILS
-----------------
DPIP-1#1 Warning
Input pipelining  
DSP image_filter_i/acc_image_filter_0/U0/u_alu/products_reg_reg[0,8] input image_filter_i/acc_image_filter_0/U0/u_alu/products_reg_reg[0,8]/A[29:0] is not pipelined. Pipelining DSP48 input will improve performance.
Related violations: <none>

DPIP-1#2 Warning
Input pipelining  
DSP image_filter_i/acc_image_filter_0/U0/u_alu/products_reg_reg[0,8] input image_filter_i/acc_image_filter_0/U0/u_alu/products_reg_reg[0,8]/B[17:0] is not pipelined. Pipelining DSP48 input will improve performance.
Related violations: <none>

DPIP-1#3 Warning
Input pipelining  
DSP image_filter_i/acc_image_filter_0/U0/u_alu/products_reg_reg[1,8] input image_filter_i/acc_image_filter_0/U0/u_alu/products_reg_reg[1,8]/A[29:0] is not pipelined. Pipelining DSP48 input will improve performance.
Related violations: <none>

DPIP-1#4 Warning
Input pipelining  
DSP image_filter_i/acc_image_filter_0/U0/u_alu/products_reg_reg[1,8] input image_filter_i/acc_image_filter_0/U0/u_alu/products_reg_reg[1,8]/B[17:0] is not pipelined. Pipelining DSP48 input will improve performance.
Related violations: <none>

DPIP-1#5 Warning
Input pipelining  
DSP image_filter_i/acc_image_filter_0/U0/u_alu/products_reg_reg[2,8] input image_filter_i/acc_image_filter_0/U0/u_alu/products_reg_reg[2,8]/A[29:0] is not pipelined. Pipelining DSP48 input will improve performance.
Related violations: <none>

DPIP-1#6 Warning
Input pipelining  
DSP image_filter_i/acc_image_filter_0/U0/u_alu/products_reg_reg[2,8] input image_filter_i/acc_image_filter_0/U0/u_alu/products_reg_reg[2,8]/B[17:0] is not pipelined. Pipelining DSP48 input will improve performance.
Related violations: <none>

DPIP-1#7 Warning
Input pipelining  
DSP image_filter_i/acc_image_filter_0/U0/u_alu/products_reg_reg[3,8] input image_filter_i/acc_image_filter_0/U0/u_alu/products_reg_reg[3,8]/A[29:0] is not pipelined. Pipelining DSP48 input will improve performance.
Related violations: <none>

DPIP-1#8 Warning
Input pipelining  
DSP image_filter_i/acc_image_filter_0/U0/u_alu/products_reg_reg[3,8] input image_filter_i/acc_image_filter_0/U0/u_alu/products_reg_reg[3,8]/B[17:0] is not pipelined. Pipelining DSP48 input will improve performance.
Related violations: <none>

DPIP-1#9 Warning
Input pipelining  
DSP image_filter_i/acc_image_filter_0/U0/u_alu/products_reg_reg[4,8] input image_filter_i/acc_image_filter_0/U0/u_alu/products_reg_reg[4,8]/A[29:0] is not pipelined. Pipelining DSP48 input will improve performance.
Related violations: <none>

DPIP-1#10 Warning
Input pipelining  
DSP image_filter_i/acc_image_filter_0/U0/u_alu/products_reg_reg[4,8] input image_filter_i/acc_image_filter_0/U0/u_alu/products_reg_reg[4,8]/B[17:0] is not pipelined. Pipelining DSP48 input will improve performance.
Related violations: <none>

DPIP-1#11 Warning
Input pipelining  
DSP image_filter_i/acc_image_filter_0/U0/u_alu/products_reg_reg[5,8] input image_filter_i/acc_image_filter_0/U0/u_alu/products_reg_reg[5,8]/A[29:0] is not pipelined. Pipelining DSP48 input will improve performance.
Related violations: <none>

DPIP-1#12 Warning
Input pipelining  
DSP image_filter_i/acc_image_filter_0/U0/u_alu/products_reg_reg[5,8] input image_filter_i/acc_image_filter_0/U0/u_alu/products_reg_reg[5,8]/B[17:0] is not pipelined. Pipelining DSP48 input will improve performance.
Related violations: <none>

DPIP-1#13 Warning
Input pipelining  
DSP image_filter_i/acc_image_filter_0/U0/u_alu/products_reg_reg[6,8] input image_filter_i/acc_image_filter_0/U0/u_alu/products_reg_reg[6,8]/A[29:0] is not pipelined. Pipelining DSP48 input will improve performance.
Related violations: <none>

DPIP-1#14 Warning
Input pipelining  
DSP image_filter_i/acc_image_filter_0/U0/u_alu/products_reg_reg[6,8] input image_filter_i/acc_image_filter_0/U0/u_alu/products_reg_reg[6,8]/B[17:0] is not pipelined. Pipelining DSP48 input will improve performance.
Related violations: <none>

DPIP-1#15 Warning
Input pipelining  
DSP image_filter_i/acc_image_filter_0/U0/u_alu/products_reg_reg[7,8] input image_filter_i/acc_image_filter_0/U0/u_alu/products_reg_reg[7,8]/A[29:0] is not pipelined. Pipelining DSP48 input will improve performance.
Related violations: <none>

DPIP-1#16 Warning
Input pipelining  
DSP image_filter_i/acc_image_filter_0/U0/u_alu/products_reg_reg[7,8] input image_filter_i/acc_image_filter_0/U0/u_alu/products_reg_reg[7,8]/B[17:0] is not pipelined. Pipelining DSP48 input will improve performance.
Related violations: <none>

DPIP-1#17 Warning
Input pipelining  
DSP image_filter_i/acc_image_filter_0/U0/u_alu/products_reg_reg[8,8] input image_filter_i/acc_image_filter_0/U0/u_alu/products_reg_reg[8,8]/A[29:0] is not pipelined. Pipelining DSP48 input will improve performance.
Related violations: <none>

DPIP-1#18 Warning
Input pipelining  
DSP image_filter_i/acc_image_filter_0/U0/u_alu/products_reg_reg[8,8] input image_filter_i/acc_image_filter_0/U0/u_alu/products_reg_reg[8,8]/B[17:0] is not pipelined. Pipelining DSP48 input will improve performance.
Related violations: <none>

DPIP-1#19 Warning
Input pipelining  
DSP image_filter_i/acc_image_filter_0/U0/u_alu/row_sums_reg_reg[0] input image_filter_i/acc_image_filter_0/U0/u_alu/row_sums_reg_reg[0]/A[29:0] is not pipelined. Pipelining DSP48 input will improve performance.
Related violations: <none>

DPIP-1#20 Warning
Input pipelining  
DSP image_filter_i/acc_image_filter_0/U0/u_alu/row_sums_reg_reg[0] input image_filter_i/acc_image_filter_0/U0/u_alu/row_sums_reg_reg[0]/B[17:0] is not pipelined. Pipelining DSP48 input will improve performance.
Related violations: <none>

DPIP-1#21 Warning
Input pipelining  
DSP image_filter_i/acc_image_filter_0/U0/u_alu/row_sums_reg_reg[0]0 input image_filter_i/acc_image_filter_0/U0/u_alu/row_sums_reg_reg[0]0/A[29:0] is not pipelined. Pipelining DSP48 input will improve performance.
Related violations: <none>

DPIP-1#22 Warning
Input pipelining  
DSP image_filter_i/acc_image_filter_0/U0/u_alu/row_sums_reg_reg[0]0 input image_filter_i/acc_image_filter_0/U0/u_alu/row_sums_reg_reg[0]0/B[17:0] is not pipelined. Pipelining DSP48 input will improve performance.
Related violations: <none>

DPIP-1#23 Warning
Input pipelining  
DSP image_filter_i/acc_image_filter_0/U0/u_alu/row_sums_reg_reg[0]0__0 input image_filter_i/acc_image_filter_0/U0/u_alu/row_sums_reg_reg[0]0__0/A[29:0] is not pipelined. Pipelining DSP48 input will improve performance.
Related violations: <none>

DPIP-1#24 Warning
Input pipelining  
DSP image_filter_i/acc_image_filter_0/U0/u_alu/row_sums_reg_reg[0]0__0 input image_filter_i/acc_image_filter_0/U0/u_alu/row_sums_reg_reg[0]0__0/B[17:0] is not pipelined. Pipelining DSP48 input will improve performance.
Related violations: <none>

DPIP-1#25 Warning
Input pipelining  
DSP image_filter_i/acc_image_filter_0/U0/u_alu/row_sums_reg_reg[0]0__1 input image_filter_i/acc_image_filter_0/U0/u_alu/row_sums_reg_reg[0]0__1/A[29:0] is not pipelined. Pipelining DSP48 input will improve performance.
Related violations: <none>

DPIP-1#26 Warning
Input pipelining  
DSP image_filter_i/acc_image_filter_0/U0/u_alu/row_sums_reg_reg[0]0__1 input image_filter_i/acc_image_filter_0/U0/u_alu/row_sums_reg_reg[0]0__1/B[17:0] is not pipelined. Pipelining DSP48 input will improve performance.
Related violations: <none>

DPIP-1#27 Warning
Input pipelining  
DSP image_filter_i/acc_image_filter_0/U0/u_alu/row_sums_reg_reg[0]0__2 input image_filter_i/acc_image_filter_0/U0/u_alu/row_sums_reg_reg[0]0__2/A[29:0] is not pipelined. Pipelining DSP48 input will improve performance.
Related violations: <none>

DPIP-1#28 Warning
Input pipelining  
DSP image_filter_i/acc_image_filter_0/U0/u_alu/row_sums_reg_reg[0]0__2 input image_filter_i/acc_image_filter_0/U0/u_alu/row_sums_reg_reg[0]0__2/B[17:0] is not pipelined. Pipelining DSP48 input will improve performance.
Related violations: <none>

DPIP-1#29 Warning
Input pipelining  
DSP image_filter_i/acc_image_filter_0/U0/u_alu/row_sums_reg_reg[0]0__3 input image_filter_i/acc_image_filter_0/U0/u_alu/row_sums_reg_reg[0]0__3/A[29:0] is not pipelined. Pipelining DSP48 input will improve performance.
Related violations: <none>

DPIP-1#30 Warning
Input pipelining  
DSP image_filter_i/acc_image_filter_0/U0/u_alu/row_sums_reg_reg[0]0__3 input image_filter_i/acc_image_filter_0/U0/u_alu/row_sums_reg_reg[0]0__3/B[17:0] is not pipelined. Pipelining DSP48 input will improve performance.
Related violations: <none>

DPIP-1#31 Warning
Input pipelining  
DSP image_filter_i/acc_image_filter_0/U0/u_alu/row_sums_reg_reg[0]0__4 input image_filter_i/acc_image_filter_0/U0/u_alu/row_sums_reg_reg[0]0__4/A[29:0] is not pipelined. Pipelining DSP48 input will improve performance.
Related violations: <none>

DPIP-1#32 Warning
Input pipelining  
DSP image_filter_i/acc_image_filter_0/U0/u_alu/row_sums_reg_reg[0]0__4 input image_filter_i/acc_image_filter_0/U0/u_alu/row_sums_reg_reg[0]0__4/B[17:0] is not pipelined. Pipelining DSP48 input will improve performance.
Related violations: <none>

DPIP-1#33 Warning
Input pipelining  
DSP image_filter_i/acc_image_filter_0/U0/u_alu/row_sums_reg_reg[0]0__5 input image_filter_i/acc_image_filter_0/U0/u_alu/row_sums_reg_reg[0]0__5/A[29:0] is not pipelined. Pipelining DSP48 input will improve performance.
Related violations: <none>

DPIP-1#34 Warning
Input pipelining  
DSP image_filter_i/acc_image_filter_0/U0/u_alu/row_sums_reg_reg[0]0__5 input image_filter_i/acc_image_filter_0/U0/u_alu/row_sums_reg_reg[0]0__5/B[17:0] is not pipelined. Pipelining DSP48 input will improve performance.
Related violations: <none>

DPIP-1#35 Warning
Input pipelining  
DSP image_filter_i/acc_image_filter_0/U0/u_alu/row_sums_reg_reg[1] input image_filter_i/acc_image_filter_0/U0/u_alu/row_sums_reg_reg[1]/A[29:0] is not pipelined. Pipelining DSP48 input will improve performance.
Related violations: <none>

DPIP-1#36 Warning
Input pipelining  
DSP image_filter_i/acc_image_filter_0/U0/u_alu/row_sums_reg_reg[1] input image_filter_i/acc_image_filter_0/U0/u_alu/row_sums_reg_reg[1]/B[17:0] is not pipelined. Pipelining DSP48 input will improve performance.
Related violations: <none>

DPIP-1#37 Warning
Input pipelining  
DSP image_filter_i/acc_image_filter_0/U0/u_alu/row_sums_reg_reg[1]0 input image_filter_i/acc_image_filter_0/U0/u_alu/row_sums_reg_reg[1]0/A[29:0] is not pipelined. Pipelining DSP48 input will improve performance.
Related violations: <none>

DPIP-1#38 Warning
Input pipelining  
DSP image_filter_i/acc_image_filter_0/U0/u_alu/row_sums_reg_reg[1]0 input image_filter_i/acc_image_filter_0/U0/u_alu/row_sums_reg_reg[1]0/B[17:0] is not pipelined. Pipelining DSP48 input will improve performance.
Related violations: <none>

DPIP-1#39 Warning
Input pipelining  
DSP image_filter_i/acc_image_filter_0/U0/u_alu/row_sums_reg_reg[1]0__0 input image_filter_i/acc_image_filter_0/U0/u_alu/row_sums_reg_reg[1]0__0/A[29:0] is not pipelined. Pipelining DSP48 input will improve performance.
Related violations: <none>

DPIP-1#40 Warning
Input pipelining  
DSP image_filter_i/acc_image_filter_0/U0/u_alu/row_sums_reg_reg[1]0__0 input image_filter_i/acc_image_filter_0/U0/u_alu/row_sums_reg_reg[1]0__0/B[17:0] is not pipelined. Pipelining DSP48 input will improve performance.
Related violations: <none>

DPIP-1#41 Warning
Input pipelining  
DSP image_filter_i/acc_image_filter_0/U0/u_alu/row_sums_reg_reg[1]0__1 input image_filter_i/acc_image_filter_0/U0/u_alu/row_sums_reg_reg[1]0__1/A[29:0] is not pipelined. Pipelining DSP48 input will improve performance.
Related violations: <none>

DPIP-1#42 Warning
Input pipelining  
DSP image_filter_i/acc_image_filter_0/U0/u_alu/row_sums_reg_reg[1]0__1 input image_filter_i/acc_image_filter_0/U0/u_alu/row_sums_reg_reg[1]0__1/B[17:0] is not pipelined. Pipelining DSP48 input will improve performance.
Related violations: <none>

DPIP-1#43 Warning
Input pipelining  
DSP image_filter_i/acc_image_filter_0/U0/u_alu/row_sums_reg_reg[1]0__2 input image_filter_i/acc_image_filter_0/U0/u_alu/row_sums_reg_reg[1]0__2/A[29:0] is not pipelined. Pipelining DSP48 input will improve performance.
Related violations: <none>

DPIP-1#44 Warning
Input pipelining  
DSP image_filter_i/acc_image_filter_0/U0/u_alu/row_sums_reg_reg[1]0__2 input image_filter_i/acc_image_filter_0/U0/u_alu/row_sums_reg_reg[1]0__2/B[17:0] is not pipelined. Pipelining DSP48 input will improve performance.
Related violations: <none>

DPIP-1#45 Warning
Input pipelining  
DSP image_filter_i/acc_image_filter_0/U0/u_alu/row_sums_reg_reg[1]0__3 input image_filter_i/acc_image_filter_0/U0/u_alu/row_sums_reg_reg[1]0__3/A[29:0] is not pipelined. Pipelining DSP48 input will improve performance.
Related violations: <none>

DPIP-1#46 Warning
Input pipelining  
DSP image_filter_i/acc_image_filter_0/U0/u_alu/row_sums_reg_reg[1]0__3 input image_filter_i/acc_image_filter_0/U0/u_alu/row_sums_reg_reg[1]0__3/B[17:0] is not pipelined. Pipelining DSP48 input will improve performance.
Related violations: <none>

DPIP-1#47 Warning
Input pipelining  
DSP image_filter_i/acc_image_filter_0/U0/u_alu/row_sums_reg_reg[1]0__4 input image_filter_i/acc_image_filter_0/U0/u_alu/row_sums_reg_reg[1]0__4/A[29:0] is not pipelined. Pipelining DSP48 input will improve performance.
Related violations: <none>

DPIP-1#48 Warning
Input pipelining  
DSP image_filter_i/acc_image_filter_0/U0/u_alu/row_sums_reg_reg[1]0__4 input image_filter_i/acc_image_filter_0/U0/u_alu/row_sums_reg_reg[1]0__4/B[17:0] is not pipelined. Pipelining DSP48 input will improve performance.
Related violations: <none>

DPIP-1#49 Warning
Input pipelining  
DSP image_filter_i/acc_image_filter_0/U0/u_alu/row_sums_reg_reg[1]0__5 input image_filter_i/acc_image_filter_0/U0/u_alu/row_sums_reg_reg[1]0__5/A[29:0] is not pipelined. Pipelining DSP48 input will improve performance.
Related violations: <none>

DPIP-1#50 Warning
Input pipelining  
DSP image_filter_i/acc_image_filter_0/U0/u_alu/row_sums_reg_reg[1]0__5 input image_filter_i/acc_image_filter_0/U0/u_alu/row_sums_reg_reg[1]0__5/B[17:0] is not pipelined. Pipelining DSP48 input will improve performance.
Related violations: <none>

DPIP-1#51 Warning
Input pipelining  
DSP image_filter_i/acc_image_filter_0/U0/u_alu/row_sums_reg_reg[2] input image_filter_i/acc_image_filter_0/U0/u_alu/row_sums_reg_reg[2]/A[29:0] is not pipelined. Pipelining DSP48 input will improve performance.
Related violations: <none>

DPIP-1#52 Warning
Input pipelining  
DSP image_filter_i/acc_image_filter_0/U0/u_alu/row_sums_reg_reg[2] input image_filter_i/acc_image_filter_0/U0/u_alu/row_sums_reg_reg[2]/B[17:0] is not pipelined. Pipelining DSP48 input will improve performance.
Related violations: <none>

DPIP-1#53 Warning
Input pipelining  
DSP image_filter_i/acc_image_filter_0/U0/u_alu/row_sums_reg_reg[2]0 input image_filter_i/acc_image_filter_0/U0/u_alu/row_sums_reg_reg[2]0/A[29:0] is not pipelined. Pipelining DSP48 input will improve performance.
Related violations: <none>

DPIP-1#54 Warning
Input pipelining  
DSP image_filter_i/acc_image_filter_0/U0/u_alu/row_sums_reg_reg[2]0 input image_filter_i/acc_image_filter_0/U0/u_alu/row_sums_reg_reg[2]0/B[17:0] is not pipelined. Pipelining DSP48 input will improve performance.
Related violations: <none>

DPIP-1#55 Warning
Input pipelining  
DSP image_filter_i/acc_image_filter_0/U0/u_alu/row_sums_reg_reg[2]0__0 input image_filter_i/acc_image_filter_0/U0/u_alu/row_sums_reg_reg[2]0__0/A[29:0] is not pipelined. Pipelining DSP48 input will improve performance.
Related violations: <none>

DPIP-1#56 Warning
Input pipelining  
DSP image_filter_i/acc_image_filter_0/U0/u_alu/row_sums_reg_reg[2]0__0 input image_filter_i/acc_image_filter_0/U0/u_alu/row_sums_reg_reg[2]0__0/B[17:0] is not pipelined. Pipelining DSP48 input will improve performance.
Related violations: <none>

DPIP-1#57 Warning
Input pipelining  
DSP image_filter_i/acc_image_filter_0/U0/u_alu/row_sums_reg_reg[2]0__1 input image_filter_i/acc_image_filter_0/U0/u_alu/row_sums_reg_reg[2]0__1/A[29:0] is not pipelined. Pipelining DSP48 input will improve performance.
Related violations: <none>

DPIP-1#58 Warning
Input pipelining  
DSP image_filter_i/acc_image_filter_0/U0/u_alu/row_sums_reg_reg[2]0__1 input image_filter_i/acc_image_filter_0/U0/u_alu/row_sums_reg_reg[2]0__1/B[17:0] is not pipelined. Pipelining DSP48 input will improve performance.
Related violations: <none>

DPIP-1#59 Warning
Input pipelining  
DSP image_filter_i/acc_image_filter_0/U0/u_alu/row_sums_reg_reg[2]0__2 input image_filter_i/acc_image_filter_0/U0/u_alu/row_sums_reg_reg[2]0__2/A[29:0] is not pipelined. Pipelining DSP48 input will improve performance.
Related violations: <none>

DPIP-1#60 Warning
Input pipelining  
DSP image_filter_i/acc_image_filter_0/U0/u_alu/row_sums_reg_reg[2]0__2 input image_filter_i/acc_image_filter_0/U0/u_alu/row_sums_reg_reg[2]0__2/B[17:0] is not pipelined. Pipelining DSP48 input will improve performance.
Related violations: <none>

DPIP-1#61 Warning
Input pipelining  
DSP image_filter_i/acc_image_filter_0/U0/u_alu/row_sums_reg_reg[2]0__3 input image_filter_i/acc_image_filter_0/U0/u_alu/row_sums_reg_reg[2]0__3/A[29:0] is not pipelined. Pipelining DSP48 input will improve performance.
Related violations: <none>

DPIP-1#62 Warning
Input pipelining  
DSP image_filter_i/acc_image_filter_0/U0/u_alu/row_sums_reg_reg[2]0__3 input image_filter_i/acc_image_filter_0/U0/u_alu/row_sums_reg_reg[2]0__3/B[17:0] is not pipelined. Pipelining DSP48 input will improve performance.
Related violations: <none>

DPIP-1#63 Warning
Input pipelining  
DSP image_filter_i/acc_image_filter_0/U0/u_alu/row_sums_reg_reg[2]0__4 input image_filter_i/acc_image_filter_0/U0/u_alu/row_sums_reg_reg[2]0__4/A[29:0] is not pipelined. Pipelining DSP48 input will improve performance.
Related violations: <none>

DPIP-1#64 Warning
Input pipelining  
DSP image_filter_i/acc_image_filter_0/U0/u_alu/row_sums_reg_reg[2]0__4 input image_filter_i/acc_image_filter_0/U0/u_alu/row_sums_reg_reg[2]0__4/B[17:0] is not pipelined. Pipelining DSP48 input will improve performance.
Related violations: <none>

DPIP-1#65 Warning
Input pipelining  
DSP image_filter_i/acc_image_filter_0/U0/u_alu/row_sums_reg_reg[2]0__5 input image_filter_i/acc_image_filter_0/U0/u_alu/row_sums_reg_reg[2]0__5/A[29:0] is not pipelined. Pipelining DSP48 input will improve performance.
Related violations: <none>

DPIP-1#66 Warning
Input pipelining  
DSP image_filter_i/acc_image_filter_0/U0/u_alu/row_sums_reg_reg[2]0__5 input image_filter_i/acc_image_filter_0/U0/u_alu/row_sums_reg_reg[2]0__5/B[17:0] is not pipelined. Pipelining DSP48 input will improve performance.
Related violations: <none>

DPIP-1#67 Warning
Input pipelining  
DSP image_filter_i/acc_image_filter_0/U0/u_alu/row_sums_reg_reg[3] input image_filter_i/acc_image_filter_0/U0/u_alu/row_sums_reg_reg[3]/A[29:0] is not pipelined. Pipelining DSP48 input will improve performance.
Related violations: <none>

DPIP-1#68 Warning
Input pipelining  
DSP image_filter_i/acc_image_filter_0/U0/u_alu/row_sums_reg_reg[3] input image_filter_i/acc_image_filter_0/U0/u_alu/row_sums_reg_reg[3]/B[17:0] is not pipelined. Pipelining DSP48 input will improve performance.
Related violations: <none>

DPIP-1#69 Warning
Input pipelining  
DSP image_filter_i/acc_image_filter_0/U0/u_alu/row_sums_reg_reg[3]0 input image_filter_i/acc_image_filter_0/U0/u_alu/row_sums_reg_reg[3]0/A[29:0] is not pipelined. Pipelining DSP48 input will improve performance.
Related violations: <none>

DPIP-1#70 Warning
Input pipelining  
DSP image_filter_i/acc_image_filter_0/U0/u_alu/row_sums_reg_reg[3]0 input image_filter_i/acc_image_filter_0/U0/u_alu/row_sums_reg_reg[3]0/B[17:0] is not pipelined. Pipelining DSP48 input will improve performance.
Related violations: <none>

DPIP-1#71 Warning
Input pipelining  
DSP image_filter_i/acc_image_filter_0/U0/u_alu/row_sums_reg_reg[3]0__0 input image_filter_i/acc_image_filter_0/U0/u_alu/row_sums_reg_reg[3]0__0/A[29:0] is not pipelined. Pipelining DSP48 input will improve performance.
Related violations: <none>

DPIP-1#72 Warning
Input pipelining  
DSP image_filter_i/acc_image_filter_0/U0/u_alu/row_sums_reg_reg[3]0__0 input image_filter_i/acc_image_filter_0/U0/u_alu/row_sums_reg_reg[3]0__0/B[17:0] is not pipelined. Pipelining DSP48 input will improve performance.
Related violations: <none>

DPIP-1#73 Warning
Input pipelining  
DSP image_filter_i/acc_image_filter_0/U0/u_alu/row_sums_reg_reg[3]0__1 input image_filter_i/acc_image_filter_0/U0/u_alu/row_sums_reg_reg[3]0__1/A[29:0] is not pipelined. Pipelining DSP48 input will improve performance.
Related violations: <none>

DPIP-1#74 Warning
Input pipelining  
DSP image_filter_i/acc_image_filter_0/U0/u_alu/row_sums_reg_reg[3]0__1 input image_filter_i/acc_image_filter_0/U0/u_alu/row_sums_reg_reg[3]0__1/B[17:0] is not pipelined. Pipelining DSP48 input will improve performance.
Related violations: <none>

DPIP-1#75 Warning
Input pipelining  
DSP image_filter_i/acc_image_filter_0/U0/u_alu/row_sums_reg_reg[3]0__2 input image_filter_i/acc_image_filter_0/U0/u_alu/row_sums_reg_reg[3]0__2/A[29:0] is not pipelined. Pipelining DSP48 input will improve performance.
Related violations: <none>

DPIP-1#76 Warning
Input pipelining  
DSP image_filter_i/acc_image_filter_0/U0/u_alu/row_sums_reg_reg[3]0__2 input image_filter_i/acc_image_filter_0/U0/u_alu/row_sums_reg_reg[3]0__2/B[17:0] is not pipelined. Pipelining DSP48 input will improve performance.
Related violations: <none>

DPIP-1#77 Warning
Input pipelining  
DSP image_filter_i/acc_image_filter_0/U0/u_alu/row_sums_reg_reg[3]0__3 input image_filter_i/acc_image_filter_0/U0/u_alu/row_sums_reg_reg[3]0__3/A[29:0] is not pipelined. Pipelining DSP48 input will improve performance.
Related violations: <none>

DPIP-1#78 Warning
Input pipelining  
DSP image_filter_i/acc_image_filter_0/U0/u_alu/row_sums_reg_reg[3]0__3 input image_filter_i/acc_image_filter_0/U0/u_alu/row_sums_reg_reg[3]0__3/B[17:0] is not pipelined. Pipelining DSP48 input will improve performance.
Related violations: <none>

DPIP-1#79 Warning
Input pipelining  
DSP image_filter_i/acc_image_filter_0/U0/u_alu/row_sums_reg_reg[3]0__4 input image_filter_i/acc_image_filter_0/U0/u_alu/row_sums_reg_reg[3]0__4/A[29:0] is not pipelined. Pipelining DSP48 input will improve performance.
Related violations: <none>

DPIP-1#80 Warning
Input pipelining  
DSP image_filter_i/acc_image_filter_0/U0/u_alu/row_sums_reg_reg[3]0__4 input image_filter_i/acc_image_filter_0/U0/u_alu/row_sums_reg_reg[3]0__4/B[17:0] is not pipelined. Pipelining DSP48 input will improve performance.
Related violations: <none>

DPIP-1#81 Warning
Input pipelining  
DSP image_filter_i/acc_image_filter_0/U0/u_alu/row_sums_reg_reg[3]0__5 input image_filter_i/acc_image_filter_0/U0/u_alu/row_sums_reg_reg[3]0__5/A[29:0] is not pipelined. Pipelining DSP48 input will improve performance.
Related violations: <none>

DPIP-1#82 Warning
Input pipelining  
DSP image_filter_i/acc_image_filter_0/U0/u_alu/row_sums_reg_reg[3]0__5 input image_filter_i/acc_image_filter_0/U0/u_alu/row_sums_reg_reg[3]0__5/B[17:0] is not pipelined. Pipelining DSP48 input will improve performance.
Related violations: <none>

DPIP-1#83 Warning
Input pipelining  
DSP image_filter_i/acc_image_filter_0/U0/u_alu/row_sums_reg_reg[4] input image_filter_i/acc_image_filter_0/U0/u_alu/row_sums_reg_reg[4]/A[29:0] is not pipelined. Pipelining DSP48 input will improve performance.
Related violations: <none>

DPIP-1#84 Warning
Input pipelining  
DSP image_filter_i/acc_image_filter_0/U0/u_alu/row_sums_reg_reg[4] input image_filter_i/acc_image_filter_0/U0/u_alu/row_sums_reg_reg[4]/B[17:0] is not pipelined. Pipelining DSP48 input will improve performance.
Related violations: <none>

DPIP-1#85 Warning
Input pipelining  
DSP image_filter_i/acc_image_filter_0/U0/u_alu/row_sums_reg_reg[4]0 input image_filter_i/acc_image_filter_0/U0/u_alu/row_sums_reg_reg[4]0/A[29:0] is not pipelined. Pipelining DSP48 input will improve performance.
Related violations: <none>

DPIP-1#86 Warning
Input pipelining  
DSP image_filter_i/acc_image_filter_0/U0/u_alu/row_sums_reg_reg[4]0 input image_filter_i/acc_image_filter_0/U0/u_alu/row_sums_reg_reg[4]0/B[17:0] is not pipelined. Pipelining DSP48 input will improve performance.
Related violations: <none>

DPIP-1#87 Warning
Input pipelining  
DSP image_filter_i/acc_image_filter_0/U0/u_alu/row_sums_reg_reg[4]0__0 input image_filter_i/acc_image_filter_0/U0/u_alu/row_sums_reg_reg[4]0__0/A[29:0] is not pipelined. Pipelining DSP48 input will improve performance.
Related violations: <none>

DPIP-1#88 Warning
Input pipelining  
DSP image_filter_i/acc_image_filter_0/U0/u_alu/row_sums_reg_reg[4]0__0 input image_filter_i/acc_image_filter_0/U0/u_alu/row_sums_reg_reg[4]0__0/B[17:0] is not pipelined. Pipelining DSP48 input will improve performance.
Related violations: <none>

DPIP-1#89 Warning
Input pipelining  
DSP image_filter_i/acc_image_filter_0/U0/u_alu/row_sums_reg_reg[4]0__1 input image_filter_i/acc_image_filter_0/U0/u_alu/row_sums_reg_reg[4]0__1/A[29:0] is not pipelined. Pipelining DSP48 input will improve performance.
Related violations: <none>

DPIP-1#90 Warning
Input pipelining  
DSP image_filter_i/acc_image_filter_0/U0/u_alu/row_sums_reg_reg[4]0__1 input image_filter_i/acc_image_filter_0/U0/u_alu/row_sums_reg_reg[4]0__1/B[17:0] is not pipelined. Pipelining DSP48 input will improve performance.
Related violations: <none>

DPIP-1#91 Warning
Input pipelining  
DSP image_filter_i/acc_image_filter_0/U0/u_alu/row_sums_reg_reg[4]0__2 input image_filter_i/acc_image_filter_0/U0/u_alu/row_sums_reg_reg[4]0__2/A[29:0] is not pipelined. Pipelining DSP48 input will improve performance.
Related violations: <none>

DPIP-1#92 Warning
Input pipelining  
DSP image_filter_i/acc_image_filter_0/U0/u_alu/row_sums_reg_reg[4]0__2 input image_filter_i/acc_image_filter_0/U0/u_alu/row_sums_reg_reg[4]0__2/B[17:0] is not pipelined. Pipelining DSP48 input will improve performance.
Related violations: <none>

DPIP-1#93 Warning
Input pipelining  
DSP image_filter_i/acc_image_filter_0/U0/u_alu/row_sums_reg_reg[4]0__3 input image_filter_i/acc_image_filter_0/U0/u_alu/row_sums_reg_reg[4]0__3/A[29:0] is not pipelined. Pipelining DSP48 input will improve performance.
Related violations: <none>

DPIP-1#94 Warning
Input pipelining  
DSP image_filter_i/acc_image_filter_0/U0/u_alu/row_sums_reg_reg[4]0__3 input image_filter_i/acc_image_filter_0/U0/u_alu/row_sums_reg_reg[4]0__3/B[17:0] is not pipelined. Pipelining DSP48 input will improve performance.
Related violations: <none>

DPIP-1#95 Warning
Input pipelining  
DSP image_filter_i/acc_image_filter_0/U0/u_alu/row_sums_reg_reg[4]0__4 input image_filter_i/acc_image_filter_0/U0/u_alu/row_sums_reg_reg[4]0__4/A[29:0] is not pipelined. Pipelining DSP48 input will improve performance.
Related violations: <none>

DPIP-1#96 Warning
Input pipelining  
DSP image_filter_i/acc_image_filter_0/U0/u_alu/row_sums_reg_reg[4]0__4 input image_filter_i/acc_image_filter_0/U0/u_alu/row_sums_reg_reg[4]0__4/B[17:0] is not pipelined. Pipelining DSP48 input will improve performance.
Related violations: <none>

DPIP-1#97 Warning
Input pipelining  
DSP image_filter_i/acc_image_filter_0/U0/u_alu/row_sums_reg_reg[4]0__5 input image_filter_i/acc_image_filter_0/U0/u_alu/row_sums_reg_reg[4]0__5/A[29:0] is not pipelined. Pipelining DSP48 input will improve performance.
Related violations: <none>

DPIP-1#98 Warning
Input pipelining  
DSP image_filter_i/acc_image_filter_0/U0/u_alu/row_sums_reg_reg[4]0__5 input image_filter_i/acc_image_filter_0/U0/u_alu/row_sums_reg_reg[4]0__5/B[17:0] is not pipelined. Pipelining DSP48 input will improve performance.
Related violations: <none>

DPIP-1#99 Warning
Input pipelining  
DSP image_filter_i/acc_image_filter_0/U0/u_alu/row_sums_reg_reg[5] input image_filter_i/acc_image_filter_0/U0/u_alu/row_sums_reg_reg[5]/A[29:0] is not pipelined. Pipelining DSP48 input will improve performance.
Related violations: <none>

DPIP-1#100 Warning
Input pipelining  
DSP image_filter_i/acc_image_filter_0/U0/u_alu/row_sums_reg_reg[5] input image_filter_i/acc_image_filter_0/U0/u_alu/row_sums_reg_reg[5]/B[17:0] is not pipelined. Pipelining DSP48 input will improve performance.
Related violations: <none>

DPIP-1#101 Warning
Input pipelining  
DSP image_filter_i/acc_image_filter_0/U0/u_alu/row_sums_reg_reg[5]0 input image_filter_i/acc_image_filter_0/U0/u_alu/row_sums_reg_reg[5]0/A[29:0] is not pipelined. Pipelining DSP48 input will improve performance.
Related violations: <none>

DPIP-1#102 Warning
Input pipelining  
DSP image_filter_i/acc_image_filter_0/U0/u_alu/row_sums_reg_reg[5]0 input image_filter_i/acc_image_filter_0/U0/u_alu/row_sums_reg_reg[5]0/B[17:0] is not pipelined. Pipelining DSP48 input will improve performance.
Related violations: <none>

DPIP-1#103 Warning
Input pipelining  
DSP image_filter_i/acc_image_filter_0/U0/u_alu/row_sums_reg_reg[5]0__0 input image_filter_i/acc_image_filter_0/U0/u_alu/row_sums_reg_reg[5]0__0/A[29:0] is not pipelined. Pipelining DSP48 input will improve performance.
Related violations: <none>

DPIP-1#104 Warning
Input pipelining  
DSP image_filter_i/acc_image_filter_0/U0/u_alu/row_sums_reg_reg[5]0__0 input image_filter_i/acc_image_filter_0/U0/u_alu/row_sums_reg_reg[5]0__0/B[17:0] is not pipelined. Pipelining DSP48 input will improve performance.
Related violations: <none>

DPIP-1#105 Warning
Input pipelining  
DSP image_filter_i/acc_image_filter_0/U0/u_alu/row_sums_reg_reg[5]0__1 input image_filter_i/acc_image_filter_0/U0/u_alu/row_sums_reg_reg[5]0__1/A[29:0] is not pipelined. Pipelining DSP48 input will improve performance.
Related violations: <none>

DPIP-1#106 Warning
Input pipelining  
DSP image_filter_i/acc_image_filter_0/U0/u_alu/row_sums_reg_reg[5]0__1 input image_filter_i/acc_image_filter_0/U0/u_alu/row_sums_reg_reg[5]0__1/B[17:0] is not pipelined. Pipelining DSP48 input will improve performance.
Related violations: <none>

DPIP-1#107 Warning
Input pipelining  
DSP image_filter_i/acc_image_filter_0/U0/u_alu/row_sums_reg_reg[5]0__2 input image_filter_i/acc_image_filter_0/U0/u_alu/row_sums_reg_reg[5]0__2/A[29:0] is not pipelined. Pipelining DSP48 input will improve performance.
Related violations: <none>

DPIP-1#108 Warning
Input pipelining  
DSP image_filter_i/acc_image_filter_0/U0/u_alu/row_sums_reg_reg[5]0__2 input image_filter_i/acc_image_filter_0/U0/u_alu/row_sums_reg_reg[5]0__2/B[17:0] is not pipelined. Pipelining DSP48 input will improve performance.
Related violations: <none>

DPIP-1#109 Warning
Input pipelining  
DSP image_filter_i/acc_image_filter_0/U0/u_alu/row_sums_reg_reg[5]0__3 input image_filter_i/acc_image_filter_0/U0/u_alu/row_sums_reg_reg[5]0__3/A[29:0] is not pipelined. Pipelining DSP48 input will improve performance.
Related violations: <none>

DPIP-1#110 Warning
Input pipelining  
DSP image_filter_i/acc_image_filter_0/U0/u_alu/row_sums_reg_reg[5]0__3 input image_filter_i/acc_image_filter_0/U0/u_alu/row_sums_reg_reg[5]0__3/B[17:0] is not pipelined. Pipelining DSP48 input will improve performance.
Related violations: <none>

DPIP-1#111 Warning
Input pipelining  
DSP image_filter_i/acc_image_filter_0/U0/u_alu/row_sums_reg_reg[5]0__4 input image_filter_i/acc_image_filter_0/U0/u_alu/row_sums_reg_reg[5]0__4/A[29:0] is not pipelined. Pipelining DSP48 input will improve performance.
Related violations: <none>

DPIP-1#112 Warning
Input pipelining  
DSP image_filter_i/acc_image_filter_0/U0/u_alu/row_sums_reg_reg[5]0__4 input image_filter_i/acc_image_filter_0/U0/u_alu/row_sums_reg_reg[5]0__4/B[17:0] is not pipelined. Pipelining DSP48 input will improve performance.
Related violations: <none>

DPIP-1#113 Warning
Input pipelining  
DSP image_filter_i/acc_image_filter_0/U0/u_alu/row_sums_reg_reg[5]0__5 input image_filter_i/acc_image_filter_0/U0/u_alu/row_sums_reg_reg[5]0__5/A[29:0] is not pipelined. Pipelining DSP48 input will improve performance.
Related violations: <none>

DPIP-1#114 Warning
Input pipelining  
DSP image_filter_i/acc_image_filter_0/U0/u_alu/row_sums_reg_reg[5]0__5 input image_filter_i/acc_image_filter_0/U0/u_alu/row_sums_reg_reg[5]0__5/B[17:0] is not pipelined. Pipelining DSP48 input will improve performance.
Related violations: <none>

DPIP-1#115 Warning
Input pipelining  
DSP image_filter_i/acc_image_filter_0/U0/u_alu/row_sums_reg_reg[6] input image_filter_i/acc_image_filter_0/U0/u_alu/row_sums_reg_reg[6]/A[29:0] is not pipelined. Pipelining DSP48 input will improve performance.
Related violations: <none>

DPIP-1#116 Warning
Input pipelining  
DSP image_filter_i/acc_image_filter_0/U0/u_alu/row_sums_reg_reg[6] input image_filter_i/acc_image_filter_0/U0/u_alu/row_sums_reg_reg[6]/B[17:0] is not pipelined. Pipelining DSP48 input will improve performance.
Related violations: <none>

DPIP-1#117 Warning
Input pipelining  
DSP image_filter_i/acc_image_filter_0/U0/u_alu/row_sums_reg_reg[6]0 input image_filter_i/acc_image_filter_0/U0/u_alu/row_sums_reg_reg[6]0/A[29:0] is not pipelined. Pipelining DSP48 input will improve performance.
Related violations: <none>

DPIP-1#118 Warning
Input pipelining  
DSP image_filter_i/acc_image_filter_0/U0/u_alu/row_sums_reg_reg[6]0 input image_filter_i/acc_image_filter_0/U0/u_alu/row_sums_reg_reg[6]0/B[17:0] is not pipelined. Pipelining DSP48 input will improve performance.
Related violations: <none>

DPIP-1#119 Warning
Input pipelining  
DSP image_filter_i/acc_image_filter_0/U0/u_alu/row_sums_reg_reg[6]0__0 input image_filter_i/acc_image_filter_0/U0/u_alu/row_sums_reg_reg[6]0__0/A[29:0] is not pipelined. Pipelining DSP48 input will improve performance.
Related violations: <none>

DPIP-1#120 Warning
Input pipelining  
DSP image_filter_i/acc_image_filter_0/U0/u_alu/row_sums_reg_reg[6]0__0 input image_filter_i/acc_image_filter_0/U0/u_alu/row_sums_reg_reg[6]0__0/B[17:0] is not pipelined. Pipelining DSP48 input will improve performance.
Related violations: <none>

DPIP-1#121 Warning
Input pipelining  
DSP image_filter_i/acc_image_filter_0/U0/u_alu/row_sums_reg_reg[6]0__1 input image_filter_i/acc_image_filter_0/U0/u_alu/row_sums_reg_reg[6]0__1/A[29:0] is not pipelined. Pipelining DSP48 input will improve performance.
Related violations: <none>

DPIP-1#122 Warning
Input pipelining  
DSP image_filter_i/acc_image_filter_0/U0/u_alu/row_sums_reg_reg[6]0__1 input image_filter_i/acc_image_filter_0/U0/u_alu/row_sums_reg_reg[6]0__1/B[17:0] is not pipelined. Pipelining DSP48 input will improve performance.
Related violations: <none>

DPIP-1#123 Warning
Input pipelining  
DSP image_filter_i/acc_image_filter_0/U0/u_alu/row_sums_reg_reg[6]0__2 input image_filter_i/acc_image_filter_0/U0/u_alu/row_sums_reg_reg[6]0__2/A[29:0] is not pipelined. Pipelining DSP48 input will improve performance.
Related violations: <none>

DPIP-1#124 Warning
Input pipelining  
DSP image_filter_i/acc_image_filter_0/U0/u_alu/row_sums_reg_reg[6]0__2 input image_filter_i/acc_image_filter_0/U0/u_alu/row_sums_reg_reg[6]0__2/B[17:0] is not pipelined. Pipelining DSP48 input will improve performance.
Related violations: <none>

DPIP-1#125 Warning
Input pipelining  
DSP image_filter_i/acc_image_filter_0/U0/u_alu/row_sums_reg_reg[6]0__3 input image_filter_i/acc_image_filter_0/U0/u_alu/row_sums_reg_reg[6]0__3/A[29:0] is not pipelined. Pipelining DSP48 input will improve performance.
Related violations: <none>

DPIP-1#126 Warning
Input pipelining  
DSP image_filter_i/acc_image_filter_0/U0/u_alu/row_sums_reg_reg[6]0__3 input image_filter_i/acc_image_filter_0/U0/u_alu/row_sums_reg_reg[6]0__3/B[17:0] is not pipelined. Pipelining DSP48 input will improve performance.
Related violations: <none>

DPIP-1#127 Warning
Input pipelining  
DSP image_filter_i/acc_image_filter_0/U0/u_alu/row_sums_reg_reg[6]0__4 input image_filter_i/acc_image_filter_0/U0/u_alu/row_sums_reg_reg[6]0__4/A[29:0] is not pipelined. Pipelining DSP48 input will improve performance.
Related violations: <none>

DPIP-1#128 Warning
Input pipelining  
DSP image_filter_i/acc_image_filter_0/U0/u_alu/row_sums_reg_reg[6]0__4 input image_filter_i/acc_image_filter_0/U0/u_alu/row_sums_reg_reg[6]0__4/B[17:0] is not pipelined. Pipelining DSP48 input will improve performance.
Related violations: <none>

DPIP-1#129 Warning
Input pipelining  
DSP image_filter_i/acc_image_filter_0/U0/u_alu/row_sums_reg_reg[6]0__5 input image_filter_i/acc_image_filter_0/U0/u_alu/row_sums_reg_reg[6]0__5/A[29:0] is not pipelined. Pipelining DSP48 input will improve performance.
Related violations: <none>

DPIP-1#130 Warning
Input pipelining  
DSP image_filter_i/acc_image_filter_0/U0/u_alu/row_sums_reg_reg[6]0__5 input image_filter_i/acc_image_filter_0/U0/u_alu/row_sums_reg_reg[6]0__5/B[17:0] is not pipelined. Pipelining DSP48 input will improve performance.
Related violations: <none>

DPIP-1#131 Warning
Input pipelining  
DSP image_filter_i/acc_image_filter_0/U0/u_alu/row_sums_reg_reg[7] input image_filter_i/acc_image_filter_0/U0/u_alu/row_sums_reg_reg[7]/A[29:0] is not pipelined. Pipelining DSP48 input will improve performance.
Related violations: <none>

DPIP-1#132 Warning
Input pipelining  
DSP image_filter_i/acc_image_filter_0/U0/u_alu/row_sums_reg_reg[7] input image_filter_i/acc_image_filter_0/U0/u_alu/row_sums_reg_reg[7]/B[17:0] is not pipelined. Pipelining DSP48 input will improve performance.
Related violations: <none>

DPIP-1#133 Warning
Input pipelining  
DSP image_filter_i/acc_image_filter_0/U0/u_alu/row_sums_reg_reg[7]0 input image_filter_i/acc_image_filter_0/U0/u_alu/row_sums_reg_reg[7]0/A[29:0] is not pipelined. Pipelining DSP48 input will improve performance.
Related violations: <none>

DPIP-1#134 Warning
Input pipelining  
DSP image_filter_i/acc_image_filter_0/U0/u_alu/row_sums_reg_reg[7]0 input image_filter_i/acc_image_filter_0/U0/u_alu/row_sums_reg_reg[7]0/B[17:0] is not pipelined. Pipelining DSP48 input will improve performance.
Related violations: <none>

DPIP-1#135 Warning
Input pipelining  
DSP image_filter_i/acc_image_filter_0/U0/u_alu/row_sums_reg_reg[7]0__0 input image_filter_i/acc_image_filter_0/U0/u_alu/row_sums_reg_reg[7]0__0/A[29:0] is not pipelined. Pipelining DSP48 input will improve performance.
Related violations: <none>

DPIP-1#136 Warning
Input pipelining  
DSP image_filter_i/acc_image_filter_0/U0/u_alu/row_sums_reg_reg[7]0__0 input image_filter_i/acc_image_filter_0/U0/u_alu/row_sums_reg_reg[7]0__0/B[17:0] is not pipelined. Pipelining DSP48 input will improve performance.
Related violations: <none>

DPIP-1#137 Warning
Input pipelining  
DSP image_filter_i/acc_image_filter_0/U0/u_alu/row_sums_reg_reg[7]0__1 input image_filter_i/acc_image_filter_0/U0/u_alu/row_sums_reg_reg[7]0__1/A[29:0] is not pipelined. Pipelining DSP48 input will improve performance.
Related violations: <none>

DPIP-1#138 Warning
Input pipelining  
DSP image_filter_i/acc_image_filter_0/U0/u_alu/row_sums_reg_reg[7]0__1 input image_filter_i/acc_image_filter_0/U0/u_alu/row_sums_reg_reg[7]0__1/B[17:0] is not pipelined. Pipelining DSP48 input will improve performance.
Related violations: <none>

DPIP-1#139 Warning
Input pipelining  
DSP image_filter_i/acc_image_filter_0/U0/u_alu/row_sums_reg_reg[7]0__2 input image_filter_i/acc_image_filter_0/U0/u_alu/row_sums_reg_reg[7]0__2/A[29:0] is not pipelined. Pipelining DSP48 input will improve performance.
Related violations: <none>

DPIP-1#140 Warning
Input pipelining  
DSP image_filter_i/acc_image_filter_0/U0/u_alu/row_sums_reg_reg[7]0__2 input image_filter_i/acc_image_filter_0/U0/u_alu/row_sums_reg_reg[7]0__2/B[17:0] is not pipelined. Pipelining DSP48 input will improve performance.
Related violations: <none>

DPIP-1#141 Warning
Input pipelining  
DSP image_filter_i/acc_image_filter_0/U0/u_alu/row_sums_reg_reg[7]0__3 input image_filter_i/acc_image_filter_0/U0/u_alu/row_sums_reg_reg[7]0__3/A[29:0] is not pipelined. Pipelining DSP48 input will improve performance.
Related violations: <none>

DPIP-1#142 Warning
Input pipelining  
DSP image_filter_i/acc_image_filter_0/U0/u_alu/row_sums_reg_reg[7]0__3 input image_filter_i/acc_image_filter_0/U0/u_alu/row_sums_reg_reg[7]0__3/B[17:0] is not pipelined. Pipelining DSP48 input will improve performance.
Related violations: <none>

DPIP-1#143 Warning
Input pipelining  
DSP image_filter_i/acc_image_filter_0/U0/u_alu/row_sums_reg_reg[7]0__4 input image_filter_i/acc_image_filter_0/U0/u_alu/row_sums_reg_reg[7]0__4/A[29:0] is not pipelined. Pipelining DSP48 input will improve performance.
Related violations: <none>

DPIP-1#144 Warning
Input pipelining  
DSP image_filter_i/acc_image_filter_0/U0/u_alu/row_sums_reg_reg[7]0__4 input image_filter_i/acc_image_filter_0/U0/u_alu/row_sums_reg_reg[7]0__4/B[17:0] is not pipelined. Pipelining DSP48 input will improve performance.
Related violations: <none>

DPIP-1#145 Warning
Input pipelining  
DSP image_filter_i/acc_image_filter_0/U0/u_alu/row_sums_reg_reg[7]0__5 input image_filter_i/acc_image_filter_0/U0/u_alu/row_sums_reg_reg[7]0__5/A[29:0] is not pipelined. Pipelining DSP48 input will improve performance.
Related violations: <none>

DPIP-1#146 Warning
Input pipelining  
DSP image_filter_i/acc_image_filter_0/U0/u_alu/row_sums_reg_reg[7]0__5 input image_filter_i/acc_image_filter_0/U0/u_alu/row_sums_reg_reg[7]0__5/B[17:0] is not pipelined. Pipelining DSP48 input will improve performance.
Related violations: <none>

DPIP-1#147 Warning
Input pipelining  
DSP image_filter_i/acc_image_filter_0/U0/u_alu/row_sums_reg_reg[8] input image_filter_i/acc_image_filter_0/U0/u_alu/row_sums_reg_reg[8]/A[29:0] is not pipelined. Pipelining DSP48 input will improve performance.
Related violations: <none>

DPIP-1#148 Warning
Input pipelining  
DSP image_filter_i/acc_image_filter_0/U0/u_alu/row_sums_reg_reg[8] input image_filter_i/acc_image_filter_0/U0/u_alu/row_sums_reg_reg[8]/B[17:0] is not pipelined. Pipelining DSP48 input will improve performance.
Related violations: <none>

DPIP-1#149 Warning
Input pipelining  
DSP image_filter_i/acc_image_filter_0/U0/u_alu/row_sums_reg_reg[8]0 input image_filter_i/acc_image_filter_0/U0/u_alu/row_sums_reg_reg[8]0/A[29:0] is not pipelined. Pipelining DSP48 input will improve performance.
Related violations: <none>

DPIP-1#150 Warning
Input pipelining  
DSP image_filter_i/acc_image_filter_0/U0/u_alu/row_sums_reg_reg[8]0 input image_filter_i/acc_image_filter_0/U0/u_alu/row_sums_reg_reg[8]0/B[17:0] is not pipelined. Pipelining DSP48 input will improve performance.
Related violations: <none>

DPIP-1#151 Warning
Input pipelining  
DSP image_filter_i/acc_image_filter_0/U0/u_alu/row_sums_reg_reg[8]0__0 input image_filter_i/acc_image_filter_0/U0/u_alu/row_sums_reg_reg[8]0__0/A[29:0] is not pipelined. Pipelining DSP48 input will improve performance.
Related violations: <none>

DPIP-1#152 Warning
Input pipelining  
DSP image_filter_i/acc_image_filter_0/U0/u_alu/row_sums_reg_reg[8]0__0 input image_filter_i/acc_image_filter_0/U0/u_alu/row_sums_reg_reg[8]0__0/B[17:0] is not pipelined. Pipelining DSP48 input will improve performance.
Related violations: <none>

DPIP-1#153 Warning
Input pipelining  
DSP image_filter_i/acc_image_filter_0/U0/u_alu/row_sums_reg_reg[8]0__1 input image_filter_i/acc_image_filter_0/U0/u_alu/row_sums_reg_reg[8]0__1/A[29:0] is not pipelined. Pipelining DSP48 input will improve performance.
Related violations: <none>

DPIP-1#154 Warning
Input pipelining  
DSP image_filter_i/acc_image_filter_0/U0/u_alu/row_sums_reg_reg[8]0__1 input image_filter_i/acc_image_filter_0/U0/u_alu/row_sums_reg_reg[8]0__1/B[17:0] is not pipelined. Pipelining DSP48 input will improve performance.
Related violations: <none>

DPIP-1#155 Warning
Input pipelining  
DSP image_filter_i/acc_image_filter_0/U0/u_alu/row_sums_reg_reg[8]0__2 input image_filter_i/acc_image_filter_0/U0/u_alu/row_sums_reg_reg[8]0__2/A[29:0] is not pipelined. Pipelining DSP48 input will improve performance.
Related violations: <none>

DPIP-1#156 Warning
Input pipelining  
DSP image_filter_i/acc_image_filter_0/U0/u_alu/row_sums_reg_reg[8]0__2 input image_filter_i/acc_image_filter_0/U0/u_alu/row_sums_reg_reg[8]0__2/B[17:0] is not pipelined. Pipelining DSP48 input will improve performance.
Related violations: <none>

DPIP-1#157 Warning
Input pipelining  
DSP image_filter_i/acc_image_filter_0/U0/u_alu/row_sums_reg_reg[8]0__3 input image_filter_i/acc_image_filter_0/U0/u_alu/row_sums_reg_reg[8]0__3/A[29:0] is not pipelined. Pipelining DSP48 input will improve performance.
Related violations: <none>

DPIP-1#158 Warning
Input pipelining  
DSP image_filter_i/acc_image_filter_0/U0/u_alu/row_sums_reg_reg[8]0__3 input image_filter_i/acc_image_filter_0/U0/u_alu/row_sums_reg_reg[8]0__3/B[17:0] is not pipelined. Pipelining DSP48 input will improve performance.
Related violations: <none>

DPIP-1#159 Warning
Input pipelining  
DSP image_filter_i/acc_image_filter_0/U0/u_alu/row_sums_reg_reg[8]0__4 input image_filter_i/acc_image_filter_0/U0/u_alu/row_sums_reg_reg[8]0__4/A[29:0] is not pipelined. Pipelining DSP48 input will improve performance.
Related violations: <none>

DPIP-1#160 Warning
Input pipelining  
DSP image_filter_i/acc_image_filter_0/U0/u_alu/row_sums_reg_reg[8]0__4 input image_filter_i/acc_image_filter_0/U0/u_alu/row_sums_reg_reg[8]0__4/B[17:0] is not pipelined. Pipelining DSP48 input will improve performance.
Related violations: <none>

DPIP-1#161 Warning
Input pipelining  
DSP image_filter_i/acc_image_filter_0/U0/u_alu/row_sums_reg_reg[8]0__5 input image_filter_i/acc_image_filter_0/U0/u_alu/row_sums_reg_reg[8]0__5/A[29:0] is not pipelined. Pipelining DSP48 input will improve performance.
Related violations: <none>

DPIP-1#162 Warning
Input pipelining  
DSP image_filter_i/acc_image_filter_0/U0/u_alu/row_sums_reg_reg[8]0__5 input image_filter_i/acc_image_filter_0/U0/u_alu/row_sums_reg_reg[8]0__5/B[17:0] is not pipelined. Pipelining DSP48 input will improve performance.
Related violations: <none>

DPIP-1#163 Warning
Input pipelining  
DSP image_filter_i/acc_image_filter_0/U0/u_alu/scaled_reg0 input image_filter_i/acc_image_filter_0/U0/u_alu/scaled_reg0/A[29:0] is not pipelined. Pipelining DSP48 input will improve performance.
Related violations: <none>

DPIP-1#164 Warning
Input pipelining  
DSP image_filter_i/acc_image_filter_0/U0/u_alu/scaled_reg0 input image_filter_i/acc_image_filter_0/U0/u_alu/scaled_reg0/B[17:0] is not pipelined. Pipelining DSP48 input will improve performance.
Related violations: <none>

DPIP-1#165 Warning
Input pipelining  
DSP image_filter_i/acc_image_filter_0/U0/u_alu/scaled_reg0__0 input image_filter_i/acc_image_filter_0/U0/u_alu/scaled_reg0__0/A[29:0] is not pipelined. Pipelining DSP48 input will improve performance.
Related violations: <none>

DPIP-1#166 Warning
Input pipelining  
DSP image_filter_i/acc_image_filter_0/U0/u_alu/scaled_reg0__0 input image_filter_i/acc_image_filter_0/U0/u_alu/scaled_reg0__0/B[17:0] is not pipelined. Pipelining DSP48 input will improve performance.
Related violations: <none>

DPOP-1#1 Warning
PREG Output pipelining  
DSP image_filter_i/acc_image_filter_0/U0/u_alu/scaled_reg0 output image_filter_i/acc_image_filter_0/U0/u_alu/scaled_reg0/P[47:0] is not pipelined (PREG=0). Pipelining the DSP48 output will improve performance and often saves power so it is suggested whenever possible to fully pipeline this function.  If this DSP48 function was inferred, it is suggested to describe an additional register stage after this function.  If the DSP48 was instantiated in the design, it is suggested to set the PREG attribute to 1.
Related violations: <none>

DPOP-1#2 Warning
PREG Output pipelining  
DSP image_filter_i/acc_image_filter_0/U0/u_alu/scaled_reg0__0 output image_filter_i/acc_image_filter_0/U0/u_alu/scaled_reg0__0/P[47:0] is not pipelined (PREG=0). Pipelining the DSP48 output will improve performance and often saves power so it is suggested whenever possible to fully pipeline this function.  If this DSP48 function was inferred, it is suggested to describe an additional register stage after this function.  If the DSP48 was instantiated in the design, it is suggested to set the PREG attribute to 1.
Related violations: <none>

DPOP-2#1 Warning
MREG Output pipelining  
DSP image_filter_i/acc_image_filter_0/U0/u_alu/scaled_reg0 multiplier stage image_filter_i/acc_image_filter_0/U0/u_alu/scaled_reg0/P[47:0] is not pipelined (MREG=0). Pipelining the multiplier function will improve performance and will save significant power so it is suggested whenever possible to fully pipeline this function.  If this multiplier was inferred, it is suggested to describe an additional register stage after this function.  If there is no registered adder/accumulator following the multiply function, two pipeline stages are suggested to allow both the MREG and PREG registers to be used.  If the DSP48 was instantiated in the design, it is suggested to set both the MREG and PREG attributes to 1 when performing multiply functions.
Related violations: <none>

DPOP-2#2 Warning
MREG Output pipelining  
DSP image_filter_i/acc_image_filter_0/U0/u_alu/scaled_reg0__0 multiplier stage image_filter_i/acc_image_filter_0/U0/u_alu/scaled_reg0__0/P[47:0] is not pipelined (MREG=0). Pipelining the multiplier function will improve performance and will save significant power so it is suggested whenever possible to fully pipeline this function.  If this multiplier was inferred, it is suggested to describe an additional register stage after this function.  If there is no registered adder/accumulator following the multiply function, two pipeline stages are suggested to allow both the MREG and PREG registers to be used.  If the DSP48 was instantiated in the design, it is suggested to set both the MREG and PREG attributes to 1 when performing multiply functions.
Related violations: <none>

REQP-181#1 Advisory
writefirst  
Synchronous clocking is detected for BRAM (image_filter_i/axi_dma_0/U0/I_PRMRY_DATAMOVER/GEN_MM2S_FULL.I_MM2S_FULL_WRAPPER/GEN_INCLUDE_MM2S_SF.I_RD_SF/I_DATA_FIFO/BLK_MEM.I_SYNC_FIFOGEN_FIFO/xpm_fifo_base_inst/gen_sdpram.xpm_memory_base_inst/gen_wr_a.gen_word_narrow.mem_reg) in SDP mode with WRITE_FIRST write-mode. This is the preferred mode for best power characteristics, however it may exhibit address collisions if the same address appears on both read and write ports resulting in unknown or corrupted read data. It is suggested to confirm via simulation that an address collision never occurs and if so it is suggested to try and avoid this situation. If address collisions cannot be avoided, the write-mode may be set to READ_FIRST which guarantees that the read data is the prior contents of the memory at the cost of additional power in the design. See the FPGA Memory Resources User Guide for additional information.
Related violations: <none>

REQP-181#2 Advisory
writefirst  
Synchronous clocking is detected for BRAM (image_filter_i/axi_dma_0/U0/I_PRMRY_DATAMOVER/GEN_S2MM_FULL.I_S2MM_FULL_WRAPPER/GEN_ENABLE_INDET_BTT_SF.I_INDET_BTT/I_DATA_FIFO/BLK_MEM.I_SYNC_FIFOGEN_FIFO/xpm_fifo_base_inst/gen_sdpram.xpm_memory_base_inst/gen_wr_a.gen_word_narrow.mem_reg) in SDP mode with WRITE_FIRST write-mode. This is the preferred mode for best power characteristics, however it may exhibit address collisions if the same address appears on both read and write ports resulting in unknown or corrupted read data. It is suggested to confirm via simulation that an address collision never occurs and if so it is suggested to try and avoid this situation. If address collisions cannot be avoided, the write-mode may be set to READ_FIRST which guarantees that the read data is the prior contents of the memory at the cost of additional power in the design. See the FPGA Memory Resources User Guide for additional information.
Related violations: <none>


