
*** Running vivado
    with args -log image_filter_wrapper.vdi -applog -m64 -product Vivado -messageDb vivado.pb -mode batch -source image_filter_wrapper.tcl -notrace


****** Vivado v2025.1 (64-bit)
  **** SW Build 6140274 on Wed May 21 22:58:25 MDT 2025
  **** IP Build 6138677 on Thu May 22 03:10:11 MDT 2025
  **** SharedData Build 6139179 on Tue May 20 17:58:58 MDT 2025
  **** Start of session at: Tue May 12 21:37:37 2026
    ** Copyright 1986-2022 Xilinx, Inc. All Rights Reserved.
    ** Copyright 2022-2025 Advanced Micro Devices, Inc. All Rights Reserved.

source image_filter_wrapper.tcl -notrace
Command: open_checkpoint /home/kowalski/Desktop/ETF/CETVRTA-GODINA/DVS/dvs25_projekat_g6/dvs25_projekat_g6.runs/impl_1/image_filter_wrapper.dcp
INFO: [Device 21-403] Loading part xc7z020clg400-1
Netlist sorting complete. Time (s): cpu = 00:00:00.13 ; elapsed = 00:00:00.13 . Memory (MB): peak = 1705.930 ; gain = 0.000 ; free physical = 2171 ; free virtual = 4996
INFO: [Netlist 29-17] Analyzing 669 Unisim elements for replacement
INFO: [Netlist 29-28] Unisim Transformation completed in 0 CPU seconds
INFO: [Project 1-479] Netlist was created with Vivado 2025.1
INFO: [Project 1-570] Preparing netlist for logic optimization
Read ShapeDB Complete: Time (s): cpu = 00:00:00.01 ; elapsed = 00:00:00.01 . Memory (MB): peak = 1825.430 ; gain = 2.000 ; free physical = 2053 ; free virtual = 4878
INFO: [Timing 38-478] Restoring timing data from binary archive.
INFO: [Timing 38-479] Binary timing data restore complete.
INFO: [Project 1-856] Restoring constraints from binary archive.
INFO: [Project 1-853] Binary constraint restore complete.
INFO: [Designutils 20-5722] Start Reading Physical Databases.
Reading placement.
Read Netlist Cache: Time (s): cpu = 00:00:00 ; elapsed = 00:00:00.01 . Memory (MB): peak = 2305.820 ; gain = 0.000 ; free physical = 1629 ; free virtual = 4455
Reading placer database...
Read Device Cache: Time (s): cpu = 00:00:00 ; elapsed = 00:00:00.01 . Memory (MB): peak = 2305.820 ; gain = 0.000 ; free physical = 1629 ; free virtual = 4454
Read PlaceDB: Time (s): cpu = 00:00:00.05 ; elapsed = 00:00:00.04 . Memory (MB): peak = 2305.820 ; gain = 0.000 ; free physical = 1629 ; free virtual = 4454
Read PulsedLatchDB: Time (s): cpu = 00:00:00 ; elapsed = 00:00:00 . Memory (MB): peak = 2305.820 ; gain = 0.000 ; free physical = 1629 ; free virtual = 4454
Reading routing.
Read RouteStorage: Time (s): cpu = 00:00:00 ; elapsed = 00:00:00.01 . Memory (MB): peak = 2337.836 ; gain = 32.016 ; free physical = 1629 ; free virtual = 4454
Read Physdb Files: Time (s): cpu = 00:00:00.07 ; elapsed = 00:00:00.07 . Memory (MB): peak = 2337.836 ; gain = 32.016 ; free physical = 1629 ; free virtual = 4454
Restored from archive | CPU: 0.100000 secs | Memory: 1.354935 MB |
Finished XDEF File Restore: Time (s): cpu = 00:00:00.09 ; elapsed = 00:00:00.09 . Memory (MB): peak = 2337.836 ; gain = 32.016 ; free physical = 1629 ; free virtual = 4454
Netlist sorting complete. Time (s): cpu = 00:00:00.01 ; elapsed = 00:00:00 . Memory (MB): peak = 2337.836 ; gain = 0.000 ; free physical = 1622 ; free virtual = 4447
INFO: [Project 1-111] Unisim Transformation Summary:
  A total of 261 instances were transformed.
  RAM128X1D => RAM128X1D (MUXF7(x2), RAMD64E(x4)): 256 instances
  RAM32M => RAM32M (RAMD32(x6), RAMS32(x2)): 4 instances
  RAM32X1D => RAM32X1D (RAMD32(x2)): 1 instance 

INFO: [Project 1-604] Checkpoint was created with Vivado v2025.1 (64-bit) build 6140274
open_checkpoint: Time (s): cpu = 00:00:12 ; elapsed = 00:00:08 . Memory (MB): peak = 2337.871 ; gain = 914.547 ; free physical = 1622 ; free virtual = 4447
Command: opt_design
Attempting to get a license for feature 'Implementation' and/or device 'xc7z020'
INFO: [Common 17-349] Got license for feature 'Implementation' and/or device 'xc7z020'
Running DRC as a precondition to command opt_design

Starting DRC Task
INFO: [DRC 23-27] Running DRC with 8 threads
INFO: [Project 1-461] DRC finished with 0 Errors
INFO: [Project 1-462] Please refer to the DRC report (report_drc) for more information.

Time (s): cpu = 00:00:00.95 ; elapsed = 00:00:00.29 . Memory (MB): peak = 2453.523 ; gain = 115.652 ; free physical = 1543 ; free virtual = 4369

Starting Cache Timing Information Task
INFO: [Timing 38-35] Done setting XDC timing constraints.
Ending Cache Timing Information Task | Checksum: 1a49d4bf8

Time (s): cpu = 00:00:01 ; elapsed = 00:00:00.44 . Memory (MB): peak = 2466.398 ; gain = 12.875 ; free physical = 1538 ; free virtual = 4364

Starting Logic Optimization Task

Phase 1 Initialization

Phase 1.1 Core Generation And Design Setup

Phase 1.1.1 Generate And Synthesize Debug Cores
INFO: [Chipscope 16-329] Generating Script for core instance : dbg_hub 
INFO: [IP_Flow 19-234] Refreshing IP repositories
INFO: [IP_Flow 19-1704] No user IP repositories specified
INFO: [IP_Flow 19-2313] Loaded Vivado IP repository '/opt/Xilinx/2025.1/Vivado/data/ip'.
INFO: [IP_Flow 19-3806] Processing IP xilinx.com:ip:xsdbm:3.0 for cell dbg_hub_CV.
INFO: [Chipscope 16-329] Generating Script for core instance : u_ila_0 
INFO: [IP_Flow 19-3806] Processing IP xilinx.com:ip:ila:6.2 for cell u_ila_0_CV.
INFO: [Chipscope 16-469] Using cached IP synthesis design for IP xilinx.com:ip:xsdbm:3.0, cache-ID = 65257210c6cfd128.
Done building netlist checker database: Time (s): cpu = 00:00:00.01 ; elapsed = 00:00:00.01 . Memory (MB): peak = 2828.023 ; gain = 0.000 ; free physical = 2722 ; free virtual = 4567
Done building netlist checker database: Time (s): cpu = 00:00:00.01 ; elapsed = 00:00:00 . Memory (MB): peak = 2828.023 ; gain = 0.000 ; free physical = 2714 ; free virtual = 4559
Netlist sorting complete. Time (s): cpu = 00:00:00.05 ; elapsed = 00:00:00.06 . Memory (MB): peak = 2917.863 ; gain = 0.000 ; free physical = 2692 ; free virtual = 4538
Phase 1.1.1 Generate And Synthesize Debug Cores | Checksum: 25b5603e3

Time (s): cpu = 00:01:30 ; elapsed = 00:02:06 . Memory (MB): peak = 2917.863 ; gain = 111.652 ; free physical = 2692 ; free virtual = 4538
Phase 1.1 Core Generation And Design Setup | Checksum: 25b5603e3

Time (s): cpu = 00:01:30 ; elapsed = 00:02:06 . Memory (MB): peak = 2917.863 ; gain = 111.652 ; free physical = 2692 ; free virtual = 4538

Phase 1.2 Setup Constraints And Sort Netlist
Phase 1.2 Setup Constraints And Sort Netlist | Checksum: 25b5603e3

Time (s): cpu = 00:01:30 ; elapsed = 00:02:06 . Memory (MB): peak = 2917.863 ; gain = 111.652 ; free physical = 2692 ; free virtual = 4538
Phase 1 Initialization | Checksum: 25b5603e3

Time (s): cpu = 00:01:30 ; elapsed = 00:02:06 . Memory (MB): peak = 2917.863 ; gain = 111.652 ; free physical = 2692 ; free virtual = 4538

Phase 2 Timer Update And Timing Data Collection

Phase 2.1 Timer Update
Phase 2.1 Timer Update | Checksum: 25b5603e3

Time (s): cpu = 00:01:31 ; elapsed = 00:02:06 . Memory (MB): peak = 2917.863 ; gain = 111.652 ; free physical = 2691 ; free virtual = 4537

Phase 2.2 Timing Data Collection
Phase 2.2 Timing Data Collection | Checksum: 25b5603e3

Time (s): cpu = 00:01:31 ; elapsed = 00:02:07 . Memory (MB): peak = 2917.863 ; gain = 111.652 ; free physical = 2684 ; free virtual = 4529
Phase 2 Timer Update And Timing Data Collection | Checksum: 25b5603e3

Time (s): cpu = 00:01:31 ; elapsed = 00:02:07 . Memory (MB): peak = 2917.863 ; gain = 111.652 ; free physical = 2683 ; free virtual = 4528

Phase 3 Retarget
INFO: [Opt 31-1851] Number of loadless carry chains removed were: 0
INFO: [Opt 31-1834] Total Chains To Be Transformed Were: 0 AND Number of Transformed insts Created are: 0
INFO: [Opt 31-1566] Pulled 9 inverters resulting in an inversion of 71 pins
INFO: [Opt 31-138] Pushed 8 inverter(s) to 28 load pin(s).
INFO: [Opt 31-49] Retargeted 0 cell(s).
Phase 3 Retarget | Checksum: 1e2dd7403

Time (s): cpu = 00:01:31 ; elapsed = 00:02:07 . Memory (MB): peak = 2917.863 ; gain = 111.652 ; free physical = 2683 ; free virtual = 4528
Retarget | Checksum: 1e2dd7403
INFO: [Opt 31-389] Phase Retarget created 33 cells and removed 126 cells
INFO: [Opt 31-1021] In phase Retarget, 226 netlist objects are constrained preventing optimization. Please run opt_design with -debug_log to get more detail. 

Phase 4 Constant propagation
INFO: [Opt 31-138] Pushed 4 inverter(s) to 11 load pin(s).
Phase 4 Constant propagation | Checksum: 1ff8a9b3a

Time (s): cpu = 00:01:32 ; elapsed = 00:02:07 . Memory (MB): peak = 2917.863 ; gain = 111.652 ; free physical = 2683 ; free virtual = 4528
Constant propagation | Checksum: 1ff8a9b3a
INFO: [Opt 31-389] Phase Constant propagation created 291 cells and removed 766 cells
INFO: [Opt 31-1021] In phase Constant propagation, 208 netlist objects are constrained preventing optimization. Please run opt_design with -debug_log to get more detail. 

Phase 5 Sweep
INFO: [Constraints 18-11670] Building netlist checker database with flags, 0x8
Done building netlist checker database: Time (s): cpu = 00:00:00.01 ; elapsed = 00:00:00 . Memory (MB): peak = 2917.863 ; gain = 0.000 ; free physical = 2683 ; free virtual = 4528
INFO: [Constraints 18-11670] Building netlist checker database with flags, 0x8
Done building netlist checker database: Time (s): cpu = 00:00:00.01 ; elapsed = 00:00:00 . Memory (MB): peak = 2917.863 ; gain = 0.000 ; free physical = 2683 ; free virtual = 4528
Phase 5 Sweep | Checksum: 25324546b

Time (s): cpu = 00:01:32 ; elapsed = 00:02:08 . Memory (MB): peak = 2917.863 ; gain = 111.652 ; free physical = 2683 ; free virtual = 4528
Sweep | Checksum: 25324546b
INFO: [Opt 31-389] Phase Sweep created 0 cells and removed 287 cells
INFO: [Opt 31-1021] In phase Sweep, 1957 netlist objects are constrained preventing optimization. Please run opt_design with -debug_log to get more detail. 

Phase 6 BUFG optimization
Phase 6 BUFG optimization | Checksum: 25324546b

Time (s): cpu = 00:01:33 ; elapsed = 00:02:08 . Memory (MB): peak = 2949.879 ; gain = 143.668 ; free physical = 2682 ; free virtual = 4528
BUFG optimization | Checksum: 25324546b
INFO: [Opt 31-662] Phase BUFG optimization created 0 cells of which 0 are BUFGs and removed 0 cells.

Phase 7 Shift Register Optimization
INFO: [Opt 31-1064] SRL Remap converted 0 SRLs to 0 registers and converted 0 registers of register chains to 0 SRLs
Phase 7 Shift Register Optimization | Checksum: 25324546b

Time (s): cpu = 00:01:33 ; elapsed = 00:02:08 . Memory (MB): peak = 2949.879 ; gain = 143.668 ; free physical = 2682 ; free virtual = 4528
Shift Register Optimization | Checksum: 25324546b
INFO: [Opt 31-389] Phase Shift Register Optimization created 0 cells and removed 0 cells

Phase 8 Post Processing Netlist
Phase 8 Post Processing Netlist | Checksum: 2176fd71a

Time (s): cpu = 00:01:33 ; elapsed = 00:02:08 . Memory (MB): peak = 2949.879 ; gain = 143.668 ; free physical = 2682 ; free virtual = 4528
Post Processing Netlist | Checksum: 2176fd71a
INFO: [Opt 31-389] Phase Post Processing Netlist created 0 cells and removed 0 cells
INFO: [Opt 31-1021] In phase Post Processing Netlist, 210 netlist objects are constrained preventing optimization. Please run opt_design with -debug_log to get more detail. 

Phase 9 Finalization

Phase 9.1 Finalizing Design Cores and Updating Shapes
Phase 9.1 Finalizing Design Cores and Updating Shapes | Checksum: 19ce6cc92

Time (s): cpu = 00:01:33 ; elapsed = 00:02:08 . Memory (MB): peak = 2949.879 ; gain = 143.668 ; free physical = 2682 ; free virtual = 4528

Phase 9.2 Verifying Netlist Connectivity

Starting Connectivity Check Task

Time (s): cpu = 00:00:00.03 ; elapsed = 00:00:00.03 . Memory (MB): peak = 2949.879 ; gain = 0.000 ; free physical = 2682 ; free virtual = 4528
Phase 9.2 Verifying Netlist Connectivity | Checksum: 19ce6cc92

Time (s): cpu = 00:01:33 ; elapsed = 00:02:08 . Memory (MB): peak = 2949.879 ; gain = 143.668 ; free physical = 2682 ; free virtual = 4528
Phase 9 Finalization | Checksum: 19ce6cc92

Time (s): cpu = 00:01:33 ; elapsed = 00:02:08 . Memory (MB): peak = 2949.879 ; gain = 143.668 ; free physical = 2682 ; free virtual = 4528
Opt_design Change Summary
=========================


-------------------------------------------------------------------------------------------------------------------------
|  Phase                        |  #Cells created  |  #Cells Removed  |  #Constrained objects preventing optimizations  |
-------------------------------------------------------------------------------------------------------------------------
|  Retarget                     |              33  |             126  |                                            226  |
|  Constant propagation         |             291  |             766  |                                            208  |
|  Sweep                        |               0  |             287  |                                           1957  |
|  BUFG optimization            |               0  |               0  |                                              0  |
|  Shift Register Optimization  |               0  |               0  |                                              0  |
|  Post Processing Netlist      |               0  |               0  |                                            210  |
-------------------------------------------------------------------------------------------------------------------------


Ending Logic Optimization Task | Checksum: 19ce6cc92

Time (s): cpu = 00:01:33 ; elapsed = 00:02:08 . Memory (MB): peak = 2949.879 ; gain = 143.668 ; free physical = 2682 ; free virtual = 4528

Starting Power Optimization Task
INFO: [Pwropt 34-132] Skipping clock gating for clocks with a period < 2.00 ns.
INFO: [Pwropt 34-9] Applying IDT optimizations ...
INFO: [Pwropt 34-10] Applying ODC optimizations ...
INFO: [Timing 38-35] Done setting XDC timing constraints.
Running Vector-less Activity Propagation...

Finished Running Vector-less Activity Propagation


Starting PowerOpt Patch Enables Task
INFO: [Pwropt 34-162] WRITE_MODE attribute of 0 BRAM(s) out of a total of 15 has been updated to save power. Run report_power_opt to get a complete listing of the BRAMs updated.
INFO: [Pwropt 34-201] Structural ODC has moved 0 WE to EN ports
Number of BRAM Ports augmented: 17 newly gated: 0 Total Ports: 30
Ending PowerOpt Patch Enables Task | Checksum: 2255eb2e4

Time (s): cpu = 00:00:00.18 ; elapsed = 00:00:00.14 . Memory (MB): peak = 3286.840 ; gain = 0.000 ; free physical = 2452 ; free virtual = 4303
Ending Power Optimization Task | Checksum: 2255eb2e4

Time (s): cpu = 00:00:06 ; elapsed = 00:00:03 . Memory (MB): peak = 3286.840 ; gain = 336.961 ; free physical = 2452 ; free virtual = 4303

Starting Final Cleanup Task
Ending Final Cleanup Task | Checksum: 2255eb2e4

Time (s): cpu = 00:00:00 ; elapsed = 00:00:00.01 . Memory (MB): peak = 3286.840 ; gain = 0.000 ; free physical = 2452 ; free virtual = 4303

Starting Netlist Obfuscation Task
Netlist sorting complete. Time (s): cpu = 00:00:00.01 ; elapsed = 00:00:00.01 . Memory (MB): peak = 3286.840 ; gain = 0.000 ; free physical = 2452 ; free virtual = 4303
Ending Netlist Obfuscation Task | Checksum: 243aa9b2e

Time (s): cpu = 00:00:00.02 ; elapsed = 00:00:00.01 . Memory (MB): peak = 3286.840 ; gain = 0.000 ; free physical = 2452 ; free virtual = 4303
INFO: [Common 17-83] Releasing license: Implementation
60 Infos, 48 Warnings, 0 Critical Warnings and 0 Errors encountered.
opt_design completed successfully
opt_design: Time (s): cpu = 00:01:43 ; elapsed = 00:02:13 . Memory (MB): peak = 3286.840 ; gain = 948.969 ; free physical = 2452 ; free virtual = 4303
INFO: [Vivado 12-24828] Executing command : report_drc -file image_filter_wrapper_drc_opted.rpt -pb image_filter_wrapper_drc_opted.pb -rpx image_filter_wrapper_drc_opted.rpx
Command: report_drc -file image_filter_wrapper_drc_opted.rpt -pb image_filter_wrapper_drc_opted.pb -rpx image_filter_wrapper_drc_opted.rpx
INFO: [IP_Flow 19-1839] IP Catalog is up to date.
INFO: [DRC 23-27] Running DRC with 8 threads
INFO: [Vivado_Tcl 2-168] The results of DRC are in file /home/kowalski/Desktop/ETF/CETVRTA-GODINA/DVS/dvs25_projekat_g6/dvs25_projekat_g6.runs/impl_1/image_filter_wrapper_drc_opted.rpt.
report_drc completed successfully
INFO: [Timing 38-35] Done setting XDC timing constraints.
INFO: [Timing 38-480] Writing timing data to binary archive.
Wrote PlaceDB: Time (s): cpu = 00:00:00.04 ; elapsed = 00:00:00 . Memory (MB): peak = 3286.840 ; gain = 0.000 ; free physical = 2430 ; free virtual = 4283
Wrote PulsedLatchDB: Time (s): cpu = 00:00:00 ; elapsed = 00:00:00 . Memory (MB): peak = 3286.840 ; gain = 0.000 ; free physical = 2430 ; free virtual = 4284
Writing XDEF routing.
Write ShapeDB Complete: Time (s): cpu = 00:00:00.11 ; elapsed = 00:00:00.02 . Memory (MB): peak = 3286.840 ; gain = 0.000 ; free physical = 2426 ; free virtual = 4282
Writing XDEF routing logical nets.
Writing XDEF routing special nets.
Wrote RouteStorage: Time (s): cpu = 00:00:00.16 ; elapsed = 00:00:00.04 . Memory (MB): peak = 3286.840 ; gain = 0.000 ; free physical = 2423 ; free virtual = 4278
Wrote Netlist Cache: Time (s): cpu = 00:00:00 ; elapsed = 00:00:00 . Memory (MB): peak = 3286.840 ; gain = 0.000 ; free physical = 2423 ; free virtual = 4278
Wrote Device Cache: Time (s): cpu = 00:00:00.03 ; elapsed = 00:00:00 . Memory (MB): peak = 3286.840 ; gain = 0.000 ; free physical = 2418 ; free virtual = 4275
Write Physdb Complete: Time (s): cpu = 00:00:00.24 ; elapsed = 00:00:00.06 . Memory (MB): peak = 3286.840 ; gain = 0.000 ; free physical = 2418 ; free virtual = 4275
INFO: [Common 17-1381] The checkpoint '/home/kowalski/Desktop/ETF/CETVRTA-GODINA/DVS/dvs25_projekat_g6/dvs25_projekat_g6.runs/impl_1/image_filter_wrapper_opt.dcp' has been generated.
INFO: [Chipscope 16-240] Debug cores have already been implemented
Command: place_design
Attempting to get a license for feature 'Implementation' and/or device 'xc7z020'
INFO: [Common 17-349] Got license for feature 'Implementation' and/or device 'xc7z020'
INFO: [Common 17-83] Releasing license: Implementation
INFO: [DRC 23-27] Running DRC with 8 threads
INFO: [Vivado_Tcl 4-198] DRC finished with 0 Errors
INFO: [Vivado_Tcl 4-199] Please refer to the DRC report (report_drc) for more information.
Running DRC as a precondition to command place_design
INFO: [DRC 23-27] Running DRC with 8 threads
INFO: [Vivado_Tcl 4-198] DRC finished with 0 Errors
INFO: [Vivado_Tcl 4-199] Please refer to the DRC report (report_drc) for more information.
INFO: [Place 30-611] Multithreading enabled for place_design using a maximum of 8 CPUs

Starting Placer Task

Phase 1 Placer Initialization

Phase 1.1 Placer Initialization Netlist Sorting
Netlist sorting complete. Time (s): cpu = 00:00:00 ; elapsed = 00:00:00.01 . Memory (MB): peak = 3286.840 ; gain = 0.000 ; free physical = 2390 ; free virtual = 4252
Phase 1.1 Placer Initialization Netlist Sorting | Checksum: 161a0583f

Time (s): cpu = 00:00:00.02 ; elapsed = 00:00:00.02 . Memory (MB): peak = 3286.840 ; gain = 0.000 ; free physical = 2390 ; free virtual = 4252
Netlist sorting complete. Time (s): cpu = 00:00:00.01 ; elapsed = 00:00:00.01 . Memory (MB): peak = 3286.840 ; gain = 0.000 ; free physical = 2390 ; free virtual = 4252

Phase 1.2 IO Placement/ Clock Placement/ Build Placer Device
Phase 1.2 IO Placement/ Clock Placement/ Build Placer Device | Checksum: 6cc61117

Time (s): cpu = 00:00:01 ; elapsed = 00:00:00.73 . Memory (MB): peak = 3286.840 ; gain = 0.000 ; free physical = 2388 ; free virtual = 4251

Phase 1.3 Build Placer Netlist Model
Phase 1.3 Build Placer Netlist Model | Checksum: 13eac363d

Time (s): cpu = 00:00:06 ; elapsed = 00:00:03 . Memory (MB): peak = 3286.840 ; gain = 0.000 ; free physical = 2376 ; free virtual = 4240

Phase 1.4 Constrain Clocks/Macros
Phase 1.4 Constrain Clocks/Macros | Checksum: 13eac363d

Time (s): cpu = 00:00:07 ; elapsed = 00:00:04 . Memory (MB): peak = 3286.840 ; gain = 0.000 ; free physical = 2376 ; free virtual = 4240
Phase 1 Placer Initialization | Checksum: 13eac363d

Time (s): cpu = 00:00:07 ; elapsed = 00:00:04 . Memory (MB): peak = 3286.840 ; gain = 0.000 ; free physical = 2376 ; free virtual = 4241

Phase 2 Global Placement

Phase 2.1 Floorplanning
Phase 2.1 Floorplanning | Checksum: 1c7e5b056

Time (s): cpu = 00:00:08 ; elapsed = 00:00:04 . Memory (MB): peak = 3286.840 ; gain = 0.000 ; free physical = 2372 ; free virtual = 4238

Phase 2.2 Update Timing before SLR Path Opt
Phase 2.2 Update Timing before SLR Path Opt | Checksum: 156ef7c0b

Time (s): cpu = 00:00:10 ; elapsed = 00:00:05 . Memory (MB): peak = 3286.840 ; gain = 0.000 ; free physical = 2370 ; free virtual = 4237

Phase 2.3 Post-Processing in Floorplanning
Phase 2.3 Post-Processing in Floorplanning | Checksum: 156ef7c0b

Time (s): cpu = 00:00:10 ; elapsed = 00:00:05 . Memory (MB): peak = 3286.840 ; gain = 0.000 ; free physical = 2370 ; free virtual = 4237

Phase 2.4 Global Place Phase1
Phase 2.4 Global Place Phase1 | Checksum: 1c120da1a

Time (s): cpu = 00:00:25 ; elapsed = 00:00:11 . Memory (MB): peak = 3286.840 ; gain = 0.000 ; free physical = 2349 ; free virtual = 4222

Phase 2.5 Global Place Phase2

Phase 2.5.1 UpdateTiming Before Physical Synthesis
Phase 2.5.1 UpdateTiming Before Physical Synthesis | Checksum: 1d277311e

Time (s): cpu = 00:00:26 ; elapsed = 00:00:11 . Memory (MB): peak = 3286.840 ; gain = 0.000 ; free physical = 2349 ; free virtual = 4222

Phase 2.5.2 Physical Synthesis In Placer
INFO: [Physopt 32-1035] Found 0 LUTNM shape to break, 869 LUT instances to create LUTNM shape
INFO: [Physopt 32-1044] Break lutnm for timing: one critical 0, two critical 0, total 0, new lutff created 0
INFO: [Physopt 32-1138] End 1 Pass. Optimized 352 nets or LUTs. Breaked 0 LUT, combined 352 existing LUTs and moved 0 existing LUT
INFO: [Physopt 32-1132] Very high fanout net 'image_filter_i/acc_image_filter_0/U0/sA_col[0]' is not considered as a candidate in VHFN optimization. The fanout considered for this optimization is changed from 1536 to 257 due to a timing constraint that prevent optimization on all of the loads. To force replication, set the FORCE_MAX_FANOUT property on the net to a number less than 257.
INFO: [Physopt 32-1132] Very high fanout net 'image_filter_i/acc_image_filter_0/U0/sA_col[1]' is not considered as a candidate in VHFN optimization. The fanout considered for this optimization is changed from 1536 to 257 due to a timing constraint that prevent optimization on all of the loads. To force replication, set the FORCE_MAX_FANOUT property on the net to a number less than 257.
INFO: [Physopt 32-1132] Very high fanout net 'image_filter_i/acc_image_filter_0/U0/sA_col[2]' is not considered as a candidate in VHFN optimization. The fanout considered for this optimization is changed from 1536 to 257 due to a timing constraint that prevent optimization on all of the loads. To force replication, set the FORCE_MAX_FANOUT property on the net to a number less than 257.
INFO: [Physopt 32-1132] Very high fanout net 'image_filter_i/acc_image_filter_0/U0/sA_col[3]' is not considered as a candidate in VHFN optimization. The fanout considered for this optimization is changed from 1536 to 257 due to a timing constraint that prevent optimization on all of the loads. To force replication, set the FORCE_MAX_FANOUT property on the net to a number less than 257.
INFO: [Physopt 32-1132] Very high fanout net 'image_filter_i/acc_image_filter_0/U0/sA_col[4]' is not considered as a candidate in VHFN optimization. The fanout considered for this optimization is changed from 1536 to 257 due to a timing constraint that prevent optimization on all of the loads. To force replication, set the FORCE_MAX_FANOUT property on the net to a number less than 257.
INFO: [Physopt 32-1132] Very high fanout net 'image_filter_i/acc_image_filter_0/U0/sA_col[5]' is not considered as a candidate in VHFN optimization. The fanout considered for this optimization is changed from 1536 to 257 due to a timing constraint that prevent optimization on all of the loads. To force replication, set the FORCE_MAX_FANOUT property on the net to a number less than 257.
INFO: [Physopt 32-1132] Very high fanout net 'image_filter_i/acc_image_filter_0/U0/sA_col[6]' is not considered as a candidate in VHFN optimization. The fanout considered for this optimization is changed from 1280 to 257 due to a timing constraint that prevent optimization on all of the loads. To force replication, set the FORCE_MAX_FANOUT property on the net to a number less than 257.
INFO: [Physopt 32-65] No nets found for high-fanout optimization.
INFO: [Physopt 32-232] Optimized 0 net. Created 0 new instance.
INFO: [Physopt 32-775] End 1 Pass. Optimized 0 net or cell. Created 0 new cell, deleted 0 existing cell and moved 0 existing cell
INFO: [Physopt 32-670] No setup violation found.  DSP Register Optimization was not performed.
INFO: [Physopt 32-670] No setup violation found.  Shift Register to Pipeline Optimization was not performed.
INFO: [Physopt 32-670] No setup violation found.  Shift Register Optimization was not performed.
INFO: [Physopt 32-670] No setup violation found.  BRAM Register Optimization was not performed.
INFO: [Physopt 32-670] No setup violation found.  URAM Register Optimization was not performed.
INFO: [Physopt 32-949] No candidate nets found for dynamic/static region interface net replication
INFO: [Physopt 32-775] End 1 Pass. Optimized 0 net or cell. Created 0 new cell, deleted 0 existing cell and moved 0 existing cell
Netlist sorting complete. Time (s): cpu = 00:00:00.01 ; elapsed = 00:00:00.01 . Memory (MB): peak = 3286.840 ; gain = 0.000 ; free physical = 2346 ; free virtual = 4223

Summary of Physical Synthesis Optimizations
============================================


-----------------------------------------------------------------------------------------------------------------------------------------------------------
|  Optimization                                     |  Added Cells  |  Removed Cells  |  Optimized Cells/Nets  |  Dont Touch  |  Iterations  |  Elapsed   |
-----------------------------------------------------------------------------------------------------------------------------------------------------------
|  LUT Combining                                    |            0  |            352  |                   352  |           0  |           1  |  00:00:00  |
|  Retime                                           |            0  |              0  |                     0  |           0  |           1  |  00:00:00  |
|  Very High Fanout                                 |            0  |              0  |                     0  |           0  |           1  |  00:00:00  |
|  DSP Register                                     |            0  |              0  |                     0  |           0  |           0  |  00:00:00  |
|  Shift Register to Pipeline                       |            0  |              0  |                     0  |           0  |           0  |  00:00:00  |
|  Shift Register                                   |            0  |              0  |                     0  |           0  |           0  |  00:00:00  |
|  BRAM Register                                    |            0  |              0  |                     0  |           0  |           0  |  00:00:00  |
|  URAM Register                                    |            0  |              0  |                     0  |           0  |           0  |  00:00:00  |
|  Dynamic/Static Region Interface Net Replication  |            0  |              0  |                     0  |           0  |           1  |  00:00:00  |
|  Total                                            |            0  |            352  |                   352  |           0  |           4  |  00:00:00  |
-----------------------------------------------------------------------------------------------------------------------------------------------------------


Phase 2.5.2 Physical Synthesis In Placer | Checksum: 20a73e562

Time (s): cpu = 00:00:28 ; elapsed = 00:00:12 . Memory (MB): peak = 3286.840 ; gain = 0.000 ; free physical = 2347 ; free virtual = 4223
Phase 2.5 Global Place Phase2 | Checksum: 16b3cceb1

Time (s): cpu = 00:00:29 ; elapsed = 00:00:13 . Memory (MB): peak = 3286.840 ; gain = 0.000 ; free physical = 2347 ; free virtual = 4223
Phase 2 Global Placement | Checksum: 16b3cceb1

Time (s): cpu = 00:00:29 ; elapsed = 00:00:13 . Memory (MB): peak = 3286.840 ; gain = 0.000 ; free physical = 2347 ; free virtual = 4223

Phase 3 Detail Placement

Phase 3.1 Commit Multi Column Macros
Phase 3.1 Commit Multi Column Macros | Checksum: 148d3c4e7

Time (s): cpu = 00:00:31 ; elapsed = 00:00:13 . Memory (MB): peak = 3286.840 ; gain = 0.000 ; free physical = 2347 ; free virtual = 4223

Phase 3.2 Commit Most Macros & LUTRAMs
Phase 3.2 Commit Most Macros & LUTRAMs | Checksum: 16eba5cbd

Time (s): cpu = 00:00:33 ; elapsed = 00:00:14 . Memory (MB): peak = 3286.840 ; gain = 0.000 ; free physical = 2343 ; free virtual = 4221

Phase 3.3 Area Swap Optimization
Phase 3.3 Area Swap Optimization | Checksum: 1444de3ea

Time (s): cpu = 00:00:34 ; elapsed = 00:00:14 . Memory (MB): peak = 3286.840 ; gain = 0.000 ; free physical = 2343 ; free virtual = 4221

Phase 3.4 Pipeline Register Optimization
Phase 3.4 Pipeline Register Optimization | Checksum: 1b2aff4a8

Time (s): cpu = 00:00:34 ; elapsed = 00:00:14 . Memory (MB): peak = 3286.840 ; gain = 0.000 ; free physical = 2343 ; free virtual = 4221

Phase 3.5 Small Shape Detail Placement
Phase 3.5 Small Shape Detail Placement | Checksum: 17e0ed430

Time (s): cpu = 00:00:36 ; elapsed = 00:00:17 . Memory (MB): peak = 3286.840 ; gain = 0.000 ; free physical = 2341 ; free virtual = 4219

Phase 3.6 Re-assign LUT pins
Phase 3.6 Re-assign LUT pins | Checksum: 19206e3ef

Time (s): cpu = 00:00:37 ; elapsed = 00:00:17 . Memory (MB): peak = 3286.840 ; gain = 0.000 ; free physical = 2341 ; free virtual = 4219

Phase 3.7 Pipeline Register Optimization
Phase 3.7 Pipeline Register Optimization | Checksum: 14375ca0e

Time (s): cpu = 00:00:37 ; elapsed = 00:00:18 . Memory (MB): peak = 3286.840 ; gain = 0.000 ; free physical = 2341 ; free virtual = 4219
Phase 3 Detail Placement | Checksum: 14375ca0e

Time (s): cpu = 00:00:37 ; elapsed = 00:00:18 . Memory (MB): peak = 3286.840 ; gain = 0.000 ; free physical = 2341 ; free virtual = 4219

Phase 4 Post Placement Optimization and Clean-Up

Phase 4.1 Post Commit Optimization
INFO: [Timing 38-35] Done setting XDC timing constraints.

Phase 4.1.1 Post Placement Optimization
Post Placement Optimization Initialization | Checksum: 13ca7e75f

Phase 4.1.1.1 BUFG Insertion

Starting Physical Synthesis Task

Phase 1 Physical Synthesis Initialization
INFO: [Physopt 32-721] Multithreading enabled for phys_opt_design using a maximum of 8 CPUs
INFO: [Physopt 32-619] Estimated Timing Summary | WNS=5.334 | TNS=0.000 |
Phase 1 Physical Synthesis Initialization | Checksum: 19d97e5c3

Time (s): cpu = 00:00:00.75 ; elapsed = 00:00:00.23 . Memory (MB): peak = 3286.840 ; gain = 0.000 ; free physical = 2341 ; free virtual = 4219
INFO: [Place 46-33] Processed net image_filter_i/rst_ps7_0_100M/U0/peripheral_reset[0], BUFG insertion was skipped due to placement/routing conflicts.
INFO: [Place 46-33] Processed net image_filter_i/acc_image_filter_0/U0/fsm_img_processing_state7_out, BUFG insertion was skipped due to placement/routing conflicts.
INFO: [Place 46-56] BUFG insertion identified 2 candidate nets. Inserted BUFG: 0, Replicated BUFG Driver: 0, Skipped due to Placement/Routing Conflicts: 2, Skipped due to Timing Degradation: 0, Skipped due to netlist editing failed: 0.
Ending Physical Synthesis Task | Checksum: 1d4ee290d

Time (s): cpu = 00:00:01 ; elapsed = 00:00:00.49 . Memory (MB): peak = 3286.840 ; gain = 0.000 ; free physical = 2341 ; free virtual = 4219
Phase 4.1.1.1 BUFG Insertion | Checksum: 13ca7e75f

Time (s): cpu = 00:00:44 ; elapsed = 00:00:20 . Memory (MB): peak = 3286.840 ; gain = 0.000 ; free physical = 2341 ; free virtual = 4219

Phase 4.1.1.2 Post Placement Timing Optimization
INFO: [Place 30-746] Post Placement Timing Summary WNS=5.334. For the most accurate timing information please run report_timing.
Phase 4.1.1.2 Post Placement Timing Optimization | Checksum: 170576b4e

Time (s): cpu = 00:00:44 ; elapsed = 00:00:20 . Memory (MB): peak = 3286.840 ; gain = 0.000 ; free physical = 2341 ; free virtual = 4219

Time (s): cpu = 00:00:44 ; elapsed = 00:00:20 . Memory (MB): peak = 3286.840 ; gain = 0.000 ; free physical = 2341 ; free virtual = 4219
Phase 4.1 Post Commit Optimization | Checksum: 170576b4e

Time (s): cpu = 00:00:44 ; elapsed = 00:00:20 . Memory (MB): peak = 3286.840 ; gain = 0.000 ; free physical = 2341 ; free virtual = 4219

Phase 4.2 Post Placement Cleanup
Phase 4.2 Post Placement Cleanup | Checksum: 170576b4e

Time (s): cpu = 00:00:44 ; elapsed = 00:00:20 . Memory (MB): peak = 3286.840 ; gain = 0.000 ; free physical = 2341 ; free virtual = 4219

Phase 4.3 Placer Reporting

Phase 4.3.1 Print Estimated Congestion
INFO: [Place 30-612] Post-Placement Estimated Congestion 
 ____________________________________________________
|           | Global Congestion | Short Congestion  |
| Direction | Region Size       | Region Size       |
|___________|___________________|___________________|
|      North|                1x1|                1x1|
|___________|___________________|___________________|
|      South|                1x1|                2x2|
|___________|___________________|___________________|
|       East|                1x1|                1x1|
|___________|___________________|___________________|
|       West|                1x1|                1x1|
|___________|___________________|___________________|

Phase 4.3.1 Print Estimated Congestion | Checksum: 170576b4e

Time (s): cpu = 00:00:44 ; elapsed = 00:00:20 . Memory (MB): peak = 3286.840 ; gain = 0.000 ; free physical = 2341 ; free virtual = 4219
Phase 4.3 Placer Reporting | Checksum: 170576b4e

Time (s): cpu = 00:00:45 ; elapsed = 00:00:20 . Memory (MB): peak = 3286.840 ; gain = 0.000 ; free physical = 2341 ; free virtual = 4219

Phase 4.4 Final Placement Cleanup
Netlist sorting complete. Time (s): cpu = 00:00:00.01 ; elapsed = 00:00:00.01 . Memory (MB): peak = 3286.840 ; gain = 0.000 ; free physical = 2341 ; free virtual = 4219

Time (s): cpu = 00:00:45 ; elapsed = 00:00:20 . Memory (MB): peak = 3286.840 ; gain = 0.000 ; free physical = 2341 ; free virtual = 4219
Phase 4 Post Placement Optimization and Clean-Up | Checksum: 10e2a3989

Time (s): cpu = 00:00:45 ; elapsed = 00:00:20 . Memory (MB): peak = 3286.840 ; gain = 0.000 ; free physical = 2341 ; free virtual = 4219
Ending Placer Task | Checksum: 90b6b459

Time (s): cpu = 00:00:45 ; elapsed = 00:00:20 . Memory (MB): peak = 3286.840 ; gain = 0.000 ; free physical = 2341 ; free virtual = 4219
105 Infos, 48 Warnings, 0 Critical Warnings and 0 Errors encountered.
place_design completed successfully
place_design: Time (s): cpu = 00:00:48 ; elapsed = 00:00:21 . Memory (MB): peak = 3286.840 ; gain = 0.000 ; free physical = 2341 ; free virtual = 4219
INFO: [Vivado 12-24838] Running report commands "report_control_sets, report_io, report_utilization" in parallel.
Running report generation with 3 threads.
INFO: [Vivado 12-24828] Executing command : report_io -file image_filter_wrapper_io_placed.rpt
report_io: Time (s): cpu = 00:00:00.17 ; elapsed = 00:00:00.14 . Memory (MB): peak = 3286.840 ; gain = 0.000 ; free physical = 2314 ; free virtual = 4192
INFO: [Vivado 12-24828] Executing command : report_control_sets -verbose -file image_filter_wrapper_control_sets_placed.rpt
report_control_sets: Time (s): cpu = 00:00:00.22 ; elapsed = 00:00:00.18 . Memory (MB): peak = 3286.840 ; gain = 0.000 ; free physical = 2321 ; free virtual = 4199
INFO: [Vivado 12-24828] Executing command : report_utilization -file image_filter_wrapper_utilization_placed.rpt -pb image_filter_wrapper_utilization_placed.pb
INFO: [Timing 38-480] Writing timing data to binary archive.
Write ShapeDB Complete: Time (s): cpu = 00:00:00.19 ; elapsed = 00:00:00.04 . Memory (MB): peak = 3286.840 ; gain = 0.000 ; free physical = 2311 ; free virtual = 4195
Wrote PlaceDB: Time (s): cpu = 00:00:02 ; elapsed = 00:00:00.59 . Memory (MB): peak = 3286.840 ; gain = 0.000 ; free physical = 2264 ; free virtual = 4175
Wrote PulsedLatchDB: Time (s): cpu = 00:00:00 ; elapsed = 00:00:00 . Memory (MB): peak = 3286.840 ; gain = 0.000 ; free physical = 2264 ; free virtual = 4175
Writing XDEF routing.
Writing XDEF routing logical nets.
Writing XDEF routing special nets.
Wrote RouteStorage: Time (s): cpu = 00:00:00.08 ; elapsed = 00:00:00.03 . Memory (MB): peak = 3286.840 ; gain = 0.000 ; free physical = 2264 ; free virtual = 4175
Wrote Netlist Cache: Time (s): cpu = 00:00:00.04 ; elapsed = 00:00:00.02 . Memory (MB): peak = 3286.840 ; gain = 0.000 ; free physical = 2264 ; free virtual = 4177
Wrote Device Cache: Time (s): cpu = 00:00:00.02 ; elapsed = 00:00:00.01 . Memory (MB): peak = 3286.840 ; gain = 0.000 ; free physical = 2264 ; free virtual = 4178
Write Physdb Complete: Time (s): cpu = 00:00:02 ; elapsed = 00:00:00.67 . Memory (MB): peak = 3286.840 ; gain = 0.000 ; free physical = 2264 ; free virtual = 4178
INFO: [Common 17-1381] The checkpoint '/home/kowalski/Desktop/ETF/CETVRTA-GODINA/DVS/dvs25_projekat_g6/dvs25_projekat_g6.runs/impl_1/image_filter_wrapper_placed.dcp' has been generated.
Command: phys_opt_design
Attempting to get a license for feature 'Implementation' and/or device 'xc7z020'
INFO: [Common 17-349] Got license for feature 'Implementation' and/or device 'xc7z020'

Starting Initial Update Timing Task

Time (s): cpu = 00:00:03 ; elapsed = 00:00:01 . Memory (MB): peak = 3286.840 ; gain = 0.000 ; free physical = 2267 ; free virtual = 4156
INFO: [Vivado_Tcl 4-2279] Estimated Timing Summary | WNS= 5.334 | TNS= 0.000 | 
INFO: [Vivado_Tcl 4-383] Design worst setup slack (WNS) is greater than or equal to 0.000 ns. All physical synthesis setup optimizations will be skipped.
INFO: [Vivado_Tcl 4-232] No setup violation found. The netlist was not modified.
INFO: [Common 17-83] Releasing license: Implementation
116 Infos, 48 Warnings, 0 Critical Warnings and 0 Errors encountered.
phys_opt_design completed successfully
INFO: [Timing 38-480] Writing timing data to binary archive.
Write ShapeDB Complete: Time (s): cpu = 00:00:00.19 ; elapsed = 00:00:00.04 . Memory (MB): peak = 3286.840 ; gain = 0.000 ; free physical = 2263 ; free virtual = 4157
Wrote PlaceDB: Time (s): cpu = 00:00:02 ; elapsed = 00:00:00.58 . Memory (MB): peak = 3286.840 ; gain = 0.000 ; free physical = 2249 ; free virtual = 4169
Wrote PulsedLatchDB: Time (s): cpu = 00:00:00 ; elapsed = 00:00:00 . Memory (MB): peak = 3286.840 ; gain = 0.000 ; free physical = 2249 ; free virtual = 4169
Writing XDEF routing.
Writing XDEF routing logical nets.
Writing XDEF routing special nets.
Wrote RouteStorage: Time (s): cpu = 00:00:00.09 ; elapsed = 00:00:00.04 . Memory (MB): peak = 3286.840 ; gain = 0.000 ; free physical = 2249 ; free virtual = 4169
Wrote Netlist Cache: Time (s): cpu = 00:00:00.04 ; elapsed = 00:00:00.02 . Memory (MB): peak = 3286.840 ; gain = 0.000 ; free physical = 2241 ; free virtual = 4163
Wrote Device Cache: Time (s): cpu = 00:00:00.01 ; elapsed = 00:00:00.01 . Memory (MB): peak = 3286.840 ; gain = 0.000 ; free physical = 2241 ; free virtual = 4164
Write Physdb Complete: Time (s): cpu = 00:00:02 ; elapsed = 00:00:00.66 . Memory (MB): peak = 3286.840 ; gain = 0.000 ; free physical = 2241 ; free virtual = 4164
INFO: [Common 17-1381] The checkpoint '/home/kowalski/Desktop/ETF/CETVRTA-GODINA/DVS/dvs25_projekat_g6/dvs25_projekat_g6.runs/impl_1/image_filter_wrapper_physopt.dcp' has been generated.
Command: route_design
Attempting to get a license for feature 'Implementation' and/or device 'xc7z020'
INFO: [Common 17-349] Got license for feature 'Implementation' and/or device 'xc7z020'


Starting Routing Task
INFO: [Route 35-254] Multithreading enabled for route_design using a maximum of 8 CPUs

Phase 1 Build RT Design
Checksum: PlaceDB: 6b20d19b ConstDB: 0 ShapeSum: f9c6fce RouteDB: 15f972f0
Post Restoration Checksum: NetGraph: bd68fcc8 | NumContArr: e2952089 | Constraints: c2a8fa9d | Timing: c2a8fa9d
Phase 1 Build RT Design | Checksum: 32550128b

Time (s): cpu = 00:00:17 ; elapsed = 00:00:11 . Memory (MB): peak = 3286.840 ; gain = 0.000 ; free physical = 2225 ; free virtual = 4129

Phase 2 Router Initialization

Phase 2.1 Fix Topology Constraints
Phase 2.1 Fix Topology Constraints | Checksum: 32550128b

Time (s): cpu = 00:00:17 ; elapsed = 00:00:11 . Memory (MB): peak = 3286.840 ; gain = 0.000 ; free physical = 2225 ; free virtual = 4129

Phase 2.2 Pre Route Cleanup
Phase 2.2 Pre Route Cleanup | Checksum: 32550128b

Time (s): cpu = 00:00:17 ; elapsed = 00:00:11 . Memory (MB): peak = 3286.840 ; gain = 0.000 ; free physical = 2225 ; free virtual = 4130
 Number of Nodes with overlaps = 0

Phase 2.3 Update Timing
Phase 2.3 Update Timing | Checksum: 21d5ae03c

Time (s): cpu = 00:00:23 ; elapsed = 00:00:13 . Memory (MB): peak = 3291.820 ; gain = 4.980 ; free physical = 2188 ; free virtual = 4093
INFO: [Route 35-416] Intermediate Timing Summary | WNS=5.285  | TNS=0.000  | WHS=-0.355 | THS=-403.159|


Phase 2.4 Update Timing for Bus Skew

Phase 2.4.1 Update Timing
Phase 2.4.1 Update Timing | Checksum: 21132f1df

Time (s): cpu = 00:00:28 ; elapsed = 00:00:15 . Memory (MB): peak = 3333.820 ; gain = 46.980 ; free physical = 2144 ; free virtual = 4050
INFO: [Route 35-416] Intermediate Timing Summary | WNS=5.285  | TNS=0.000  | WHS=-0.180 | THS=-1.710 |

Phase 2.4 Update Timing for Bus Skew | Checksum: 1ed4992b9

Time (s): cpu = 00:00:28 ; elapsed = 00:00:15 . Memory (MB): peak = 3333.820 ; gain = 46.980 ; free physical = 2143 ; free virtual = 4052

Phase 2.5 Soft Constraint Pins - Fast Budgeting
Phase 2.5 Soft Constraint Pins - Fast Budgeting | Checksum: 1ed4992b9

Time (s): cpu = 00:00:29 ; elapsed = 00:00:15 . Memory (MB): peak = 3333.820 ; gain = 46.980 ; free physical = 2142 ; free virtual = 4050

Router Utilization Summary
  Global Vertical Routing Utilization    = 0.000880191 %
  Global Horizontal Routing Utilization  = 0.00185936 %
  Routable Net Status*
  *Does not include unroutable nets such as driverless and loadless.
  Run report_route_status for detailed report.
  Number of Failed Nets               = 24367
    (Failed Nets is the sum of unrouted and partially routed nets)
  Number of Unrouted Nets             = 24364
  Number of Partially Routed Nets     = 3
  Number of Node Overlaps             = 2

Phase 2 Router Initialization | Checksum: 26e1a9602

Time (s): cpu = 00:00:29 ; elapsed = 00:00:15 . Memory (MB): peak = 3333.820 ; gain = 46.980 ; free physical = 2140 ; free virtual = 4048

Phase 3 Global Routing
Phase 3 Global Routing | Checksum: 26e1a9602

Time (s): cpu = 00:00:29 ; elapsed = 00:00:15 . Memory (MB): peak = 3333.820 ; gain = 46.980 ; free physical = 2140 ; free virtual = 4048

Phase 4 Initial Routing

Phase 4.1 Initial Net Routing Pass
Phase 4.1 Initial Net Routing Pass | Checksum: 1a1d56a5b

Time (s): cpu = 00:00:33 ; elapsed = 00:00:16 . Memory (MB): peak = 3333.820 ; gain = 46.980 ; free physical = 2140 ; free virtual = 4049
Phase 4 Initial Routing | Checksum: 1a1d56a5b

Time (s): cpu = 00:00:33 ; elapsed = 00:00:16 . Memory (MB): peak = 3333.820 ; gain = 46.980 ; free physical = 2140 ; free virtual = 4049

Phase 5 Rip-up And Reroute

Phase 5.1 Global Iteration 0
 Number of Nodes with overlaps = 1143
 Number of Nodes with overlaps = 7
 Number of Nodes with overlaps = 0
INFO: [Route 35-416] Intermediate Timing Summary | WNS=0.925  | TNS=0.000  | WHS=N/A    | THS=N/A    |

Phase 5.1 Global Iteration 0 | Checksum: 294130a36

Time (s): cpu = 00:00:39 ; elapsed = 00:00:19 . Memory (MB): peak = 3333.820 ; gain = 46.980 ; free physical = 2141 ; free virtual = 4049

Phase 5.2 Global Iteration 1
 Number of Nodes with overlaps = 0
INFO: [Route 35-416] Intermediate Timing Summary | WNS=0.925  | TNS=0.000  | WHS=N/A    | THS=N/A    |

Phase 5.2 Global Iteration 1 | Checksum: 2b853062a

Time (s): cpu = 00:00:40 ; elapsed = 00:00:19 . Memory (MB): peak = 3333.820 ; gain = 46.980 ; free physical = 2141 ; free virtual = 4049

Phase 5.3 Global Iteration 2
 Number of Nodes with overlaps = 3
 Number of Nodes with overlaps = 0
INFO: [Route 35-416] Intermediate Timing Summary | WNS=0.925  | TNS=0.000  | WHS=N/A    | THS=N/A    |

Phase 5.3 Global Iteration 2 | Checksum: 1da507827

Time (s): cpu = 00:00:41 ; elapsed = 00:00:20 . Memory (MB): peak = 3333.820 ; gain = 46.980 ; free physical = 2141 ; free virtual = 4049
Phase 5 Rip-up And Reroute | Checksum: 1da507827

Time (s): cpu = 00:00:41 ; elapsed = 00:00:20 . Memory (MB): peak = 3333.820 ; gain = 46.980 ; free physical = 2141 ; free virtual = 4049

Phase 6 Delay and Skew Optimization

Phase 6.1 Delay CleanUp
Phase 6.1 Delay CleanUp | Checksum: 1da507827

Time (s): cpu = 00:00:41 ; elapsed = 00:00:20 . Memory (MB): peak = 3333.820 ; gain = 46.980 ; free physical = 2141 ; free virtual = 4049

Phase 6.2 Clock Skew Optimization
Phase 6.2 Clock Skew Optimization | Checksum: 1da507827

Time (s): cpu = 00:00:41 ; elapsed = 00:00:20 . Memory (MB): peak = 3333.820 ; gain = 46.980 ; free physical = 2141 ; free virtual = 4049
Phase 6 Delay and Skew Optimization | Checksum: 1da507827

Time (s): cpu = 00:00:41 ; elapsed = 00:00:20 . Memory (MB): peak = 3333.820 ; gain = 46.980 ; free physical = 2141 ; free virtual = 4049

Phase 7 Post Hold Fix

Phase 7.1 Hold Fix Iter
INFO: [Route 35-416] Intermediate Timing Summary | WNS=0.925  | TNS=0.000  | WHS=0.030  | THS=0.000  |

Phase 7.1 Hold Fix Iter | Checksum: 25794504c

Time (s): cpu = 00:00:42 ; elapsed = 00:00:20 . Memory (MB): peak = 3333.820 ; gain = 46.980 ; free physical = 2141 ; free virtual = 4049
Phase 7 Post Hold Fix | Checksum: 25794504c

Time (s): cpu = 00:00:42 ; elapsed = 00:00:20 . Memory (MB): peak = 3333.820 ; gain = 46.980 ; free physical = 2141 ; free virtual = 4049

Phase 8 Route finalize

Router Utilization Summary
  Global Vertical Routing Utilization    = 5.33131 %
  Global Horizontal Routing Utilization  = 6.79657 %
  Routable Net Status*
  *Does not include unroutable nets such as driverless and loadless.
  Run report_route_status for detailed report.
  Number of Failed Nets               = 0
    (Failed Nets is the sum of unrouted and partially routed nets)
  Number of Unrouted Nets             = 0
  Number of Partially Routed Nets     = 0
  Number of Node Overlaps             = 0

Phase 8 Route finalize | Checksum: 25794504c

Time (s): cpu = 00:00:43 ; elapsed = 00:00:20 . Memory (MB): peak = 3333.820 ; gain = 46.980 ; free physical = 2141 ; free virtual = 4050

Phase 9 Verifying routed nets

 Verification completed successfully
Phase 9 Verifying routed nets | Checksum: 25794504c

Time (s): cpu = 00:00:43 ; elapsed = 00:00:20 . Memory (MB): peak = 3333.820 ; gain = 46.980 ; free physical = 2139 ; free virtual = 4049

Phase 10 Depositing Routes
Phase 10 Depositing Routes | Checksum: 2b6840866

Time (s): cpu = 00:00:44 ; elapsed = 00:00:21 . Memory (MB): peak = 3333.820 ; gain = 46.980 ; free physical = 2136 ; free virtual = 4046

Phase 11 Post Process Routing
Phase 11 Post Process Routing | Checksum: 2b6840866

Time (s): cpu = 00:00:44 ; elapsed = 00:00:21 . Memory (MB): peak = 3333.820 ; gain = 46.980 ; free physical = 2136 ; free virtual = 4047

Phase 12 Post Router Timing
INFO: [Route 35-57] Estimated Timing Summary | WNS=0.925  | TNS=0.000  | WHS=0.030  | THS=0.000  |

INFO: [Route 35-327] The final timing numbers are based on the router estimated timing analysis. For a complete and accurate timing signoff, please run report_timing_summary.
Phase 12 Post Router Timing | Checksum: 2b6840866

Time (s): cpu = 00:00:44 ; elapsed = 00:00:21 . Memory (MB): peak = 3333.820 ; gain = 46.980 ; free physical = 2136 ; free virtual = 4047
Total Elapsed time in route_design: 20.76 secs

Phase 13 Post-Route Event Processing
Phase 13 Post-Route Event Processing | Checksum: 67cd138d

Time (s): cpu = 00:00:44 ; elapsed = 00:00:21 . Memory (MB): peak = 3333.820 ; gain = 46.980 ; free physical = 2136 ; free virtual = 4047
INFO: [Route 35-16] Router Completed Successfully
Ending Routing Task | Checksum: 67cd138d

Time (s): cpu = 00:00:44 ; elapsed = 00:00:21 . Memory (MB): peak = 3333.820 ; gain = 46.980 ; free physical = 2136 ; free virtual = 4046

Routing Is Done.
INFO: [Common 17-83] Releasing license: Implementation
130 Infos, 48 Warnings, 0 Critical Warnings and 0 Errors encountered.
route_design completed successfully
route_design: Time (s): cpu = 00:00:45 ; elapsed = 00:00:21 . Memory (MB): peak = 3333.820 ; gain = 46.980 ; free physical = 2136 ; free virtual = 4046
INFO: [Vivado 12-24828] Executing command : report_drc -file image_filter_wrapper_drc_routed.rpt -pb image_filter_wrapper_drc_routed.pb -rpx image_filter_wrapper_drc_routed.rpx
Command: report_drc -file image_filter_wrapper_drc_routed.rpt -pb image_filter_wrapper_drc_routed.pb -rpx image_filter_wrapper_drc_routed.rpx
INFO: [IP_Flow 19-1839] IP Catalog is up to date.
INFO: [DRC 23-27] Running DRC with 8 threads
INFO: [Vivado_Tcl 2-168] The results of DRC are in file /home/kowalski/Desktop/ETF/CETVRTA-GODINA/DVS/dvs25_projekat_g6/dvs25_projekat_g6.runs/impl_1/image_filter_wrapper_drc_routed.rpt.
report_drc completed successfully
INFO: [Vivado 12-24828] Executing command : report_methodology -file image_filter_wrapper_methodology_drc_routed.rpt -pb image_filter_wrapper_methodology_drc_routed.pb -rpx image_filter_wrapper_methodology_drc_routed.rpx
Command: report_methodology -file image_filter_wrapper_methodology_drc_routed.rpt -pb image_filter_wrapper_methodology_drc_routed.pb -rpx image_filter_wrapper_methodology_drc_routed.rpx
INFO: [Timing 38-35] Done setting XDC timing constraints.
INFO: [DRC 23-133] Running Methodology with 8 threads
INFO: [Vivado_Tcl 2-1520] The results of Report Methodology are in file /home/kowalski/Desktop/ETF/CETVRTA-GODINA/DVS/dvs25_projekat_g6/dvs25_projekat_g6.runs/impl_1/image_filter_wrapper_methodology_drc_routed.rpt.
report_methodology completed successfully
INFO: [Vivado 12-24828] Executing command : report_timing_summary -max_paths 10 -routable_nets -report_unconstrained -file image_filter_wrapper_timing_summary_routed.rpt -pb image_filter_wrapper_timing_summary_routed.pb -rpx image_filter_wrapper_timing_summary_routed.rpx -warn_on_violation 
INFO: [Timing 38-35] Done setting XDC timing constraints.
INFO: [Timing 38-91] UpdateTimingParams: Speed grade: -1, Delay Type: min_max.
INFO: [Timing 38-191] Multithreading enabled for timing update using a maximum of 8 CPUs
WARNING: [Timing 38-436] There are set_bus_skew constraint(s) in this design. Please run report_bus_skew to ensure that bus skew requirements are met.
INFO: [Vivado 12-24838] Running report commands "report_bus_skew, report_incremental_reuse, report_route_status" in parallel.
Running report generation with 3 threads.
INFO: [Vivado 12-24828] Executing command : report_incremental_reuse -file image_filter_wrapper_incremental_reuse_routed.rpt
INFO: [Vivado_Tcl 4-1062] Incremental flow is disabled. No incremental reuse Info to report.
INFO: [Vivado 12-24828] Executing command : report_bus_skew -warn_on_violation -file image_filter_wrapper_bus_skew_routed.rpt -pb image_filter_wrapper_bus_skew_routed.pb -rpx image_filter_wrapper_bus_skew_routed.rpx
INFO: [Timing 38-91] UpdateTimingParams: Speed grade: -1, Delay Type: min_max.
INFO: [Timing 38-191] Multithreading enabled for timing update using a maximum of 8 CPUs
INFO: [Vivado 12-24828] Executing command : report_route_status -file image_filter_wrapper_route_status.rpt -pb image_filter_wrapper_route_status.pb
INFO: [Vivado 12-24828] Executing command : report_power -file image_filter_wrapper_power_routed.rpt -pb image_filter_wrapper_power_summary_routed.pb -rpx image_filter_wrapper_power_routed.rpx
Command: report_power -file image_filter_wrapper_power_routed.rpt -pb image_filter_wrapper_power_summary_routed.pb -rpx image_filter_wrapper_power_routed.rpx
Running Vector-less Activity Propagation...

Finished Running Vector-less Activity Propagation
WARNING: [Power 33-332] Found switching activity that implies high-fanout reset nets being asserted for excessive periods of time which may result in inaccurate power analysis.
Resolution: To review and fix problems, please run Power Constraints Advisor in the GUI from Tools > Power Constraints Advisor or run report_power with the -advisory option to generate a text report.
150 Infos, 50 Warnings, 0 Critical Warnings and 0 Errors encountered.
report_power completed successfully
INFO: [Vivado 12-24828] Executing command : report_clock_utilization -file image_filter_wrapper_clock_utilization_routed.rpt
generate_parallel_reports: Time (s): cpu = 00:00:28 ; elapsed = 00:00:09 . Memory (MB): peak = 3484.629 ; gain = 150.809 ; free physical = 1960 ; free virtual = 3902
INFO: [Timing 38-480] Writing timing data to binary archive.
Write ShapeDB Complete: Time (s): cpu = 00:00:00.19 ; elapsed = 00:00:00.04 . Memory (MB): peak = 3484.629 ; gain = 0.000 ; free physical = 1954 ; free virtual = 3901
Wrote PlaceDB: Time (s): cpu = 00:00:02 ; elapsed = 00:00:00.59 . Memory (MB): peak = 3484.629 ; gain = 0.000 ; free physical = 1936 ; free virtual = 3908
Wrote PulsedLatchDB: Time (s): cpu = 00:00:00 ; elapsed = 00:00:00 . Memory (MB): peak = 3484.629 ; gain = 0.000 ; free physical = 1936 ; free virtual = 3908
Writing XDEF routing.
Writing XDEF routing logical nets.
Writing XDEF routing special nets.
Wrote RouteStorage: Time (s): cpu = 00:00:00.31 ; elapsed = 00:00:00.12 . Memory (MB): peak = 3484.629 ; gain = 0.000 ; free physical = 1931 ; free virtual = 3907
Wrote Netlist Cache: Time (s): cpu = 00:00:00.04 ; elapsed = 00:00:00.02 . Memory (MB): peak = 3484.629 ; gain = 0.000 ; free physical = 1931 ; free virtual = 3909
Wrote Device Cache: Time (s): cpu = 00:00:00.01 ; elapsed = 00:00:00.01 . Memory (MB): peak = 3484.629 ; gain = 0.000 ; free physical = 1931 ; free virtual = 3910
Write Physdb Complete: Time (s): cpu = 00:00:02 ; elapsed = 00:00:00.74 . Memory (MB): peak = 3484.629 ; gain = 0.000 ; free physical = 1931 ; free virtual = 3910
INFO: [Common 17-1381] The checkpoint '/home/kowalski/Desktop/ETF/CETVRTA-GODINA/DVS/dvs25_projekat_g6/dvs25_projekat_g6.runs/impl_1/image_filter_wrapper_routed.dcp' has been generated.
INFO: [Memdata 28-167] Found XPM memory block image_filter_i/axi_dma_0/U0/I_PRMRY_DATAMOVER/GEN_S2MM_FULL.I_S2MM_FULL_WRAPPER/GEN_ENABLE_INDET_BTT_SF.I_INDET_BTT/I_XD_FIFO/NON_BLK_MEM.I_SYNC_FIFOGEN_FIFO/xpm_fifo_base_inst/gen_sdpram.xpm_memory_base_inst with a P_MEMORY_PRIMITIVE property set to auto. A value of block is required. You will not be able to use the updatemem program to update the bitstream with new data for the image_filter_i/axi_dma_0/U0/I_PRMRY_DATAMOVER/GEN_S2MM_FULL.I_S2MM_FULL_WRAPPER/GEN_ENABLE_INDET_BTT_SF.I_INDET_BTT/I_XD_FIFO/NON_BLK_MEM.I_SYNC_FIFOGEN_FIFO/xpm_fifo_base_inst/gen_sdpram.xpm_memory_base_inst block.
INFO: [Memdata 28-208] The XPM instance: <image_filter_i/axi_dma_0/U0/I_PRMRY_DATAMOVER/GEN_S2MM_FULL.I_S2MM_FULL_WRAPPER/GEN_ENABLE_INDET_BTT_SF.I_INDET_BTT/I_DATA_FIFO/BLK_MEM.I_SYNC_FIFOGEN_FIFO/xpm_fifo_base_inst/gen_sdpram.xpm_memory_base_inst> is part of IP: <image_filter_i/axi_dma_0>. This XPM instance will be excluded from the .mmi because updatemem is prohibited from making changes to an XPM that is part of an IP.
INFO: [Memdata 28-208] The XPM instance: <image_filter_i/axi_dma_0/U0/I_PRMRY_DATAMOVER/GEN_MM2S_FULL.I_MM2S_FULL_WRAPPER/GEN_INCLUDE_MM2S_SF.I_RD_SF/I_DATA_FIFO/BLK_MEM.I_SYNC_FIFOGEN_FIFO/xpm_fifo_base_inst/gen_sdpram.xpm_memory_base_inst> is part of IP: <image_filter_i/axi_dma_0>. This XPM instance will be excluded from the .mmi because updatemem is prohibited from making changes to an XPM that is part of an IP.
Command: write_bitstream -force image_filter_wrapper.bit
Attempting to get a license for feature 'Implementation' and/or device 'xc7z020'
INFO: [Common 17-349] Got license for feature 'Implementation' and/or device 'xc7z020'
Running DRC as a precondition to command write_bitstream
INFO: [IP_Flow 19-1839] IP Catalog is up to date.
INFO: [DRC 23-27] Running DRC with 8 threads
INFO: [Vivado 12-3199] DRC finished with 0 Errors
INFO: [Vivado 12-3200] Please refer to the DRC report (report_drc) for more information.
INFO: [Designutils 20-2272] Running write_bitstream with 8 threads.
Loading data files...
Loading site data...
Loading route data...
Processing options...
Creating bitmap...
Creating bitstream...
Writing bitstream ./image_filter_wrapper.bit...
INFO: [Vivado 12-1842] Bitgen Completed Successfully.
INFO: [Project 1-1876] WebTalk data collection is mandatory when using a ULT device. To see the specific WebTalk data collected for your design, open the usage_statistics_webtalk.html or usage_statistics_webtalk.xml file in the implementation directory.
INFO: [Common 17-83] Releasing license: Implementation
165 Infos, 50 Warnings, 0 Critical Warnings and 0 Errors encountered.
write_bitstream completed successfully
write_bitstream: Time (s): cpu = 00:00:27 ; elapsed = 00:00:28 . Memory (MB): peak = 3835.016 ; gain = 350.387 ; free physical = 1554 ; free virtual = 3515
INFO: [Common 17-206] Exiting Vivado at Tue May 12 21:41:27 2026...
