
*** Running vivado
    with args -log image_filter_axi_mem_intercon_imp_xbar_0.vds -m64 -product Vivado -mode batch -messageDb vivado.pb -notrace -source image_filter_axi_mem_intercon_imp_xbar_0.tcl


****** Vivado v2025.1 (64-bit)
  **** SW Build 6140274 on Wed May 21 22:58:25 MDT 2025
  **** IP Build 6138677 on Thu May 22 03:10:11 MDT 2025
  **** SharedData Build 6139179 on Tue May 20 17:58:58 MDT 2025
  **** Start of session at: Sun Apr 19 14:50:55 2026
    ** Copyright 1986-2022 Xilinx, Inc. All Rights Reserved.
    ** Copyright 2022-2025 Advanced Micro Devices, Inc. All Rights Reserved.

source image_filter_axi_mem_intercon_imp_xbar_0.tcl -notrace
create_project: Time (s): cpu = 00:00:13 ; elapsed = 00:00:07 . Memory (MB): peak = 1553.484 ; gain = 64.059 ; free physical = 5966 ; free virtual = 11201
Command: synth_design -top image_filter_axi_mem_intercon_imp_xbar_0 -part xc7z020clg400-1 -incremental_mode off -mode out_of_context
Starting synth_design
Attempting to get a license for feature 'Synthesis' and/or device 'xc7z020'
INFO: [Common 17-349] Got license for feature 'Synthesis' and/or device 'xc7z020'
INFO: [Device 21-403] Loading part xc7z020clg400-1
INFO: [Synth 8-7079] Multithreading enabled for synth_design using a maximum of 7 processes.
INFO: [Synth 8-7078] Launching helper process for spawning children vivado processes
INFO: [Synth 8-7075] Helper process launched with PID 147458
---------------------------------------------------------------------------------
Starting RTL Elaboration : Time (s): cpu = 00:00:07 ; elapsed = 00:00:09 . Memory (MB): peak = 2135.117 ; gain = 438.742 ; free physical = 217 ; free virtual = 3825
---------------------------------------------------------------------------------
WARNING: [Synth 8-10507] attribute 'X_INTERFACE_MODE' is already specified; last one will take precedence [/home/kowalski/Desktop/ETF/CETVRTA-GODINA/DVS/dvs25_projekat_g6/dvs25_projekat_g6.gen/sources_1/bd/image_filter/ip/image_filter_axi_mem_intercon_imp_xbar_0/synth/image_filter_axi_mem_intercon_imp_xbar_0.v:152]
WARNING: [Synth 8-10507] attribute 'X_INTERFACE_PARAMETER' is already specified; last one will take precedence [/home/kowalski/Desktop/ETF/CETVRTA-GODINA/DVS/dvs25_projekat_g6/dvs25_projekat_g6.gen/sources_1/bd/image_filter/ip/image_filter_axi_mem_intercon_imp_xbar_0/synth/image_filter_axi_mem_intercon_imp_xbar_0.v:154]
INFO: [Synth 8-6157] synthesizing module 'image_filter_axi_mem_intercon_imp_xbar_0' [/home/kowalski/Desktop/ETF/CETVRTA-GODINA/DVS/dvs25_projekat_g6/dvs25_projekat_g6.gen/sources_1/bd/image_filter/ip/image_filter_axi_mem_intercon_imp_xbar_0/synth/image_filter_axi_mem_intercon_imp_xbar_0.v:53]
INFO: [Synth 8-6157] synthesizing module 'axi_crossbar_v2_1_37_axi_crossbar' [/home/kowalski/Desktop/ETF/CETVRTA-GODINA/DVS/dvs25_projekat_g6/dvs25_projekat_g6.gen/sources_1/bd/image_filter/ipshared/a1a7/hdl/axi_crossbar_v2_1_vl_rfs.v:4871]
INFO: [Synth 8-6157] synthesizing module 'axi_crossbar_v2_1_37_crossbar' [/home/kowalski/Desktop/ETF/CETVRTA-GODINA/DVS/dvs25_projekat_g6/dvs25_projekat_g6.gen/sources_1/bd/image_filter/ipshared/a1a7/hdl/axi_crossbar_v2_1_vl_rfs.v:2232]
INFO: [Synth 8-6157] synthesizing module 'axi_crossbar_v2_1_37_si_transactor' [/home/kowalski/Desktop/ETF/CETVRTA-GODINA/DVS/dvs25_projekat_g6/dvs25_projekat_g6.gen/sources_1/bd/image_filter/ipshared/a1a7/hdl/axi_crossbar_v2_1_vl_rfs.v:3791]
INFO: [Synth 8-6157] synthesizing module 'axi_crossbar_v2_1_37_addr_decoder' [/home/kowalski/Desktop/ETF/CETVRTA-GODINA/DVS/dvs25_projekat_g6/dvs25_projekat_g6.gen/sources_1/bd/image_filter/ipshared/a1a7/hdl/axi_crossbar_v2_1_vl_rfs.v:790]
INFO: [Synth 8-6157] synthesizing module 'generic_baseblocks_v2_1_2_comparator_static' [/home/kowalski/Desktop/ETF/CETVRTA-GODINA/DVS/dvs25_projekat_g6/dvs25_projekat_g6.gen/sources_1/bd/image_filter/ipshared/0c28/hdl/generic_baseblocks_v2_1_vl_rfs.v:2119]
INFO: [Synth 8-6157] synthesizing module 'generic_baseblocks_v2_1_2_carry_and' [/home/kowalski/Desktop/ETF/CETVRTA-GODINA/DVS/dvs25_projekat_g6/dvs25_projekat_g6.gen/sources_1/bd/image_filter/ipshared/0c28/hdl/generic_baseblocks_v2_1_vl_rfs.v:60]
INFO: [Synth 8-6155] done synthesizing module 'generic_baseblocks_v2_1_2_carry_and' (0#1) [/home/kowalski/Desktop/ETF/CETVRTA-GODINA/DVS/dvs25_projekat_g6/dvs25_projekat_g6.gen/sources_1/bd/image_filter/ipshared/0c28/hdl/generic_baseblocks_v2_1_vl_rfs.v:60]
INFO: [Synth 8-6155] done synthesizing module 'generic_baseblocks_v2_1_2_comparator_static' (0#1) [/home/kowalski/Desktop/ETF/CETVRTA-GODINA/DVS/dvs25_projekat_g6/dvs25_projekat_g6.gen/sources_1/bd/image_filter/ipshared/0c28/hdl/generic_baseblocks_v2_1_vl_rfs.v:2119]
INFO: [Synth 8-6155] done synthesizing module 'axi_crossbar_v2_1_37_addr_decoder' (0#1) [/home/kowalski/Desktop/ETF/CETVRTA-GODINA/DVS/dvs25_projekat_g6/dvs25_projekat_g6.gen/sources_1/bd/image_filter/ipshared/a1a7/hdl/axi_crossbar_v2_1_vl_rfs.v:790]
INFO: [Synth 8-6157] synthesizing module 'axi_data_fifo_v2_1_35_axic_srl_fifo' [/home/kowalski/Desktop/ETF/CETVRTA-GODINA/DVS/dvs25_projekat_g6/dvs25_projekat_g6.gen/sources_1/bd/image_filter/ipshared/4846/hdl/axi_data_fifo_v2_1_vl_rfs.v:694]
INFO: [Synth 8-6157] synthesizing module 'axi_data_fifo_v2_1_35_ndeep_srl' [/home/kowalski/Desktop/ETF/CETVRTA-GODINA/DVS/dvs25_projekat_g6/dvs25_projekat_g6.gen/sources_1/bd/image_filter/ipshared/4846/hdl/axi_data_fifo_v2_1_vl_rfs.v:1129]
INFO: [Synth 8-6157] synthesizing module 'SRLC32E' [/opt/Xilinx/2025.1/Vivado/scripts/rt/data/unisim_comp.v:158762]
INFO: [Synth 8-6155] done synthesizing module 'SRLC32E' (0#1) [/opt/Xilinx/2025.1/Vivado/scripts/rt/data/unisim_comp.v:158762]
INFO: [Synth 8-6155] done synthesizing module 'axi_data_fifo_v2_1_35_ndeep_srl' (0#1) [/home/kowalski/Desktop/ETF/CETVRTA-GODINA/DVS/dvs25_projekat_g6/dvs25_projekat_g6.gen/sources_1/bd/image_filter/ipshared/4846/hdl/axi_data_fifo_v2_1_vl_rfs.v:1129]
INFO: [Synth 8-6155] done synthesizing module 'axi_data_fifo_v2_1_35_axic_srl_fifo' (0#1) [/home/kowalski/Desktop/ETF/CETVRTA-GODINA/DVS/dvs25_projekat_g6/dvs25_projekat_g6.gen/sources_1/bd/image_filter/ipshared/4846/hdl/axi_data_fifo_v2_1_vl_rfs.v:694]
INFO: [Synth 8-6157] synthesizing module 'generic_baseblocks_v2_1_2_mux_enc' [/home/kowalski/Desktop/ETF/CETVRTA-GODINA/DVS/dvs25_projekat_g6/dvs25_projekat_g6.gen/sources_1/bd/image_filter/ipshared/0c28/hdl/generic_baseblocks_v2_1_vl_rfs.v:2436]
INFO: [Synth 8-6155] done synthesizing module 'generic_baseblocks_v2_1_2_mux_enc' (0#1) [/home/kowalski/Desktop/ETF/CETVRTA-GODINA/DVS/dvs25_projekat_g6/dvs25_projekat_g6.gen/sources_1/bd/image_filter/ipshared/0c28/hdl/generic_baseblocks_v2_1_vl_rfs.v:2436]
INFO: [Synth 8-6155] done synthesizing module 'axi_crossbar_v2_1_37_si_transactor' (0#1) [/home/kowalski/Desktop/ETF/CETVRTA-GODINA/DVS/dvs25_projekat_g6/dvs25_projekat_g6.gen/sources_1/bd/image_filter/ipshared/a1a7/hdl/axi_crossbar_v2_1_vl_rfs.v:3791]
INFO: [Synth 8-6157] synthesizing module 'axi_crossbar_v2_1_37_si_transactor__parameterized0' [/home/kowalski/Desktop/ETF/CETVRTA-GODINA/DVS/dvs25_projekat_g6/dvs25_projekat_g6.gen/sources_1/bd/image_filter/ipshared/a1a7/hdl/axi_crossbar_v2_1_vl_rfs.v:3791]
INFO: [Synth 8-6157] synthesizing module 'generic_baseblocks_v2_1_2_mux_enc__parameterized0' [/home/kowalski/Desktop/ETF/CETVRTA-GODINA/DVS/dvs25_projekat_g6/dvs25_projekat_g6.gen/sources_1/bd/image_filter/ipshared/0c28/hdl/generic_baseblocks_v2_1_vl_rfs.v:2436]
INFO: [Synth 8-6155] done synthesizing module 'generic_baseblocks_v2_1_2_mux_enc__parameterized0' (0#1) [/home/kowalski/Desktop/ETF/CETVRTA-GODINA/DVS/dvs25_projekat_g6/dvs25_projekat_g6.gen/sources_1/bd/image_filter/ipshared/0c28/hdl/generic_baseblocks_v2_1_vl_rfs.v:2436]
INFO: [Synth 8-6155] done synthesizing module 'axi_crossbar_v2_1_37_si_transactor__parameterized0' (0#1) [/home/kowalski/Desktop/ETF/CETVRTA-GODINA/DVS/dvs25_projekat_g6/dvs25_projekat_g6.gen/sources_1/bd/image_filter/ipshared/a1a7/hdl/axi_crossbar_v2_1_vl_rfs.v:3791]
INFO: [Synth 8-6157] synthesizing module 'axi_crossbar_v2_1_37_splitter' [/home/kowalski/Desktop/ETF/CETVRTA-GODINA/DVS/dvs25_projekat_g6/dvs25_projekat_g6.gen/sources_1/bd/image_filter/ipshared/a1a7/hdl/axi_crossbar_v2_1_vl_rfs.v:4451]
INFO: [Synth 8-6155] done synthesizing module 'axi_crossbar_v2_1_37_splitter' (0#1) [/home/kowalski/Desktop/ETF/CETVRTA-GODINA/DVS/dvs25_projekat_g6/dvs25_projekat_g6.gen/sources_1/bd/image_filter/ipshared/a1a7/hdl/axi_crossbar_v2_1_vl_rfs.v:4451]
INFO: [Synth 8-6157] synthesizing module 'axi_crossbar_v2_1_37_wdata_router' [/home/kowalski/Desktop/ETF/CETVRTA-GODINA/DVS/dvs25_projekat_g6/dvs25_projekat_g6.gen/sources_1/bd/image_filter/ipshared/a1a7/hdl/axi_crossbar_v2_1_vl_rfs.v:4724]
INFO: [Synth 8-6157] synthesizing module 'axi_data_fifo_v2_1_35_axic_reg_srl_fifo' [/home/kowalski/Desktop/ETF/CETVRTA-GODINA/DVS/dvs25_projekat_g6/dvs25_projekat_g6.gen/sources_1/bd/image_filter/ipshared/4846/hdl/axi_data_fifo_v2_1_vl_rfs.v:884]
INFO: [Synth 8-6157] synthesizing module 'axi_data_fifo_v2_1_35_ndeep_srl__parameterized0' [/home/kowalski/Desktop/ETF/CETVRTA-GODINA/DVS/dvs25_projekat_g6/dvs25_projekat_g6.gen/sources_1/bd/image_filter/ipshared/4846/hdl/axi_data_fifo_v2_1_vl_rfs.v:1129]
INFO: [Synth 8-6155] done synthesizing module 'axi_data_fifo_v2_1_35_ndeep_srl__parameterized0' (0#1) [/home/kowalski/Desktop/ETF/CETVRTA-GODINA/DVS/dvs25_projekat_g6/dvs25_projekat_g6.gen/sources_1/bd/image_filter/ipshared/4846/hdl/axi_data_fifo_v2_1_vl_rfs.v:1129]
INFO: [Synth 8-155] case statement is not full and has no default [/home/kowalski/Desktop/ETF/CETVRTA-GODINA/DVS/dvs25_projekat_g6/dvs25_projekat_g6.gen/sources_1/bd/image_filter/ipshared/4846/hdl/axi_data_fifo_v2_1_vl_rfs.v:982]
INFO: [Synth 8-6155] done synthesizing module 'axi_data_fifo_v2_1_35_axic_reg_srl_fifo' (0#1) [/home/kowalski/Desktop/ETF/CETVRTA-GODINA/DVS/dvs25_projekat_g6/dvs25_projekat_g6.gen/sources_1/bd/image_filter/ipshared/4846/hdl/axi_data_fifo_v2_1_vl_rfs.v:884]
INFO: [Synth 8-6155] done synthesizing module 'axi_crossbar_v2_1_37_wdata_router' (0#1) [/home/kowalski/Desktop/ETF/CETVRTA-GODINA/DVS/dvs25_projekat_g6/dvs25_projekat_g6.gen/sources_1/bd/image_filter/ipshared/a1a7/hdl/axi_crossbar_v2_1_vl_rfs.v:4724]
INFO: [Synth 8-6157] synthesizing module 'axi_crossbar_v2_1_37_addr_decoder__parameterized0' [/home/kowalski/Desktop/ETF/CETVRTA-GODINA/DVS/dvs25_projekat_g6/dvs25_projekat_g6.gen/sources_1/bd/image_filter/ipshared/a1a7/hdl/axi_crossbar_v2_1_vl_rfs.v:790]
INFO: [Synth 8-6155] done synthesizing module 'axi_crossbar_v2_1_37_addr_decoder__parameterized0' (0#1) [/home/kowalski/Desktop/ETF/CETVRTA-GODINA/DVS/dvs25_projekat_g6/dvs25_projekat_g6.gen/sources_1/bd/image_filter/ipshared/a1a7/hdl/axi_crossbar_v2_1_vl_rfs.v:790]
INFO: [Synth 8-6157] synthesizing module 'axi_crossbar_v2_1_37_addr_decoder__parameterized1' [/home/kowalski/Desktop/ETF/CETVRTA-GODINA/DVS/dvs25_projekat_g6/dvs25_projekat_g6.gen/sources_1/bd/image_filter/ipshared/a1a7/hdl/axi_crossbar_v2_1_vl_rfs.v:790]
INFO: [Synth 8-6155] done synthesizing module 'axi_crossbar_v2_1_37_addr_decoder__parameterized1' (0#1) [/home/kowalski/Desktop/ETF/CETVRTA-GODINA/DVS/dvs25_projekat_g6/dvs25_projekat_g6.gen/sources_1/bd/image_filter/ipshared/a1a7/hdl/axi_crossbar_v2_1_vl_rfs.v:790]
INFO: [Synth 8-6157] synthesizing module 'axi_data_fifo_v2_1_35_axic_srl_fifo__parameterized0' [/home/kowalski/Desktop/ETF/CETVRTA-GODINA/DVS/dvs25_projekat_g6/dvs25_projekat_g6.gen/sources_1/bd/image_filter/ipshared/4846/hdl/axi_data_fifo_v2_1_vl_rfs.v:694]
INFO: [Synth 8-6157] synthesizing module 'axi_data_fifo_v2_1_35_ndeep_srl__parameterized1' [/home/kowalski/Desktop/ETF/CETVRTA-GODINA/DVS/dvs25_projekat_g6/dvs25_projekat_g6.gen/sources_1/bd/image_filter/ipshared/4846/hdl/axi_data_fifo_v2_1_vl_rfs.v:1129]
INFO: [Synth 8-6155] done synthesizing module 'axi_data_fifo_v2_1_35_ndeep_srl__parameterized1' (0#1) [/home/kowalski/Desktop/ETF/CETVRTA-GODINA/DVS/dvs25_projekat_g6/dvs25_projekat_g6.gen/sources_1/bd/image_filter/ipshared/4846/hdl/axi_data_fifo_v2_1_vl_rfs.v:1129]
INFO: [Synth 8-6155] done synthesizing module 'axi_data_fifo_v2_1_35_axic_srl_fifo__parameterized0' (0#1) [/home/kowalski/Desktop/ETF/CETVRTA-GODINA/DVS/dvs25_projekat_g6/dvs25_projekat_g6.gen/sources_1/bd/image_filter/ipshared/4846/hdl/axi_data_fifo_v2_1_vl_rfs.v:694]
INFO: [Synth 8-6157] synthesizing module 'axi_crossbar_v2_1_37_wdata_mux' [/home/kowalski/Desktop/ETF/CETVRTA-GODINA/DVS/dvs25_projekat_g6/dvs25_projekat_g6.gen/sources_1/bd/image_filter/ipshared/a1a7/hdl/axi_crossbar_v2_1_vl_rfs.v:4550]
INFO: [Synth 8-6157] synthesizing module 'axi_data_fifo_v2_1_35_axic_reg_srl_fifo__parameterized0' [/home/kowalski/Desktop/ETF/CETVRTA-GODINA/DVS/dvs25_projekat_g6/dvs25_projekat_g6.gen/sources_1/bd/image_filter/ipshared/4846/hdl/axi_data_fifo_v2_1_vl_rfs.v:884]
INFO: [Synth 8-155] case statement is not full and has no default [/home/kowalski/Desktop/ETF/CETVRTA-GODINA/DVS/dvs25_projekat_g6/dvs25_projekat_g6.gen/sources_1/bd/image_filter/ipshared/4846/hdl/axi_data_fifo_v2_1_vl_rfs.v:982]
INFO: [Synth 8-6155] done synthesizing module 'axi_data_fifo_v2_1_35_axic_reg_srl_fifo__parameterized0' (0#1) [/home/kowalski/Desktop/ETF/CETVRTA-GODINA/DVS/dvs25_projekat_g6/dvs25_projekat_g6.gen/sources_1/bd/image_filter/ipshared/4846/hdl/axi_data_fifo_v2_1_vl_rfs.v:884]
INFO: [Synth 8-6157] synthesizing module 'generic_baseblocks_v2_1_2_mux_enc__parameterized1' [/home/kowalski/Desktop/ETF/CETVRTA-GODINA/DVS/dvs25_projekat_g6/dvs25_projekat_g6.gen/sources_1/bd/image_filter/ipshared/0c28/hdl/generic_baseblocks_v2_1_vl_rfs.v:2436]
INFO: [Synth 8-6155] done synthesizing module 'generic_baseblocks_v2_1_2_mux_enc__parameterized1' (0#1) [/home/kowalski/Desktop/ETF/CETVRTA-GODINA/DVS/dvs25_projekat_g6/dvs25_projekat_g6.gen/sources_1/bd/image_filter/ipshared/0c28/hdl/generic_baseblocks_v2_1_vl_rfs.v:2436]
INFO: [Synth 8-6155] done synthesizing module 'axi_crossbar_v2_1_37_wdata_mux' (0#1) [/home/kowalski/Desktop/ETF/CETVRTA-GODINA/DVS/dvs25_projekat_g6/dvs25_projekat_g6.gen/sources_1/bd/image_filter/ipshared/a1a7/hdl/axi_crossbar_v2_1_vl_rfs.v:4550]
INFO: [Synth 8-6157] synthesizing module 'axi_register_slice_v2_1_35_axi_register_slice' [/home/kowalski/Desktop/ETF/CETVRTA-GODINA/DVS/dvs25_projekat_g6/dvs25_projekat_g6.gen/sources_1/bd/image_filter/ipshared/c5b7/hdl/axi_register_slice_v2_1_vl_rfs.v:3721]
INFO: [Synth 8-6157] synthesizing module 'axi_infrastructure_v1_1_0_axi2vector' [/home/kowalski/Desktop/ETF/CETVRTA-GODINA/DVS/dvs25_projekat_g6/dvs25_projekat_g6.gen/sources_1/bd/image_filter/ipshared/ec67/hdl/axi_infrastructure_v1_1_vl_rfs.v:59]
INFO: [Synth 8-6155] done synthesizing module 'axi_infrastructure_v1_1_0_axi2vector' (0#1) [/home/kowalski/Desktop/ETF/CETVRTA-GODINA/DVS/dvs25_projekat_g6/dvs25_projekat_g6.gen/sources_1/bd/image_filter/ipshared/ec67/hdl/axi_infrastructure_v1_1_vl_rfs.v:59]
INFO: [Synth 8-6157] synthesizing module 'axi_infrastructure_v1_1_0_vector2axi' [/home/kowalski/Desktop/ETF/CETVRTA-GODINA/DVS/dvs25_projekat_g6/dvs25_projekat_g6.gen/sources_1/bd/image_filter/ipshared/ec67/hdl/axi_infrastructure_v1_1_vl_rfs.v:473]
INFO: [Synth 8-6155] done synthesizing module 'axi_infrastructure_v1_1_0_vector2axi' (0#1) [/home/kowalski/Desktop/ETF/CETVRTA-GODINA/DVS/dvs25_projekat_g6/dvs25_projekat_g6.gen/sources_1/bd/image_filter/ipshared/ec67/hdl/axi_infrastructure_v1_1_vl_rfs.v:473]
INFO: [Synth 8-6157] synthesizing module 'axi_register_slice_v2_1_35_axic_register_slice' [/home/kowalski/Desktop/ETF/CETVRTA-GODINA/DVS/dvs25_projekat_g6/dvs25_projekat_g6.gen/sources_1/bd/image_filter/ipshared/c5b7/hdl/axi_register_slice_v2_1_vl_rfs.v:1492]
INFO: [Synth 8-6155] done synthesizing module 'axi_register_slice_v2_1_35_axic_register_slice' (0#1) [/home/kowalski/Desktop/ETF/CETVRTA-GODINA/DVS/dvs25_projekat_g6/dvs25_projekat_g6.gen/sources_1/bd/image_filter/ipshared/c5b7/hdl/axi_register_slice_v2_1_vl_rfs.v:1492]
INFO: [Synth 8-6157] synthesizing module 'axi_register_slice_v2_1_35_axic_register_slice__parameterized0' [/home/kowalski/Desktop/ETF/CETVRTA-GODINA/DVS/dvs25_projekat_g6/dvs25_projekat_g6.gen/sources_1/bd/image_filter/ipshared/c5b7/hdl/axi_register_slice_v2_1_vl_rfs.v:1492]
INFO: [Synth 8-6155] done synthesizing module 'axi_register_slice_v2_1_35_axic_register_slice__parameterized0' (0#1) [/home/kowalski/Desktop/ETF/CETVRTA-GODINA/DVS/dvs25_projekat_g6/dvs25_projekat_g6.gen/sources_1/bd/image_filter/ipshared/c5b7/hdl/axi_register_slice_v2_1_vl_rfs.v:1492]
INFO: [Synth 8-6157] synthesizing module 'axi_register_slice_v2_1_35_axic_register_slice__parameterized1' [/home/kowalski/Desktop/ETF/CETVRTA-GODINA/DVS/dvs25_projekat_g6/dvs25_projekat_g6.gen/sources_1/bd/image_filter/ipshared/c5b7/hdl/axi_register_slice_v2_1_vl_rfs.v:1492]
INFO: [Synth 8-6155] done synthesizing module 'axi_register_slice_v2_1_35_axic_register_slice__parameterized1' (0#1) [/home/kowalski/Desktop/ETF/CETVRTA-GODINA/DVS/dvs25_projekat_g6/dvs25_projekat_g6.gen/sources_1/bd/image_filter/ipshared/c5b7/hdl/axi_register_slice_v2_1_vl_rfs.v:1492]
INFO: [Synth 8-6157] synthesizing module 'axi_register_slice_v2_1_35_axic_register_slice__parameterized2' [/home/kowalski/Desktop/ETF/CETVRTA-GODINA/DVS/dvs25_projekat_g6/dvs25_projekat_g6.gen/sources_1/bd/image_filter/ipshared/c5b7/hdl/axi_register_slice_v2_1_vl_rfs.v:1492]
INFO: [Synth 8-6155] done synthesizing module 'axi_register_slice_v2_1_35_axic_register_slice__parameterized2' (0#1) [/home/kowalski/Desktop/ETF/CETVRTA-GODINA/DVS/dvs25_projekat_g6/dvs25_projekat_g6.gen/sources_1/bd/image_filter/ipshared/c5b7/hdl/axi_register_slice_v2_1_vl_rfs.v:1492]
INFO: [Synth 8-6155] done synthesizing module 'axi_register_slice_v2_1_35_axi_register_slice' (0#1) [/home/kowalski/Desktop/ETF/CETVRTA-GODINA/DVS/dvs25_projekat_g6/dvs25_projekat_g6.gen/sources_1/bd/image_filter/ipshared/c5b7/hdl/axi_register_slice_v2_1_vl_rfs.v:3721]
WARNING: [Synth 8-7071] port 'aclk2x' of module 'axi_register_slice_v2_1_35_axi_register_slice' is unconnected for instance 'reg_slice_mi' [/home/kowalski/Desktop/ETF/CETVRTA-GODINA/DVS/dvs25_projekat_g6/dvs25_projekat_g6.gen/sources_1/bd/image_filter/ipshared/a1a7/hdl/axi_crossbar_v2_1_vl_rfs.v:3116]
WARNING: [Synth 8-7023] instance 'reg_slice_mi' of module 'axi_register_slice_v2_1_35_axi_register_slice' has 93 connections declared, but only 92 given [/home/kowalski/Desktop/ETF/CETVRTA-GODINA/DVS/dvs25_projekat_g6/dvs25_projekat_g6.gen/sources_1/bd/image_filter/ipshared/a1a7/hdl/axi_crossbar_v2_1_vl_rfs.v:3116]
INFO: [Synth 8-6157] synthesizing module 'axi_crossbar_v2_1_37_addr_decoder__parameterized2' [/home/kowalski/Desktop/ETF/CETVRTA-GODINA/DVS/dvs25_projekat_g6/dvs25_projekat_g6.gen/sources_1/bd/image_filter/ipshared/a1a7/hdl/axi_crossbar_v2_1_vl_rfs.v:790]
INFO: [Synth 8-6155] done synthesizing module 'axi_crossbar_v2_1_37_addr_decoder__parameterized2' (0#1) [/home/kowalski/Desktop/ETF/CETVRTA-GODINA/DVS/dvs25_projekat_g6/dvs25_projekat_g6.gen/sources_1/bd/image_filter/ipshared/a1a7/hdl/axi_crossbar_v2_1_vl_rfs.v:790]
INFO: [Synth 8-6157] synthesizing module 'axi_data_fifo_v2_1_35_axic_srl_fifo__parameterized1' [/home/kowalski/Desktop/ETF/CETVRTA-GODINA/DVS/dvs25_projekat_g6/dvs25_projekat_g6.gen/sources_1/bd/image_filter/ipshared/4846/hdl/axi_data_fifo_v2_1_vl_rfs.v:694]
INFO: [Synth 8-6157] synthesizing module 'axi_data_fifo_v2_1_35_ndeep_srl__parameterized2' [/home/kowalski/Desktop/ETF/CETVRTA-GODINA/DVS/dvs25_projekat_g6/dvs25_projekat_g6.gen/sources_1/bd/image_filter/ipshared/4846/hdl/axi_data_fifo_v2_1_vl_rfs.v:1129]
INFO: [Synth 8-6155] done synthesizing module 'axi_data_fifo_v2_1_35_ndeep_srl__parameterized2' (0#1) [/home/kowalski/Desktop/ETF/CETVRTA-GODINA/DVS/dvs25_projekat_g6/dvs25_projekat_g6.gen/sources_1/bd/image_filter/ipshared/4846/hdl/axi_data_fifo_v2_1_vl_rfs.v:1129]
INFO: [Synth 8-6155] done synthesizing module 'axi_data_fifo_v2_1_35_axic_srl_fifo__parameterized1' (0#1) [/home/kowalski/Desktop/ETF/CETVRTA-GODINA/DVS/dvs25_projekat_g6/dvs25_projekat_g6.gen/sources_1/bd/image_filter/ipshared/4846/hdl/axi_data_fifo_v2_1_vl_rfs.v:694]
INFO: [Synth 8-6157] synthesizing module 'axi_crossbar_v2_1_37_wdata_mux__parameterized0' [/home/kowalski/Desktop/ETF/CETVRTA-GODINA/DVS/dvs25_projekat_g6/dvs25_projekat_g6.gen/sources_1/bd/image_filter/ipshared/a1a7/hdl/axi_crossbar_v2_1_vl_rfs.v:4550]
INFO: [Synth 8-6157] synthesizing module 'axi_data_fifo_v2_1_35_axic_reg_srl_fifo__parameterized1' [/home/kowalski/Desktop/ETF/CETVRTA-GODINA/DVS/dvs25_projekat_g6/dvs25_projekat_g6.gen/sources_1/bd/image_filter/ipshared/4846/hdl/axi_data_fifo_v2_1_vl_rfs.v:884]
INFO: [Synth 8-155] case statement is not full and has no default [/home/kowalski/Desktop/ETF/CETVRTA-GODINA/DVS/dvs25_projekat_g6/dvs25_projekat_g6.gen/sources_1/bd/image_filter/ipshared/4846/hdl/axi_data_fifo_v2_1_vl_rfs.v:982]
INFO: [Synth 8-6155] done synthesizing module 'axi_data_fifo_v2_1_35_axic_reg_srl_fifo__parameterized1' (0#1) [/home/kowalski/Desktop/ETF/CETVRTA-GODINA/DVS/dvs25_projekat_g6/dvs25_projekat_g6.gen/sources_1/bd/image_filter/ipshared/4846/hdl/axi_data_fifo_v2_1_vl_rfs.v:884]
INFO: [Synth 8-6155] done synthesizing module 'axi_crossbar_v2_1_37_wdata_mux__parameterized0' (0#1) [/home/kowalski/Desktop/ETF/CETVRTA-GODINA/DVS/dvs25_projekat_g6/dvs25_projekat_g6.gen/sources_1/bd/image_filter/ipshared/a1a7/hdl/axi_crossbar_v2_1_vl_rfs.v:4550]
WARNING: [Synth 8-7071] port 'aclk2x' of module 'axi_register_slice_v2_1_35_axi_register_slice' is unconnected for instance 'reg_slice_mi' [/home/kowalski/Desktop/ETF/CETVRTA-GODINA/DVS/dvs25_projekat_g6/dvs25_projekat_g6.gen/sources_1/bd/image_filter/ipshared/a1a7/hdl/axi_crossbar_v2_1_vl_rfs.v:3116]
WARNING: [Synth 8-7023] instance 'reg_slice_mi' of module 'axi_register_slice_v2_1_35_axi_register_slice' has 93 connections declared, but only 92 given [/home/kowalski/Desktop/ETF/CETVRTA-GODINA/DVS/dvs25_projekat_g6/dvs25_projekat_g6.gen/sources_1/bd/image_filter/ipshared/a1a7/hdl/axi_crossbar_v2_1_vl_rfs.v:3116]
INFO: [Synth 8-6157] synthesizing module 'axi_crossbar_v2_1_37_decerr_slave' [/home/kowalski/Desktop/ETF/CETVRTA-GODINA/DVS/dvs25_projekat_g6/dvs25_projekat_g6.gen/sources_1/bd/image_filter/ipshared/a1a7/hdl/axi_crossbar_v2_1_vl_rfs.v:3493]
INFO: [Synth 8-155] case statement is not full and has no default [/home/kowalski/Desktop/ETF/CETVRTA-GODINA/DVS/dvs25_projekat_g6/dvs25_projekat_g6.gen/sources_1/bd/image_filter/ipshared/a1a7/hdl/axi_crossbar_v2_1_vl_rfs.v:3626]
INFO: [Synth 8-6155] done synthesizing module 'axi_crossbar_v2_1_37_decerr_slave' (0#1) [/home/kowalski/Desktop/ETF/CETVRTA-GODINA/DVS/dvs25_projekat_g6/dvs25_projekat_g6.gen/sources_1/bd/image_filter/ipshared/a1a7/hdl/axi_crossbar_v2_1_vl_rfs.v:3493]
INFO: [Synth 8-6157] synthesizing module 'axi_crossbar_v2_1_37_addr_arbiter' [/home/kowalski/Desktop/ETF/CETVRTA-GODINA/DVS/dvs25_projekat_g6/dvs25_projekat_g6.gen/sources_1/bd/image_filter/ipshared/a1a7/hdl/axi_crossbar_v2_1_vl_rfs.v:420]
INFO: [Synth 8-6157] synthesizing module 'generic_baseblocks_v2_1_2_mux_enc__parameterized2' [/home/kowalski/Desktop/ETF/CETVRTA-GODINA/DVS/dvs25_projekat_g6/dvs25_projekat_g6.gen/sources_1/bd/image_filter/ipshared/0c28/hdl/generic_baseblocks_v2_1_vl_rfs.v:2436]
INFO: [Synth 8-6155] done synthesizing module 'generic_baseblocks_v2_1_2_mux_enc__parameterized2' (0#1) [/home/kowalski/Desktop/ETF/CETVRTA-GODINA/DVS/dvs25_projekat_g6/dvs25_projekat_g6.gen/sources_1/bd/image_filter/ipshared/0c28/hdl/generic_baseblocks_v2_1_vl_rfs.v:2436]
INFO: [Synth 8-6157] synthesizing module 'generic_baseblocks_v2_1_2_mux_enc__parameterized3' [/home/kowalski/Desktop/ETF/CETVRTA-GODINA/DVS/dvs25_projekat_g6/dvs25_projekat_g6.gen/sources_1/bd/image_filter/ipshared/0c28/hdl/generic_baseblocks_v2_1_vl_rfs.v:2436]
INFO: [Synth 8-6155] done synthesizing module 'generic_baseblocks_v2_1_2_mux_enc__parameterized3' (0#1) [/home/kowalski/Desktop/ETF/CETVRTA-GODINA/DVS/dvs25_projekat_g6/dvs25_projekat_g6.gen/sources_1/bd/image_filter/ipshared/0c28/hdl/generic_baseblocks_v2_1_vl_rfs.v:2436]
INFO: [Synth 8-6155] done synthesizing module 'axi_crossbar_v2_1_37_addr_arbiter' (0#1) [/home/kowalski/Desktop/ETF/CETVRTA-GODINA/DVS/dvs25_projekat_g6/dvs25_projekat_g6.gen/sources_1/bd/image_filter/ipshared/a1a7/hdl/axi_crossbar_v2_1_vl_rfs.v:420]
INFO: [Synth 8-6155] done synthesizing module 'axi_crossbar_v2_1_37_crossbar' (0#1) [/home/kowalski/Desktop/ETF/CETVRTA-GODINA/DVS/dvs25_projekat_g6/dvs25_projekat_g6.gen/sources_1/bd/image_filter/ipshared/a1a7/hdl/axi_crossbar_v2_1_vl_rfs.v:2232]
INFO: [Synth 8-6155] done synthesizing module 'axi_crossbar_v2_1_37_axi_crossbar' (0#1) [/home/kowalski/Desktop/ETF/CETVRTA-GODINA/DVS/dvs25_projekat_g6/dvs25_projekat_g6.gen/sources_1/bd/image_filter/ipshared/a1a7/hdl/axi_crossbar_v2_1_vl_rfs.v:4871]
INFO: [Synth 8-6155] done synthesizing module 'image_filter_axi_mem_intercon_imp_xbar_0' (0#1) [/home/kowalski/Desktop/ETF/CETVRTA-GODINA/DVS/dvs25_projekat_g6/dvs25_projekat_g6.gen/sources_1/bd/image_filter/ip/image_filter_axi_mem_intercon_imp_xbar_0/synth/image_filter_axi_mem_intercon_imp_xbar_0.v:53]
WARNING: [Synth 8-6014] Unused sequential element areset_d1_reg was removed.  [/home/kowalski/Desktop/ETF/CETVRTA-GODINA/DVS/dvs25_projekat_g6/dvs25_projekat_g6.gen/sources_1/bd/image_filter/ipshared/4846/hdl/axi_data_fifo_v2_1_vl_rfs.v:747]
WARNING: [Synth 8-6014] Unused sequential element S_READY_i_reg was removed.  [/home/kowalski/Desktop/ETF/CETVRTA-GODINA/DVS/dvs25_projekat_g6/dvs25_projekat_g6.gen/sources_1/bd/image_filter/ipshared/4846/hdl/axi_data_fifo_v2_1_vl_rfs.v:786]
WARNING: [Synth 8-6014] Unused sequential element gen_single_thread.gen_debug_r_single_thread.debug_r_beat_cnt_i_reg was removed.  [/home/kowalski/Desktop/ETF/CETVRTA-GODINA/DVS/dvs25_projekat_g6/dvs25_projekat_g6.gen/sources_1/bd/image_filter/ipshared/a1a7/hdl/axi_crossbar_v2_1_vl_rfs.v:4184]
WARNING: [Synth 8-6014] Unused sequential element gen_single_thread.active_id_reg was removed.  [/home/kowalski/Desktop/ETF/CETVRTA-GODINA/DVS/dvs25_projekat_g6/dvs25_projekat_g6.gen/sources_1/bd/image_filter/ipshared/a1a7/hdl/axi_crossbar_v2_1_vl_rfs.v:4142]
WARNING: [Synth 8-6014] Unused sequential element gen_single_thread.gen_debug_r_single_thread.debug_r_beat_cnt_i_reg was removed.  [/home/kowalski/Desktop/ETF/CETVRTA-GODINA/DVS/dvs25_projekat_g6/dvs25_projekat_g6.gen/sources_1/bd/image_filter/ipshared/a1a7/hdl/axi_crossbar_v2_1_vl_rfs.v:4184]
WARNING: [Synth 8-6014] Unused sequential element gen_single_thread.active_id_reg was removed.  [/home/kowalski/Desktop/ETF/CETVRTA-GODINA/DVS/dvs25_projekat_g6/dvs25_projekat_g6.gen/sources_1/bd/image_filter/ipshared/a1a7/hdl/axi_crossbar_v2_1_vl_rfs.v:4142]
WARNING: [Synth 8-6014] Unused sequential element areset_d1_reg was removed.  [/home/kowalski/Desktop/ETF/CETVRTA-GODINA/DVS/dvs25_projekat_g6/dvs25_projekat_g6.gen/sources_1/bd/image_filter/ipshared/4846/hdl/axi_data_fifo_v2_1_vl_rfs.v:747]
WARNING: [Synth 8-6014] Unused sequential element S_READY_i_reg was removed.  [/home/kowalski/Desktop/ETF/CETVRTA-GODINA/DVS/dvs25_projekat_g6/dvs25_projekat_g6.gen/sources_1/bd/image_filter/ipshared/4846/hdl/axi_data_fifo_v2_1_vl_rfs.v:786]
WARNING: [Synth 8-6014] Unused sequential element s_ready_i_reg was removed.  [/home/kowalski/Desktop/ETF/CETVRTA-GODINA/DVS/dvs25_projekat_g6/dvs25_projekat_g6.gen/sources_1/bd/image_filter/ipshared/4846/hdl/axi_data_fifo_v2_1_vl_rfs.v:1034]
WARNING: [Synth 8-6014] Unused sequential element areset_d1_reg was removed.  [/home/kowalski/Desktop/ETF/CETVRTA-GODINA/DVS/dvs25_projekat_g6/dvs25_projekat_g6.gen/sources_1/bd/image_filter/ipshared/4846/hdl/axi_data_fifo_v2_1_vl_rfs.v:747]
WARNING: [Synth 8-6014] Unused sequential element S_READY_i_reg was removed.  [/home/kowalski/Desktop/ETF/CETVRTA-GODINA/DVS/dvs25_projekat_g6/dvs25_projekat_g6.gen/sources_1/bd/image_filter/ipshared/4846/hdl/axi_data_fifo_v2_1_vl_rfs.v:786]
WARNING: [Synth 8-6014] Unused sequential element s_ready_i_reg was removed.  [/home/kowalski/Desktop/ETF/CETVRTA-GODINA/DVS/dvs25_projekat_g6/dvs25_projekat_g6.gen/sources_1/bd/image_filter/ipshared/4846/hdl/axi_data_fifo_v2_1_vl_rfs.v:1034]
WARNING: [Synth 8-6014] Unused sequential element gen_master_slots[0].gen_mi_write.gen_debug_w.debug_w_beat_cnt_i_reg was removed.  [/home/kowalski/Desktop/ETF/CETVRTA-GODINA/DVS/dvs25_projekat_g6/dvs25_projekat_g6.gen/sources_1/bd/image_filter/ipshared/a1a7/hdl/axi_crossbar_v2_1_vl_rfs.v:2991]
WARNING: [Synth 8-6014] Unused sequential element gen_master_slots[1].gen_mi_write.gen_debug_w.debug_w_beat_cnt_i_reg was removed.  [/home/kowalski/Desktop/ETF/CETVRTA-GODINA/DVS/dvs25_projekat_g6/dvs25_projekat_g6.gen/sources_1/bd/image_filter/ipshared/a1a7/hdl/axi_crossbar_v2_1_vl_rfs.v:2991]
WARNING: [Synth 8-7129] Port ACLK in module axi_register_slice_v2_1_35_axic_register_slice is either unconnected or has no load
WARNING: [Synth 8-7129] Port ARESET in module axi_register_slice_v2_1_35_axic_register_slice is either unconnected or has no load
WARNING: [Synth 8-7129] Port ACLK in module axi_register_slice_v2_1_35_axic_register_slice__parameterized0 is either unconnected or has no load
WARNING: [Synth 8-7129] Port ARESET in module axi_register_slice_v2_1_35_axic_register_slice__parameterized0 is either unconnected or has no load
WARNING: [Synth 8-7129] Port m_axi_buser[0] in module axi_infrastructure_v1_1_0_vector2axi is either unconnected or has no load
WARNING: [Synth 8-7129] Port m_axi_ruser[0] in module axi_infrastructure_v1_1_0_vector2axi is either unconnected or has no load
WARNING: [Synth 8-7129] Port s_axi_awuser[0] in module axi_infrastructure_v1_1_0_axi2vector is either unconnected or has no load
WARNING: [Synth 8-7129] Port s_axi_wid[0] in module axi_infrastructure_v1_1_0_axi2vector is either unconnected or has no load
WARNING: [Synth 8-7129] Port s_axi_wuser[0] in module axi_infrastructure_v1_1_0_axi2vector is either unconnected or has no load
WARNING: [Synth 8-7129] Port s_axi_aruser[0] in module axi_infrastructure_v1_1_0_axi2vector is either unconnected or has no load
WARNING: [Synth 8-7129] Port aclk2x in module axi_register_slice_v2_1_35_axi_register_slice is either unconnected or has no load
WARNING: [Synth 8-7129] Port ADDR[1] in module axi_crossbar_v2_1_37_addr_decoder is either unconnected or has no load
WARNING: [Synth 8-7129] Port ADDR[0] in module axi_crossbar_v2_1_37_addr_decoder is either unconnected or has no load
WARNING: [Synth 8-7129] Port S_ABURST[1] in module axi_crossbar_v2_1_37_si_transactor__parameterized0 is either unconnected or has no load
WARNING: [Synth 8-7129] Port S_ABURST[0] in module axi_crossbar_v2_1_37_si_transactor__parameterized0 is either unconnected or has no load
WARNING: [Synth 8-7129] Port S_ABURST[1] in module axi_crossbar_v2_1_37_si_transactor is either unconnected or has no load
WARNING: [Synth 8-7129] Port S_ABURST[0] in module axi_crossbar_v2_1_37_si_transactor is either unconnected or has no load
WARNING: [Synth 8-7129] Port S_AXI_AWID[1] in module axi_crossbar_v2_1_37_crossbar is either unconnected or has no load
WARNING: [Synth 8-7129] Port S_AXI_AWID[0] in module axi_crossbar_v2_1_37_crossbar is either unconnected or has no load
WARNING: [Synth 8-7129] Port S_AXI_AWADDR[31] in module axi_crossbar_v2_1_37_crossbar is either unconnected or has no load
WARNING: [Synth 8-7129] Port S_AXI_AWADDR[30] in module axi_crossbar_v2_1_37_crossbar is either unconnected or has no load
WARNING: [Synth 8-7129] Port S_AXI_AWADDR[29] in module axi_crossbar_v2_1_37_crossbar is either unconnected or has no load
WARNING: [Synth 8-7129] Port S_AXI_AWADDR[28] in module axi_crossbar_v2_1_37_crossbar is either unconnected or has no load
WARNING: [Synth 8-7129] Port S_AXI_AWADDR[27] in module axi_crossbar_v2_1_37_crossbar is either unconnected or has no load
WARNING: [Synth 8-7129] Port S_AXI_AWADDR[26] in module axi_crossbar_v2_1_37_crossbar is either unconnected or has no load
WARNING: [Synth 8-7129] Port S_AXI_AWADDR[25] in module axi_crossbar_v2_1_37_crossbar is either unconnected or has no load
WARNING: [Synth 8-7129] Port S_AXI_AWADDR[24] in module axi_crossbar_v2_1_37_crossbar is either unconnected or has no load
WARNING: [Synth 8-7129] Port S_AXI_AWADDR[23] in module axi_crossbar_v2_1_37_crossbar is either unconnected or has no load
WARNING: [Synth 8-7129] Port S_AXI_AWADDR[22] in module axi_crossbar_v2_1_37_crossbar is either unconnected or has no load
WARNING: [Synth 8-7129] Port S_AXI_AWADDR[21] in module axi_crossbar_v2_1_37_crossbar is either unconnected or has no load
WARNING: [Synth 8-7129] Port S_AXI_AWADDR[20] in module axi_crossbar_v2_1_37_crossbar is either unconnected or has no load
WARNING: [Synth 8-7129] Port S_AXI_AWADDR[19] in module axi_crossbar_v2_1_37_crossbar is either unconnected or has no load
WARNING: [Synth 8-7129] Port S_AXI_AWADDR[18] in module axi_crossbar_v2_1_37_crossbar is either unconnected or has no load
WARNING: [Synth 8-7129] Port S_AXI_AWADDR[17] in module axi_crossbar_v2_1_37_crossbar is either unconnected or has no load
WARNING: [Synth 8-7129] Port S_AXI_AWADDR[16] in module axi_crossbar_v2_1_37_crossbar is either unconnected or has no load
WARNING: [Synth 8-7129] Port S_AXI_AWADDR[15] in module axi_crossbar_v2_1_37_crossbar is either unconnected or has no load
WARNING: [Synth 8-7129] Port S_AXI_AWADDR[14] in module axi_crossbar_v2_1_37_crossbar is either unconnected or has no load
WARNING: [Synth 8-7129] Port S_AXI_AWADDR[13] in module axi_crossbar_v2_1_37_crossbar is either unconnected or has no load
WARNING: [Synth 8-7129] Port S_AXI_AWADDR[12] in module axi_crossbar_v2_1_37_crossbar is either unconnected or has no load
WARNING: [Synth 8-7129] Port S_AXI_AWADDR[11] in module axi_crossbar_v2_1_37_crossbar is either unconnected or has no load
WARNING: [Synth 8-7129] Port S_AXI_AWADDR[10] in module axi_crossbar_v2_1_37_crossbar is either unconnected or has no load
WARNING: [Synth 8-7129] Port S_AXI_AWADDR[9] in module axi_crossbar_v2_1_37_crossbar is either unconnected or has no load
WARNING: [Synth 8-7129] Port S_AXI_AWADDR[8] in module axi_crossbar_v2_1_37_crossbar is either unconnected or has no load
WARNING: [Synth 8-7129] Port S_AXI_AWADDR[7] in module axi_crossbar_v2_1_37_crossbar is either unconnected or has no load
WARNING: [Synth 8-7129] Port S_AXI_AWADDR[6] in module axi_crossbar_v2_1_37_crossbar is either unconnected or has no load
WARNING: [Synth 8-7129] Port S_AXI_AWADDR[5] in module axi_crossbar_v2_1_37_crossbar is either unconnected or has no load
WARNING: [Synth 8-7129] Port S_AXI_AWADDR[4] in module axi_crossbar_v2_1_37_crossbar is either unconnected or has no load
WARNING: [Synth 8-7129] Port S_AXI_AWADDR[3] in module axi_crossbar_v2_1_37_crossbar is either unconnected or has no load
WARNING: [Synth 8-7129] Port S_AXI_AWADDR[2] in module axi_crossbar_v2_1_37_crossbar is either unconnected or has no load
WARNING: [Synth 8-7129] Port S_AXI_AWADDR[1] in module axi_crossbar_v2_1_37_crossbar is either unconnected or has no load
WARNING: [Synth 8-7129] Port S_AXI_AWADDR[0] in module axi_crossbar_v2_1_37_crossbar is either unconnected or has no load
WARNING: [Synth 8-7129] Port S_AXI_AWLEN[7] in module axi_crossbar_v2_1_37_crossbar is either unconnected or has no load
WARNING: [Synth 8-7129] Port S_AXI_AWLEN[6] in module axi_crossbar_v2_1_37_crossbar is either unconnected or has no load
WARNING: [Synth 8-7129] Port S_AXI_AWLEN[5] in module axi_crossbar_v2_1_37_crossbar is either unconnected or has no load
WARNING: [Synth 8-7129] Port S_AXI_AWLEN[4] in module axi_crossbar_v2_1_37_crossbar is either unconnected or has no load
WARNING: [Synth 8-7129] Port S_AXI_AWLEN[3] in module axi_crossbar_v2_1_37_crossbar is either unconnected or has no load
WARNING: [Synth 8-7129] Port S_AXI_AWLEN[2] in module axi_crossbar_v2_1_37_crossbar is either unconnected or has no load
WARNING: [Synth 8-7129] Port S_AXI_AWLEN[1] in module axi_crossbar_v2_1_37_crossbar is either unconnected or has no load
WARNING: [Synth 8-7129] Port S_AXI_AWLEN[0] in module axi_crossbar_v2_1_37_crossbar is either unconnected or has no load
WARNING: [Synth 8-7129] Port S_AXI_AWSIZE[2] in module axi_crossbar_v2_1_37_crossbar is either unconnected or has no load
WARNING: [Synth 8-7129] Port S_AXI_AWSIZE[1] in module axi_crossbar_v2_1_37_crossbar is either unconnected or has no load
WARNING: [Synth 8-7129] Port S_AXI_AWSIZE[0] in module axi_crossbar_v2_1_37_crossbar is either unconnected or has no load
WARNING: [Synth 8-7129] Port S_AXI_AWBURST[1] in module axi_crossbar_v2_1_37_crossbar is either unconnected or has no load
WARNING: [Synth 8-7129] Port S_AXI_AWBURST[0] in module axi_crossbar_v2_1_37_crossbar is either unconnected or has no load
WARNING: [Synth 8-7129] Port S_AXI_AWLOCK[1] in module axi_crossbar_v2_1_37_crossbar is either unconnected or has no load
WARNING: [Synth 8-7129] Port S_AXI_AWLOCK[0] in module axi_crossbar_v2_1_37_crossbar is either unconnected or has no load
WARNING: [Synth 8-7129] Port S_AXI_AWCACHE[3] in module axi_crossbar_v2_1_37_crossbar is either unconnected or has no load
WARNING: [Synth 8-7129] Port S_AXI_AWCACHE[2] in module axi_crossbar_v2_1_37_crossbar is either unconnected or has no load
WARNING: [Synth 8-7129] Port S_AXI_AWCACHE[1] in module axi_crossbar_v2_1_37_crossbar is either unconnected or has no load
WARNING: [Synth 8-7129] Port S_AXI_AWCACHE[0] in module axi_crossbar_v2_1_37_crossbar is either unconnected or has no load
WARNING: [Synth 8-7129] Port S_AXI_AWPROT[2] in module axi_crossbar_v2_1_37_crossbar is either unconnected or has no load
WARNING: [Synth 8-7129] Port S_AXI_AWPROT[1] in module axi_crossbar_v2_1_37_crossbar is either unconnected or has no load
WARNING: [Synth 8-7129] Port S_AXI_AWPROT[0] in module axi_crossbar_v2_1_37_crossbar is either unconnected or has no load
WARNING: [Synth 8-7129] Port S_AXI_AWQOS[3] in module axi_crossbar_v2_1_37_crossbar is either unconnected or has no load
WARNING: [Synth 8-7129] Port S_AXI_AWQOS[2] in module axi_crossbar_v2_1_37_crossbar is either unconnected or has no load
WARNING: [Synth 8-7129] Port S_AXI_AWQOS[1] in module axi_crossbar_v2_1_37_crossbar is either unconnected or has no load
WARNING: [Synth 8-7129] Port S_AXI_AWQOS[0] in module axi_crossbar_v2_1_37_crossbar is either unconnected or has no load
WARNING: [Synth 8-7129] Port S_AXI_AWUSER[0] in module axi_crossbar_v2_1_37_crossbar is either unconnected or has no load
WARNING: [Synth 8-7129] Port S_AXI_AWVALID[0] in module axi_crossbar_v2_1_37_crossbar is either unconnected or has no load
WARNING: [Synth 8-7129] Port S_AXI_WID[1] in module axi_crossbar_v2_1_37_crossbar is either unconnected or has no load
WARNING: [Synth 8-7129] Port S_AXI_WID[0] in module axi_crossbar_v2_1_37_crossbar is either unconnected or has no load
WARNING: [Synth 8-7129] Port S_AXI_WDATA[63] in module axi_crossbar_v2_1_37_crossbar is either unconnected or has no load
WARNING: [Synth 8-7129] Port S_AXI_WDATA[62] in module axi_crossbar_v2_1_37_crossbar is either unconnected or has no load
WARNING: [Synth 8-7129] Port S_AXI_WDATA[61] in module axi_crossbar_v2_1_37_crossbar is either unconnected or has no load
WARNING: [Synth 8-7129] Port S_AXI_WDATA[60] in module axi_crossbar_v2_1_37_crossbar is either unconnected or has no load
WARNING: [Synth 8-7129] Port S_AXI_WDATA[59] in module axi_crossbar_v2_1_37_crossbar is either unconnected or has no load
WARNING: [Synth 8-7129] Port S_AXI_WDATA[58] in module axi_crossbar_v2_1_37_crossbar is either unconnected or has no load
WARNING: [Synth 8-7129] Port S_AXI_WDATA[57] in module axi_crossbar_v2_1_37_crossbar is either unconnected or has no load
WARNING: [Synth 8-7129] Port S_AXI_WDATA[56] in module axi_crossbar_v2_1_37_crossbar is either unconnected or has no load
WARNING: [Synth 8-7129] Port S_AXI_WDATA[55] in module axi_crossbar_v2_1_37_crossbar is either unconnected or has no load
WARNING: [Synth 8-7129] Port S_AXI_WDATA[54] in module axi_crossbar_v2_1_37_crossbar is either unconnected or has no load
WARNING: [Synth 8-7129] Port S_AXI_WDATA[53] in module axi_crossbar_v2_1_37_crossbar is either unconnected or has no load
WARNING: [Synth 8-7129] Port S_AXI_WDATA[52] in module axi_crossbar_v2_1_37_crossbar is either unconnected or has no load
WARNING: [Synth 8-7129] Port S_AXI_WDATA[51] in module axi_crossbar_v2_1_37_crossbar is either unconnected or has no load
WARNING: [Synth 8-7129] Port S_AXI_WDATA[50] in module axi_crossbar_v2_1_37_crossbar is either unconnected or has no load
WARNING: [Synth 8-7129] Port S_AXI_WDATA[49] in module axi_crossbar_v2_1_37_crossbar is either unconnected or has no load
WARNING: [Synth 8-7129] Port S_AXI_WDATA[48] in module axi_crossbar_v2_1_37_crossbar is either unconnected or has no load
WARNING: [Synth 8-7129] Port S_AXI_WDATA[47] in module axi_crossbar_v2_1_37_crossbar is either unconnected or has no load
WARNING: [Synth 8-7129] Port S_AXI_WDATA[46] in module axi_crossbar_v2_1_37_crossbar is either unconnected or has no load
WARNING: [Synth 8-7129] Port S_AXI_WDATA[45] in module axi_crossbar_v2_1_37_crossbar is either unconnected or has no load
INFO: [Common 17-14] Message 'Synth 8-7129' appears 100 times and further instances of the messages will be disabled. Use the Tcl command set_msg_config to change the current settings.
---------------------------------------------------------------------------------
Finished RTL Elaboration : Time (s): cpu = 00:00:12 ; elapsed = 00:00:15 . Memory (MB): peak = 2331.055 ; gain = 634.680 ; free physical = 183 ; free virtual = 2750
---------------------------------------------------------------------------------
---------------------------------------------------------------------------------
Start Handling Custom Attributes
---------------------------------------------------------------------------------
---------------------------------------------------------------------------------
Finished Handling Custom Attributes : Time (s): cpu = 00:00:12 ; elapsed = 00:00:15 . Memory (MB): peak = 2336.992 ; gain = 640.617 ; free physical = 175 ; free virtual = 2743
---------------------------------------------------------------------------------
---------------------------------------------------------------------------------
Finished RTL Optimization Phase 1 : Time (s): cpu = 00:00:12 ; elapsed = 00:00:15 . Memory (MB): peak = 2336.992 ; gain = 640.617 ; free physical = 175 ; free virtual = 2743
---------------------------------------------------------------------------------
Netlist sorting complete. Time (s): cpu = 00:00:00.04 ; elapsed = 00:00:00.04 . Memory (MB): peak = 2342.930 ; gain = 0.000 ; free physical = 170 ; free virtual = 2734
INFO: [Project 1-570] Preparing netlist for logic optimization

Processing XDC Constraints
Initializing timing engine
Parsing XDC File [/home/kowalski/Desktop/ETF/CETVRTA-GODINA/DVS/dvs25_projekat_g6/dvs25_projekat_g6.gen/sources_1/bd/image_filter/ip/image_filter_axi_mem_intercon_imp_xbar_0/image_filter_axi_mem_intercon_imp_xbar_0_ooc.xdc] for cell 'inst'
Finished Parsing XDC File [/home/kowalski/Desktop/ETF/CETVRTA-GODINA/DVS/dvs25_projekat_g6/dvs25_projekat_g6.gen/sources_1/bd/image_filter/ip/image_filter_axi_mem_intercon_imp_xbar_0/image_filter_axi_mem_intercon_imp_xbar_0_ooc.xdc] for cell 'inst'
Parsing XDC File [/home/kowalski/Desktop/ETF/CETVRTA-GODINA/DVS/dvs25_projekat_g6/dvs25_projekat_g6.runs/image_filter_axi_mem_intercon_imp_xbar_0_synth_1/dont_touch.xdc]
Finished Parsing XDC File [/home/kowalski/Desktop/ETF/CETVRTA-GODINA/DVS/dvs25_projekat_g6/dvs25_projekat_g6.runs/image_filter_axi_mem_intercon_imp_xbar_0_synth_1/dont_touch.xdc]
Completed Processing XDC Constraints

Netlist sorting complete. Time (s): cpu = 00:00:00.01 ; elapsed = 00:00:00 . Memory (MB): peak = 2400.762 ; gain = 0.000 ; free physical = 155 ; free virtual = 2656
INFO: [Project 1-111] Unisim Transformation Summary:
No Unisim elements were transformed.

Constraint Validation Runtime : Time (s): cpu = 00:00:00.06 ; elapsed = 00:00:00.05 . Memory (MB): peak = 2400.797 ; gain = 0.000 ; free physical = 152 ; free virtual = 2656
INFO: [Designutils 20-5008] Incremental synthesis strategy off
---------------------------------------------------------------------------------
Finished Constraint Validation : Time (s): cpu = 00:00:20 ; elapsed = 00:00:23 . Memory (MB): peak = 2400.797 ; gain = 704.422 ; free physical = 182 ; free virtual = 2493
---------------------------------------------------------------------------------
---------------------------------------------------------------------------------
Start Loading Part and Timing Information
---------------------------------------------------------------------------------
Loading part: xc7z020clg400-1
---------------------------------------------------------------------------------
Finished Loading Part and Timing Information : Time (s): cpu = 00:00:20 ; elapsed = 00:00:23 . Memory (MB): peak = 2408.766 ; gain = 712.391 ; free physical = 182 ; free virtual = 2493
---------------------------------------------------------------------------------
---------------------------------------------------------------------------------
Start Applying 'set_property' XDC Constraints
---------------------------------------------------------------------------------
---------------------------------------------------------------------------------
Finished applying 'set_property' XDC Constraints : Time (s): cpu = 00:00:20 ; elapsed = 00:00:23 . Memory (MB): peak = 2408.766 ; gain = 712.391 ; free physical = 186 ; free virtual = 2493
---------------------------------------------------------------------------------
INFO: [Synth 8-802] inferred FSM for state register 'state_reg' in module 'axi_data_fifo_v2_1_35_axic_reg_srl_fifo'
INFO: [Synth 8-802] inferred FSM for state register 'state_reg' in module 'axi_data_fifo_v2_1_35_axic_reg_srl_fifo__parameterized0'
INFO: [Synth 8-802] inferred FSM for state register 'state_reg' in module 'axi_data_fifo_v2_1_35_axic_reg_srl_fifo__parameterized1'
INFO: [Synth 8-802] inferred FSM for state register 'gen_axi.write_cs_reg' in module 'axi_crossbar_v2_1_37_decerr_slave'
---------------------------------------------------------------------------------------------------
                   State |                     New Encoding |                Previous Encoding 
---------------------------------------------------------------------------------------------------
                    ZERO |                              100 |                               10
                     ONE |                              010 |                               11
                     TWO |                              001 |                               01
---------------------------------------------------------------------------------------------------
INFO: [Synth 8-3354] encoded FSM with state register 'state_reg' using encoding 'one-hot' in module 'axi_data_fifo_v2_1_35_axic_reg_srl_fifo'
---------------------------------------------------------------------------------------------------
                   State |                     New Encoding |                Previous Encoding 
---------------------------------------------------------------------------------------------------
                    ZERO |                              100 |                               10
                     ONE |                              010 |                               11
                     TWO |                              001 |                               01
---------------------------------------------------------------------------------------------------
INFO: [Synth 8-3354] encoded FSM with state register 'state_reg' using encoding 'one-hot' in module 'axi_data_fifo_v2_1_35_axic_reg_srl_fifo__parameterized0'
---------------------------------------------------------------------------------------------------
                   State |                     New Encoding |                Previous Encoding 
---------------------------------------------------------------------------------------------------
                    ZERO |                              100 |                               10
                     ONE |                              010 |                               11
                     TWO |                              001 |                               01
---------------------------------------------------------------------------------------------------
INFO: [Synth 8-3354] encoded FSM with state register 'state_reg' using encoding 'one-hot' in module 'axi_data_fifo_v2_1_35_axic_reg_srl_fifo__parameterized1'
---------------------------------------------------------------------------------------------------
                   State |                     New Encoding |                Previous Encoding 
---------------------------------------------------------------------------------------------------
            P_WRITE_IDLE |                              001 |                               00
            P_WRITE_DATA |                              010 |                               01
            P_WRITE_RESP |                              100 |                               10
---------------------------------------------------------------------------------------------------
INFO: [Synth 8-3354] encoded FSM with state register 'gen_axi.write_cs_reg' using encoding 'one-hot' in module 'axi_crossbar_v2_1_37_decerr_slave'
---------------------------------------------------------------------------------
Finished RTL Optimization Phase 2 : Time (s): cpu = 00:00:21 ; elapsed = 00:00:24 . Memory (MB): peak = 2408.766 ; gain = 712.391 ; free physical = 241 ; free virtual = 2383
---------------------------------------------------------------------------------
---------------------------------------------------------------------------------
Start RTL Component Statistics 
---------------------------------------------------------------------------------
Detailed RTL Component Info : 
+---Adders : 
	   2 Input    8 Bit       Adders := 3     
	   2 Input    5 Bit       Adders := 4     
	   2 Input    4 Bit       Adders := 3     
	   2 Input    3 Bit       Adders := 3     
	   2 Input    2 Bit       Adders := 3     
	   2 Input    1 Bit       Adders := 2     
+---XORs : 
	   2 Input      1 Bit         XORs := 7     
+---Registers : 
	               68 Bit    Registers := 4     
	               64 Bit    Registers := 2     
	                8 Bit    Registers := 7     
	                5 Bit    Registers := 4     
	                4 Bit    Registers := 3     
	                3 Bit    Registers := 4     
	                2 Bit    Registers := 20    
	                1 Bit    Registers := 39    
+---Muxes : 
	   2 Input   68 Bit        Muxes := 4     
	   2 Input    8 Bit        Muxes := 1     
	   2 Input    4 Bit        Muxes := 2     
	   3 Input    3 Bit        Muxes := 3     
	   2 Input    3 Bit        Muxes := 10    
	   2 Input    2 Bit        Muxes := 17    
	   2 Input    1 Bit        Muxes := 48    
	   3 Input    1 Bit        Muxes := 17    
---------------------------------------------------------------------------------
Finished RTL Component Statistics 
---------------------------------------------------------------------------------
---------------------------------------------------------------------------------
Start Part Resource Summary
---------------------------------------------------------------------------------
Part Resources:
DSPs: 220 (col length:60)
BRAMs: 280 (col length: RAMB18 60 RAMB36 30)
---------------------------------------------------------------------------------
Finished Part Resource Summary
---------------------------------------------------------------------------------
---------------------------------------------------------------------------------
Start Cross Boundary and Area Optimization
---------------------------------------------------------------------------------
WARNING: [Synth 8-7080] Parallel synthesis criteria is not met
---------------------------------------------------------------------------------
Finished Cross Boundary and Area Optimization : Time (s): cpu = 00:00:24 ; elapsed = 00:00:27 . Memory (MB): peak = 2408.766 ; gain = 712.391 ; free physical = 175 ; free virtual = 1696
---------------------------------------------------------------------------------
---------------------------------------------------------------------------------
Start Applying XDC Timing Constraints
---------------------------------------------------------------------------------
---------------------------------------------------------------------------------
Finished Applying XDC Timing Constraints : Time (s): cpu = 00:00:30 ; elapsed = 00:00:33 . Memory (MB): peak = 2416.766 ; gain = 720.391 ; free physical = 317 ; free virtual = 1837
---------------------------------------------------------------------------------
---------------------------------------------------------------------------------
Start Timing Optimization
---------------------------------------------------------------------------------
---------------------------------------------------------------------------------
Finished Timing Optimization : Time (s): cpu = 00:00:31 ; elapsed = 00:00:34 . Memory (MB): peak = 2463.797 ; gain = 767.422 ; free physical = 172 ; free virtual = 1576
---------------------------------------------------------------------------------
---------------------------------------------------------------------------------
Start Technology Mapping
---------------------------------------------------------------------------------
---------------------------------------------------------------------------------
Finished Technology Mapping : Time (s): cpu = 00:00:31 ; elapsed = 00:00:35 . Memory (MB): peak = 2463.797 ; gain = 767.422 ; free physical = 194 ; free virtual = 1532
---------------------------------------------------------------------------------
---------------------------------------------------------------------------------
Start IO Insertion
---------------------------------------------------------------------------------
---------------------------------------------------------------------------------
Start Flattening Before IO Insertion
---------------------------------------------------------------------------------
---------------------------------------------------------------------------------
Finished Flattening Before IO Insertion
---------------------------------------------------------------------------------
---------------------------------------------------------------------------------
Start Final Netlist Cleanup
---------------------------------------------------------------------------------
---------------------------------------------------------------------------------
Finished Final Netlist Cleanup
---------------------------------------------------------------------------------
---------------------------------------------------------------------------------
Finished IO Insertion : Time (s): cpu = 00:00:35 ; elapsed = 00:00:38 . Memory (MB): peak = 2600.609 ; gain = 904.234 ; free physical = 181 ; free virtual = 1286
---------------------------------------------------------------------------------
---------------------------------------------------------------------------------
Start Renaming Generated Instances
---------------------------------------------------------------------------------
---------------------------------------------------------------------------------
Finished Renaming Generated Instances : Time (s): cpu = 00:00:35 ; elapsed = 00:00:38 . Memory (MB): peak = 2600.609 ; gain = 904.234 ; free physical = 181 ; free virtual = 1286
---------------------------------------------------------------------------------
---------------------------------------------------------------------------------
Start Rebuilding User Hierarchy
---------------------------------------------------------------------------------
---------------------------------------------------------------------------------
Finished Rebuilding User Hierarchy : Time (s): cpu = 00:00:35 ; elapsed = 00:00:38 . Memory (MB): peak = 2600.609 ; gain = 904.234 ; free physical = 165 ; free virtual = 1271
---------------------------------------------------------------------------------
---------------------------------------------------------------------------------
Start Renaming Generated Ports
---------------------------------------------------------------------------------
---------------------------------------------------------------------------------
Finished Renaming Generated Ports : Time (s): cpu = 00:00:35 ; elapsed = 00:00:38 . Memory (MB): peak = 2600.609 ; gain = 904.234 ; free physical = 165 ; free virtual = 1271
---------------------------------------------------------------------------------
---------------------------------------------------------------------------------
Start Handling Custom Attributes
---------------------------------------------------------------------------------
---------------------------------------------------------------------------------
Finished Handling Custom Attributes : Time (s): cpu = 00:00:35 ; elapsed = 00:00:38 . Memory (MB): peak = 2600.609 ; gain = 904.234 ; free physical = 165 ; free virtual = 1266
---------------------------------------------------------------------------------
---------------------------------------------------------------------------------
Start Renaming Generated Nets
---------------------------------------------------------------------------------
---------------------------------------------------------------------------------
Finished Renaming Generated Nets : Time (s): cpu = 00:00:35 ; elapsed = 00:00:38 . Memory (MB): peak = 2600.609 ; gain = 904.234 ; free physical = 165 ; free virtual = 1266
---------------------------------------------------------------------------------
---------------------------------------------------------------------------------
Start Writing Synthesis Report
---------------------------------------------------------------------------------

Report BlackBoxes: 
+-+--------------+----------+
| |BlackBox name |Instances |
+-+--------------+----------+
+-+--------------+----------+

Report Cell Usage: 
+------+--------+------+
|      |Cell    |Count |
+------+--------+------+
|1     |LUT1    |     8|
|2     |LUT2    |   207|
|3     |LUT3    |   103|
|4     |LUT4    |    34|
|5     |LUT5    |    50|
|6     |LUT6    |    54|
|7     |SRLC32E |     3|
|8     |FDRE    |   339|
|9     |FDSE    |    17|
+------+--------+------+
---------------------------------------------------------------------------------
Finished Writing Synthesis Report : Time (s): cpu = 00:00:35 ; elapsed = 00:00:38 . Memory (MB): peak = 2600.609 ; gain = 904.234 ; free physical = 165 ; free virtual = 1265
---------------------------------------------------------------------------------
Synthesis finished with 0 errors, 0 critical warnings and 421 warnings.
Synthesis Optimization Runtime : Time (s): cpu = 00:00:33 ; elapsed = 00:00:36 . Memory (MB): peak = 2600.609 ; gain = 840.430 ; free physical = 214 ; free virtual = 1289
Synthesis Optimization Complete : Time (s): cpu = 00:00:35 ; elapsed = 00:00:38 . Memory (MB): peak = 2600.617 ; gain = 904.234 ; free physical = 213 ; free virtual = 1288
INFO: [Project 1-571] Translating synthesized netlist
Netlist sorting complete. Time (s): cpu = 00:00:00.02 ; elapsed = 00:00:00.02 . Memory (MB): peak = 2600.617 ; gain = 0.000 ; free physical = 170 ; free virtual = 1246
INFO: [Project 1-570] Preparing netlist for logic optimization
INFO: [Opt 31-138] Pushed 0 inverter(s) to 0 load pin(s).
Netlist sorting complete. Time (s): cpu = 00:00:00 ; elapsed = 00:00:00 . Memory (MB): peak = 2656.637 ; gain = 0.000 ; free physical = 632 ; free virtual = 1685
INFO: [Project 1-111] Unisim Transformation Summary:
No Unisim elements were transformed.

Synth Design complete | Checksum: a27ddfad
INFO: [Common 17-83] Releasing license: Synthesis
106 Infos, 121 Warnings, 0 Critical Warnings and 0 Errors encountered.
synth_design completed successfully
synth_design: Time (s): cpu = 00:00:42 ; elapsed = 00:00:43 . Memory (MB): peak = 2656.672 ; gain = 1103.188 ; free physical = 631 ; free virtual = 1685
INFO: [Common 17-2834] synth_design peak Physical Memory [PSS] (MB): overall = 1407.301; main = 1260.313; forked = 182.154
INFO: [Common 17-2834] synth_design peak Virtual Memory [VSS] (MB): overall = 3374.801; main = 2656.641; forked = 966.031
Write ShapeDB Complete: Time (s): cpu = 00:00:00 ; elapsed = 00:00:00 . Memory (MB): peak = 2680.648 ; gain = 0.000 ; free physical = 613 ; free virtual = 1669
INFO: [Common 17-1381] The checkpoint '/home/kowalski/Desktop/ETF/CETVRTA-GODINA/DVS/dvs25_projekat_g6/dvs25_projekat_g6.runs/image_filter_axi_mem_intercon_imp_xbar_0_synth_1/image_filter_axi_mem_intercon_imp_xbar_0.dcp' has been generated.
INFO: [Coretcl 2-1648] Added synthesis output to IP cache for IP image_filter_axi_mem_intercon_imp_xbar_0, cache-ID = 56620a667232c5da
INFO: [Coretcl 2-1174] Renamed 24 cell refs.
Write ShapeDB Complete: Time (s): cpu = 00:00:00.01 ; elapsed = 00:00:00 . Memory (MB): peak = 2680.648 ; gain = 0.000 ; free physical = 548 ; free virtual = 1637
INFO: [Common 17-1381] The checkpoint '/home/kowalski/Desktop/ETF/CETVRTA-GODINA/DVS/dvs25_projekat_g6/dvs25_projekat_g6.runs/image_filter_axi_mem_intercon_imp_xbar_0_synth_1/image_filter_axi_mem_intercon_imp_xbar_0.dcp' has been generated.
INFO: [Vivado 12-24828] Executing command : report_utilization -file image_filter_axi_mem_intercon_imp_xbar_0_utilization_synth.rpt -pb image_filter_axi_mem_intercon_imp_xbar_0_utilization_synth.pb
INFO: [Common 17-206] Exiting Vivado at Sun Apr 19 14:51:51 2026...
